2025-11-29 11:06:36 - INFO - ============================================================
2025-11-29 11:06:36 - INFO - 开始训练模型：alexnet
2025-11-29 11:06:36 - INFO - 训练配置：{'train_csv': 'E:\\eyes__disease\\dataset\\Training_Set\\RFMiD_Training_Labels.csv', 'train_img': 'E:\\eyes__disease\\dataset\\Training_Set\\Training', 'val_csv': 'E:\\eyes__disease\\dataset\\Evaluation_Set\\RFMiD_Validation_Labels.csv', 'val_img': 'E:\\eyes__disease\\dataset\\Evaluation_Set\\Validation', 'test_csv': 'E:\\eyes__disease\\dataset\\Test_Set\\RFMiD_Testing_Labels.csv', 'test_img': 'E:\\eyes__disease\\dataset\\Test_Set\\Test', 'img_size': (224, 224), 'batch_size': 16, 'num_workers': 12, 'img_ext': '.png', 'epochs': 30, 'lr': 0.0001, 'weight_decay': 1e-05, 'device': 'cuda', 'output_dir': 'model_comparison_results', 'models_to_train': ['alexnet']}
2025-11-29 11:06:36 - INFO - ============================================================

2025-11-29 11:06:36 - INFO - ✅ DataLoader创建完成：
2025-11-29 11:06:36 - INFO -  - 训练集：1920样本 | 120批次
2025-11-29 11:06:36 - INFO -  - 验证集：640样本 | 20批次
2025-11-29 11:06:36 - INFO -  - 测试集：640样本 | 20批次
2025-11-29 11:06:36 - INFO - 🔧 初始化模型：alexnet
2025-11-29 11:06:44 - INFO - ✅ 模型细节：AlexNet（2012）| 预训练权重 | ReLU+Dropout+GPU适配
2025-11-29 11:06:44 - INFO - ✅ 模型初始化完成，设备：cuda
2025-11-29 11:06:44 - INFO - 
======================================== Epoch 1/30 ========================================
2025-11-29 11:07:18 - INFO - Epoch [1/30] | Batch [10/120] | Loss: 0.4905
2025-11-29 11:07:19 - INFO - Epoch [1/30] | Batch [20/120] | Loss: 0.3048
2025-11-29 11:07:21 - INFO - Epoch [1/30] | Batch [30/120] | Loss: 0.2306
2025-11-29 11:07:22 - INFO - Epoch [1/30] | Batch [40/120] | Loss: 0.5757
2025-11-29 11:07:24 - INFO - Epoch [1/30] | Batch [50/120] | Loss: 0.2069
2025-11-29 11:07:24 - INFO - Epoch [1/30] | Batch [60/120] | Loss: 0.3431
2025-11-29 11:07:26 - INFO - Epoch [1/30] | Batch [70/120] | Loss: 0.2868
2025-11-29 11:07:27 - INFO - Epoch [1/30] | Batch [80/120] | Loss: 0.3547
2025-11-29 11:07:28 - INFO - Epoch [1/30] | Batch [90/120] | Loss: 0.3400
2025-11-29 11:07:29 - INFO - Epoch [1/30] | Batch [100/120] | Loss: 0.3211
2025-11-29 11:07:31 - INFO - Epoch [1/30] | Batch [110/120] | Loss: 0.3596
2025-11-29 11:07:31 - INFO - Epoch [1/30] | Batch [120/120] | Loss: 0.5180
2025-11-29 11:07:32 - INFO - Epoch [1] 训练结果 | Loss: 0.3763 | Precision: 0.8578 | Recall: 0.921 | F1: 0.8883
2025-11-29 11:08:12 - INFO - 
Validation 结果 | Loss: 0.3512 | Precision: 0.9644 | Recall: 0.8024 | F1: 0.8759

2025-11-29 11:08:12 - INFO - ✅ 保存最佳模型（F1: 0.8759）到：model_comparison_results\best_models\alexnet_best.pth
2025-11-29 11:08:12 - INFO - 
======================================== Epoch 2/30 ========================================
2025-11-29 11:08:47 - INFO - Epoch [2/30] | Batch [10/120] | Loss: 0.2603
2025-11-29 11:08:48 - INFO - Epoch [2/30] | Batch [20/120] | Loss: 0.2964
2025-11-29 11:08:49 - INFO - Epoch [2/30] | Batch [30/120] | Loss: 0.5749
2025-11-29 11:08:50 - INFO - Epoch [2/30] | Batch [40/120] | Loss: 0.2998
2025-11-29 11:08:51 - INFO - Epoch [2/30] | Batch [50/120] | Loss: 0.2633
2025-11-29 11:08:53 - INFO - Epoch [2/30] | Batch [60/120] | Loss: 0.4200
2025-11-29 11:08:54 - INFO - Epoch [2/30] | Batch [70/120] | Loss: 0.3949
2025-11-29 11:08:56 - INFO - Epoch [2/30] | Batch [80/120] | Loss: 0.5994
2025-11-29 11:08:56 - INFO - Epoch [2/30] | Batch [90/120] | Loss: 0.4750
2025-11-29 11:08:58 - INFO - Epoch [2/30] | Batch [100/120] | Loss: 0.3485
2025-11-29 11:08:58 - INFO - Epoch [2/30] | Batch [110/120] | Loss: 0.3654
2025-11-29 11:08:59 - INFO - Epoch [2/30] | Batch [120/120] | Loss: 0.0893
2025-11-29 11:09:00 - INFO - Epoch [2] 训练结果 | Loss: 0.3400 | Precision: 0.8696 | Recall: 0.9355 | F1: 0.9014
2025-11-29 11:09:39 - INFO - 
Validation 结果 | Loss: 0.2711 | Precision: 0.8559 | Recall: 0.9743 | F1: 0.9113

2025-11-29 11:09:40 - INFO - ✅ 保存最佳模型（F1: 0.9113）到：model_comparison_results\best_models\alexnet_best.pth
2025-11-29 11:09:40 - INFO - 
======================================== Epoch 3/30 ========================================
2025-11-29 11:10:15 - INFO - Epoch [3/30] | Batch [10/120] | Loss: 0.3982
2025-11-29 11:10:16 - INFO - Epoch [3/30] | Batch [20/120] | Loss: 0.3419
2025-11-29 11:10:17 - INFO - Epoch [3/30] | Batch [30/120] | Loss: 0.2632
2025-11-29 11:10:18 - INFO - Epoch [3/30] | Batch [40/120] | Loss: 0.4841
2025-11-29 11:10:20 - INFO - Epoch [3/30] | Batch [50/120] | Loss: 0.3655
2025-11-29 11:10:20 - INFO - Epoch [3/30] | Batch [60/120] | Loss: 0.2868
2025-11-29 11:10:21 - INFO - Epoch [3/30] | Batch [70/120] | Loss: 0.1629
2025-11-29 11:10:22 - INFO - Epoch [3/30] | Batch [80/120] | Loss: 0.2248
2025-11-29 11:10:24 - INFO - Epoch [3/30] | Batch [90/120] | Loss: 0.2206
2025-11-29 11:10:24 - INFO - Epoch [3/30] | Batch [100/120] | Loss: 0.1751
2025-11-29 11:10:26 - INFO - Epoch [3/30] | Batch [110/120] | Loss: 0.2322
2025-11-29 11:10:26 - INFO - Epoch [3/30] | Batch [120/120] | Loss: 0.6383
2025-11-29 11:10:27 - INFO - Epoch [3] 训练结果 | Loss: 0.3060 | Precision: 0.8904 | Recall: 0.9302 | F1: 0.9099
2025-11-29 11:11:09 - INFO - 
Validation 结果 | Loss: 0.2685 | Precision: 0.868 | Recall: 0.9743 | F1: 0.9181

2025-11-29 11:11:10 - INFO - ✅ 保存最佳模型（F1: 0.9181）到：model_comparison_results\best_models\alexnet_best.pth
2025-11-29 11:11:10 - INFO - 
======================================== Epoch 4/30 ========================================
2025-11-29 11:11:47 - INFO - Epoch [4/30] | Batch [10/120] | Loss: 0.2403
2025-11-29 11:11:48 - INFO - Epoch [4/30] | Batch [20/120] | Loss: 0.1530
2025-11-29 11:11:49 - INFO - Epoch [4/30] | Batch [30/120] | Loss: 0.1483
2025-11-29 11:11:50 - INFO - Epoch [4/30] | Batch [40/120] | Loss: 0.1731
2025-11-29 11:11:51 - INFO - Epoch [4/30] | Batch [50/120] | Loss: 0.4693
2025-11-29 11:11:52 - INFO - Epoch [4/30] | Batch [60/120] | Loss: 0.4241
2025-11-29 11:11:54 - INFO - Epoch [4/30] | Batch [70/120] | Loss: 0.3112
2025-11-29 11:11:55 - INFO - Epoch [4/30] | Batch [80/120] | Loss: 0.3991
2025-11-29 11:11:56 - INFO - Epoch [4/30] | Batch [90/120] | Loss: 0.1769
2025-11-29 11:11:57 - INFO - Epoch [4/30] | Batch [100/120] | Loss: 0.3797
2025-11-29 11:11:58 - INFO - Epoch [4/30] | Batch [110/120] | Loss: 0.2940
2025-11-29 11:11:59 - INFO - Epoch [4/30] | Batch [120/120] | Loss: 0.3666
2025-11-29 11:12:00 - INFO - Epoch [4] 训练结果 | Loss: 0.2979 | Precision: 0.8903 | Recall: 0.9408 | F1: 0.9149
2025-11-29 11:12:42 - INFO - 
Validation 结果 | Loss: 0.2736 | Precision: 0.9143 | Recall: 0.9071 | F1: 0.9107

2025-11-29 11:12:42 - INFO - 
======================================== Epoch 5/30 ========================================
2025-11-29 11:13:18 - INFO - Epoch [5/30] | Batch [10/120] | Loss: 0.2109
2025-11-29 11:13:20 - INFO - Epoch [5/30] | Batch [20/120] | Loss: 0.2708
2025-11-29 11:13:21 - INFO - Epoch [5/30] | Batch [30/120] | Loss: 0.5245
2025-11-29 11:13:22 - INFO - Epoch [5/30] | Batch [40/120] | Loss: 0.1773
2025-11-29 11:13:24 - INFO - Epoch [5/30] | Batch [50/120] | Loss: 0.8341
2025-11-29 11:13:25 - INFO - Epoch [5/30] | Batch [60/120] | Loss: 0.3019
2025-11-29 11:13:26 - INFO - Epoch [5/30] | Batch [70/120] | Loss: 0.3103
2025-11-29 11:13:28 - INFO - Epoch [5/30] | Batch [80/120] | Loss: 0.2091
2025-11-29 11:13:29 - INFO - Epoch [5/30] | Batch [90/120] | Loss: 0.4215
2025-11-29 11:13:29 - INFO - Epoch [5/30] | Batch [100/120] | Loss: 0.1679
2025-11-29 11:13:30 - INFO - Epoch [5/30] | Batch [110/120] | Loss: 0.1597
2025-11-29 11:13:31 - INFO - Epoch [5/30] | Batch [120/120] | Loss: 0.2714
2025-11-29 11:13:32 - INFO - Epoch [5] 训练结果 | Loss: 0.2659 | Precision: 0.9023 | Recall: 0.948 | F1: 0.9246
2025-11-29 11:14:13 - INFO - 
Validation 结果 | Loss: 0.3432 | Precision: 0.9499 | Recall: 0.8617 | F1: 0.9036

2025-11-29 11:14:13 - INFO - 
======================================== Epoch 6/30 ========================================
2025-11-29 11:14:50 - INFO - Epoch [6/30] | Batch [10/120] | Loss: 0.2409
2025-11-29 11:14:51 - INFO - Epoch [6/30] | Batch [20/120] | Loss: 0.2601
2025-11-29 11:14:52 - INFO - Epoch [6/30] | Batch [30/120] | Loss: 0.0955
2025-11-29 11:14:54 - INFO - Epoch [6/30] | Batch [40/120] | Loss: 0.1360
2025-11-29 11:14:55 - INFO - Epoch [6/30] | Batch [50/120] | Loss: 0.1475
2025-11-29 11:14:56 - INFO - Epoch [6/30] | Batch [60/120] | Loss: 0.2717
2025-11-29 11:14:57 - INFO - Epoch [6/30] | Batch [70/120] | Loss: 0.1887
2025-11-29 11:14:58 - INFO - Epoch [6/30] | Batch [80/120] | Loss: 0.3333
2025-11-29 11:14:59 - INFO - Epoch [6/30] | Batch [90/120] | Loss: 0.2022
2025-11-29 11:15:00 - INFO - Epoch [6/30] | Batch [100/120] | Loss: 0.1046
2025-11-29 11:15:01 - INFO - Epoch [6/30] | Batch [110/120] | Loss: 0.8014
2025-11-29 11:15:02 - INFO - Epoch [6/30] | Batch [120/120] | Loss: 0.4082
2025-11-29 11:15:03 - INFO - Epoch [6] 训练结果 | Loss: 0.2457 | Precision: 0.9144 | Recall: 0.9493 | F1: 0.9315
2025-11-29 11:15:44 - INFO - 
Validation 结果 | Loss: 0.3087 | Precision: 0.871 | Recall: 0.9605 | F1: 0.9135

2025-11-29 11:15:44 - INFO - 
======================================== Epoch 7/30 ========================================
2025-11-29 11:16:21 - INFO - Epoch [7/30] | Batch [10/120] | Loss: 0.1787
2025-11-29 11:16:23 - INFO - Epoch [7/30] | Batch [20/120] | Loss: 0.1571
2025-11-29 11:16:24 - INFO - Epoch [7/30] | Batch [30/120] | Loss: 0.0919
2025-11-29 11:16:25 - INFO - Epoch [7/30] | Batch [40/120] | Loss: 0.0662
2025-11-29 11:16:26 - INFO - Epoch [7/30] | Batch [50/120] | Loss: 0.4043
2025-11-29 11:16:27 - INFO - Epoch [7/30] | Batch [60/120] | Loss: 0.1801
2025-11-29 11:16:29 - INFO - Epoch [7/30] | Batch [70/120] | Loss: 0.2345
2025-11-29 11:16:30 - INFO - Epoch [7/30] | Batch [80/120] | Loss: 0.2881
2025-11-29 11:16:31 - INFO - Epoch [7/30] | Batch [90/120] | Loss: 0.2493
2025-11-29 11:16:31 - INFO - Epoch [7/30] | Batch [100/120] | Loss: 0.2135
2025-11-29 11:16:33 - INFO - Epoch [7/30] | Batch [110/120] | Loss: 0.3287
2025-11-29 11:16:33 - INFO - Epoch [7/30] | Batch [120/120] | Loss: 0.2844
2025-11-29 11:16:34 - INFO - Epoch [7] 训练结果 | Loss: 0.2401 | Precision: 0.9147 | Recall: 0.946 | F1: 0.9301
2025-11-29 11:17:16 - INFO - 
Validation 结果 | Loss: 0.3290 | Precision: 0.9062 | Recall: 0.9545 | F1: 0.9297

2025-11-29 11:17:16 - INFO - ✅ 保存最佳模型（F1: 0.9297）到：model_comparison_results\best_models\alexnet_best.pth
2025-11-29 11:17:16 - INFO - 
======================================== Epoch 8/30 ========================================
2025-11-29 11:17:53 - INFO - Epoch [8/30] | Batch [10/120] | Loss: 0.1976
2025-11-29 11:17:55 - INFO - Epoch [8/30] | Batch [20/120] | Loss: 0.4207
2025-11-29 11:17:55 - INFO - Epoch [8/30] | Batch [30/120] | Loss: 0.1621
2025-11-29 11:17:56 - INFO - Epoch [8/30] | Batch [40/120] | Loss: 0.4892
2025-11-29 11:17:58 - INFO - Epoch [8/30] | Batch [50/120] | Loss: 0.0913
2025-11-29 11:17:59 - INFO - Epoch [8/30] | Batch [60/120] | Loss: 0.2069
2025-11-29 11:18:00 - INFO - Epoch [8/30] | Batch [70/120] | Loss: 0.2095
2025-11-29 11:18:01 - INFO - Epoch [8/30] | Batch [80/120] | Loss: 0.1839
2025-11-29 11:18:02 - INFO - Epoch [8/30] | Batch [90/120] | Loss: 0.1270
2025-11-29 11:18:03 - INFO - Epoch [8/30] | Batch [100/120] | Loss: 0.1048
2025-11-29 11:18:04 - INFO - Epoch [8/30] | Batch [110/120] | Loss: 0.2352
2025-11-29 11:18:05 - INFO - Epoch [8/30] | Batch [120/120] | Loss: 0.3083
2025-11-29 11:18:06 - INFO - Epoch [8] 训练结果 | Loss: 0.2479 | Precision: 0.9124 | Recall: 0.9526 | F1: 0.932
2025-11-29 11:18:48 - INFO - 
Validation 结果 | Loss: 0.2655 | Precision: 0.8989 | Recall: 0.9486 | F1: 0.9231

2025-11-29 11:18:48 - INFO - 
======================================== Epoch 9/30 ========================================
2025-11-29 11:19:24 - INFO - Epoch [9/30] | Batch [10/120] | Loss: 0.2703
2025-11-29 11:19:25 - INFO - Epoch [9/30] | Batch [20/120] | Loss: 0.2343
2025-11-29 11:19:27 - INFO - Epoch [9/30] | Batch [30/120] | Loss: 0.0992
2025-11-29 11:19:28 - INFO - Epoch [9/30] | Batch [40/120] | Loss: 0.1342
2025-11-29 11:19:29 - INFO - Epoch [9/30] | Batch [50/120] | Loss: 0.1066
2025-11-29 11:19:29 - INFO - Epoch [9/30] | Batch [60/120] | Loss: 0.1410
2025-11-29 11:19:31 - INFO - Epoch [9/30] | Batch [70/120] | Loss: 0.1177
2025-11-29 11:19:32 - INFO - Epoch [9/30] | Batch [80/120] | Loss: 0.2593
2025-11-29 11:19:33 - INFO - Epoch [9/30] | Batch [90/120] | Loss: 0.2217
2025-11-29 11:19:35 - INFO - Epoch [9/30] | Batch [100/120] | Loss: 0.1609
2025-11-29 11:19:35 - INFO - Epoch [9/30] | Batch [110/120] | Loss: 0.2337
2025-11-29 11:19:36 - INFO - Epoch [9/30] | Batch [120/120] | Loss: 0.1881
2025-11-29 11:19:37 - INFO - Epoch [9] 训练结果 | Loss: 0.1999 | Precision: 0.9243 | Recall: 0.948 | F1: 0.936
2025-11-29 11:20:19 - INFO - 
Validation 结果 | Loss: 0.3024 | Precision: 0.9168 | Recall: 0.915 | F1: 0.9159

2025-11-29 11:20:19 - INFO - 
======================================== Epoch 10/30 ========================================
2025-11-29 11:20:56 - INFO - Epoch [10/30] | Batch [10/120] | Loss: 0.2263
2025-11-29 11:20:57 - INFO - Epoch [10/30] | Batch [20/120] | Loss: 0.3281
2025-11-29 11:20:58 - INFO - Epoch [10/30] | Batch [30/120] | Loss: 0.0397
2025-11-29 11:20:59 - INFO - Epoch [10/30] | Batch [40/120] | Loss: 0.1188
2025-11-29 11:21:00 - INFO - Epoch [10/30] | Batch [50/120] | Loss: 0.0765
2025-11-29 11:21:02 - INFO - Epoch [10/30] | Batch [60/120] | Loss: 0.1103
2025-11-29 11:21:04 - INFO - Epoch [10/30] | Batch [70/120] | Loss: 0.1843
2025-11-29 11:21:05 - INFO - Epoch [10/30] | Batch [80/120] | Loss: 0.1100
2025-11-29 11:21:05 - INFO - Epoch [10/30] | Batch [90/120] | Loss: 0.1993
2025-11-29 11:21:07 - INFO - Epoch [10/30] | Batch [100/120] | Loss: 0.1768
2025-11-29 11:21:08 - INFO - Epoch [10/30] | Batch [110/120] | Loss: 0.0764
2025-11-29 11:21:09 - INFO - Epoch [10/30] | Batch [120/120] | Loss: 0.1721
2025-11-29 11:21:10 - INFO - Epoch [10] 训练结果 | Loss: 0.1727 | Precision: 0.9379 | Recall: 0.9539 | F1: 0.9458
2025-11-29 11:21:52 - INFO - 
Validation 结果 | Loss: 0.3120 | Precision: 0.9449 | Recall: 0.8814 | F1: 0.9121

2025-11-29 11:21:52 - INFO - 
======================================== Epoch 11/30 ========================================
2025-11-29 11:22:29 - INFO - Epoch [11/30] | Batch [10/120] | Loss: 0.1853
2025-11-29 11:22:30 - INFO - Epoch [11/30] | Batch [20/120] | Loss: 0.1133
2025-11-29 11:22:31 - INFO - Epoch [11/30] | Batch [30/120] | Loss: 0.3086
2025-11-29 11:22:33 - INFO - Epoch [11/30] | Batch [40/120] | Loss: 0.0697
2025-11-29 11:22:34 - INFO - Epoch [11/30] | Batch [50/120] | Loss: 0.1318
2025-11-29 11:22:35 - INFO - Epoch [11/30] | Batch [60/120] | Loss: 0.3116
2025-11-29 11:22:36 - INFO - Epoch [11/30] | Batch [70/120] | Loss: 0.3019
2025-11-29 11:22:37 - INFO - Epoch [11/30] | Batch [80/120] | Loss: 0.0453
2025-11-29 11:22:38 - INFO - Epoch [11/30] | Batch [90/120] | Loss: 0.1582
2025-11-29 11:22:39 - INFO - Epoch [11/30] | Batch [100/120] | Loss: 0.1813
2025-11-29 11:22:40 - INFO - Epoch [11/30] | Batch [110/120] | Loss: 0.2441
2025-11-29 11:22:41 - INFO - Epoch [11/30] | Batch [120/120] | Loss: 0.0871
2025-11-29 11:22:42 - INFO - Epoch [11] 训练结果 | Loss: 0.1715 | Precision: 0.9481 | Recall: 0.9493 | F1: 0.9487
2025-11-29 11:23:24 - INFO - 
Validation 结果 | Loss: 0.3198 | Precision: 0.9441 | Recall: 0.9012 | F1: 0.9221

2025-11-29 11:23:24 - INFO - 
======================================== Epoch 12/30 ========================================
2025-11-29 11:24:00 - INFO - Epoch [12/30] | Batch [10/120] | Loss: 0.1283
2025-11-29 11:24:02 - INFO - Epoch [12/30] | Batch [20/120] | Loss: 0.1663
2025-11-29 11:24:03 - INFO - Epoch [12/30] | Batch [30/120] | Loss: 0.2382
2025-11-29 11:24:05 - INFO - Epoch [12/30] | Batch [40/120] | Loss: 0.0765
2025-11-29 11:24:05 - INFO - Epoch [12/30] | Batch [50/120] | Loss: 0.2623
2025-11-29 11:24:06 - INFO - Epoch [12/30] | Batch [60/120] | Loss: 0.3192
2025-11-29 11:24:08 - INFO - Epoch [12/30] | Batch [70/120] | Loss: 0.1735
2025-11-29 11:24:09 - INFO - Epoch [12/30] | Batch [80/120] | Loss: 0.0626
2025-11-29 11:24:10 - INFO - Epoch [12/30] | Batch [90/120] | Loss: 0.2032
2025-11-29 11:24:12 - INFO - Epoch [12/30] | Batch [100/120] | Loss: 0.1524
2025-11-29 11:24:12 - INFO - Epoch [12/30] | Batch [110/120] | Loss: 0.0930
2025-11-29 11:24:13 - INFO - Epoch [12/30] | Batch [120/120] | Loss: 0.3646
2025-11-29 11:24:14 - INFO - Epoch [12] 训练结果 | Loss: 0.1760 | Precision: 0.9417 | Recall: 0.9566 | F1: 0.9491
2025-11-29 11:24:56 - INFO - 
Validation 结果 | Loss: 0.3282 | Precision: 0.936 | Recall: 0.8953 | F1: 0.9152

2025-11-29 11:24:56 - INFO - 
======================================== Epoch 13/30 ========================================
2025-11-29 11:25:33 - INFO - Epoch [13/30] | Batch [10/120] | Loss: 0.2747
2025-11-29 11:25:34 - INFO - Epoch [13/30] | Batch [20/120] | Loss: 0.1309
2025-11-29 11:25:36 - INFO - Epoch [13/30] | Batch [30/120] | Loss: 0.2679
2025-11-29 11:25:37 - INFO - Epoch [13/30] | Batch [40/120] | Loss: 0.0657
2025-11-29 11:25:38 - INFO - Epoch [13/30] | Batch [50/120] | Loss: 0.2738
2025-11-29 11:25:39 - INFO - Epoch [13/30] | Batch [60/120] | Loss: 0.1354
2025-11-29 11:25:40 - INFO - Epoch [13/30] | Batch [70/120] | Loss: 0.1917
2025-11-29 11:25:41 - INFO - Epoch [13/30] | Batch [80/120] | Loss: 0.1821
2025-11-29 11:25:43 - INFO - Epoch [13/30] | Batch [90/120] | Loss: 0.0472
2025-11-29 11:25:44 - INFO - Epoch [13/30] | Batch [100/120] | Loss: 0.2388
2025-11-29 11:25:45 - INFO - Epoch [13/30] | Batch [110/120] | Loss: 0.2006
2025-11-29 11:25:45 - INFO - Epoch [13/30] | Batch [120/120] | Loss: 0.2327
2025-11-29 11:25:46 - INFO - Epoch [13] 训练结果 | Loss: 0.1449 | Precision: 0.9567 | Recall: 0.9592 | F1: 0.9579
2025-11-29 11:26:29 - INFO - 
Validation 结果 | Loss: 0.3307 | Precision: 0.9369 | Recall: 0.9091 | F1: 0.9228

2025-11-29 11:26:29 - INFO - 
======================================== Epoch 14/30 ========================================
2025-11-29 11:27:04 - INFO - Epoch [14/30] | Batch [10/120] | Loss: 0.1482
2025-11-29 11:27:06 - INFO - Epoch [14/30] | Batch [20/120] | Loss: 0.0972
2025-11-29 11:27:07 - INFO - Epoch [14/30] | Batch [30/120] | Loss: 0.3287
2025-11-29 11:27:09 - INFO - Epoch [14/30] | Batch [40/120] | Loss: 0.2490
2025-11-29 11:27:10 - INFO - Epoch [14/30] | Batch [50/120] | Loss: 0.2789
2025-11-29 11:27:10 - INFO - Epoch [14/30] | Batch [60/120] | Loss: 0.0195
2025-11-29 11:27:11 - INFO - Epoch [14/30] | Batch [70/120] | Loss: 0.0342
2025-11-29 11:27:13 - INFO - Epoch [14/30] | Batch [80/120] | Loss: 0.0607
2025-11-29 11:27:14 - INFO - Epoch [14/30] | Batch [90/120] | Loss: 0.0774
2025-11-29 11:27:15 - INFO - Epoch [14/30] | Batch [100/120] | Loss: 0.0267
2025-11-29 11:27:16 - INFO - Epoch [14/30] | Batch [110/120] | Loss: 0.1829
2025-11-29 11:27:17 - INFO - Epoch [14/30] | Batch [120/120] | Loss: 0.0644
2025-11-29 11:27:18 - INFO - Epoch [14] 训练结果 | Loss: 0.1301 | Precision: 0.9584 | Recall: 0.9697 | F1: 0.964
2025-11-29 11:27:59 - INFO - 
Validation 结果 | Loss: 0.3881 | Precision: 0.9493 | Recall: 0.8874 | F1: 0.9173

2025-11-29 11:27:59 - INFO - 
======================================== Epoch 15/30 ========================================
2025-11-29 11:28:35 - INFO - Epoch [15/30] | Batch [10/120] | Loss: 0.0396
2025-11-29 11:28:37 - INFO - Epoch [15/30] | Batch [20/120] | Loss: 0.0806
2025-11-29 11:28:38 - INFO - Epoch [15/30] | Batch [30/120] | Loss: 0.1165
2025-11-29 11:28:40 - INFO - Epoch [15/30] | Batch [40/120] | Loss: 0.1117
2025-11-29 11:28:41 - INFO - Epoch [15/30] | Batch [50/120] | Loss: 0.1390
2025-11-29 11:28:41 - INFO - Epoch [15/30] | Batch [60/120] | Loss: 0.3176
2025-11-29 11:28:43 - INFO - Epoch [15/30] | Batch [70/120] | Loss: 0.0301
2025-11-29 11:28:44 - INFO - Epoch [15/30] | Batch [80/120] | Loss: 0.0987
2025-11-29 11:28:46 - INFO - Epoch [15/30] | Batch [90/120] | Loss: 0.2560
2025-11-29 11:28:47 - INFO - Epoch [15/30] | Batch [100/120] | Loss: 0.1162
2025-11-29 11:28:48 - INFO - Epoch [15/30] | Batch [110/120] | Loss: 0.0242
2025-11-29 11:28:48 - INFO - Epoch [15/30] | Batch [120/120] | Loss: 0.0526
2025-11-29 11:28:49 - INFO - Epoch [15] 训练结果 | Loss: 0.1219 | Precision: 0.9637 | Recall: 0.9612 | F1: 0.9624
2025-11-29 11:29:30 - INFO - 
Validation 结果 | Loss: 0.3687 | Precision: 0.9237 | Recall: 0.9328 | F1: 0.9282

2025-11-29 11:29:30 - INFO - 
======================================== Epoch 16/30 ========================================
2025-11-29 11:30:07 - INFO - Epoch [16/30] | Batch [10/120] | Loss: 0.0361
2025-11-29 11:30:09 - INFO - Epoch [16/30] | Batch [20/120] | Loss: 0.0453
2025-11-29 11:30:09 - INFO - Epoch [16/30] | Batch [30/120] | Loss: 0.1172
2025-11-29 11:30:10 - INFO - Epoch [16/30] | Batch [40/120] | Loss: 0.3153
2025-11-29 11:30:12 - INFO - Epoch [16/30] | Batch [50/120] | Loss: 0.0635
2025-11-29 11:30:12 - INFO - Epoch [16/30] | Batch [60/120] | Loss: 0.1576
2025-11-29 11:30:14 - INFO - Epoch [16/30] | Batch [70/120] | Loss: 0.1863
2025-11-29 11:30:15 - INFO - Epoch [16/30] | Batch [80/120] | Loss: 0.2133
2025-11-29 11:30:16 - INFO - Epoch [16/30] | Batch [90/120] | Loss: 0.0310
2025-11-29 11:30:17 - INFO - Epoch [16/30] | Batch [100/120] | Loss: 0.1763
2025-11-29 11:30:18 - INFO - Epoch [16/30] | Batch [110/120] | Loss: 0.1761
2025-11-29 11:30:19 - INFO - Epoch [16/30] | Batch [120/120] | Loss: 0.0728
2025-11-29 11:30:20 - INFO - Epoch [16] 训练结果 | Loss: 0.1316 | Precision: 0.9646 | Recall: 0.9684 | F1: 0.9665
2025-11-29 11:31:01 - INFO - 
Validation 结果 | Loss: 0.3618 | Precision: 0.9512 | Recall: 0.8854 | F1: 0.9171

2025-11-29 11:31:01 - INFO - 
======================================== Epoch 17/30 ========================================
2025-11-29 11:31:38 - INFO - Epoch [17/30] | Batch [10/120] | Loss: 0.0402
2025-11-29 11:31:39 - INFO - Epoch [17/30] | Batch [20/120] | Loss: 0.0700
2025-11-29 11:31:40 - INFO - Epoch [17/30] | Batch [30/120] | Loss: 0.0060
2025-11-29 11:31:42 - INFO - Epoch [17/30] | Batch [40/120] | Loss: 0.1765
2025-11-29 11:31:43 - INFO - Epoch [17/30] | Batch [50/120] | Loss: 0.0811
2025-11-29 11:31:43 - INFO - Epoch [17/30] | Batch [60/120] | Loss: 0.0343
2025-11-29 11:31:45 - INFO - Epoch [17/30] | Batch [70/120] | Loss: 0.0310
2025-11-29 11:31:46 - INFO - Epoch [17/30] | Batch [80/120] | Loss: 0.1156
2025-11-29 11:31:48 - INFO - Epoch [17/30] | Batch [90/120] | Loss: 0.0326
2025-11-29 11:31:49 - INFO - Epoch [17/30] | Batch [100/120] | Loss: 0.0059
2025-11-29 11:31:50 - INFO - Epoch [17/30] | Batch [110/120] | Loss: 0.1134
2025-11-29 11:31:50 - INFO - Epoch [17/30] | Batch [120/120] | Loss: 0.1660
2025-11-29 11:31:51 - INFO - Epoch [17] 训练结果 | Loss: 0.1052 | Precision: 0.971 | Recall: 0.9704 | F1: 0.9707
2025-11-29 11:32:33 - INFO - 
Validation 结果 | Loss: 0.3990 | Precision: 0.9458 | Recall: 0.8972 | F1: 0.9209

2025-11-29 11:32:33 - INFO - 
======================================== Epoch 18/30 ========================================
2025-11-29 11:33:09 - INFO - Epoch [18/30] | Batch [10/120] | Loss: 0.1050
2025-11-29 11:33:10 - INFO - Epoch [18/30] | Batch [20/120] | Loss: 0.1139
2025-11-29 11:33:12 - INFO - Epoch [18/30] | Batch [30/120] | Loss: 0.3097
2025-11-29 11:33:13 - INFO - Epoch [18/30] | Batch [40/120] | Loss: 0.0059
2025-11-29 11:33:14 - INFO - Epoch [18/30] | Batch [50/120] | Loss: 0.2045
2025-11-29 11:33:15 - INFO - Epoch [18/30] | Batch [60/120] | Loss: 0.0678
2025-11-29 11:33:16 - INFO - Epoch [18/30] | Batch [70/120] | Loss: 0.0893
2025-11-29 11:33:17 - INFO - Epoch [18/30] | Batch [80/120] | Loss: 0.1532
2025-11-29 11:33:18 - INFO - Epoch [18/30] | Batch [90/120] | Loss: 0.0122
2025-11-29 11:33:19 - INFO - Epoch [18/30] | Batch [100/120] | Loss: 0.0330
2025-11-29 11:33:21 - INFO - Epoch [18/30] | Batch [110/120] | Loss: 0.0099
2025-11-29 11:33:22 - INFO - Epoch [18/30] | Batch [120/120] | Loss: 0.1416
2025-11-29 11:33:23 - INFO - Epoch [18] 训练结果 | Loss: 0.0976 | Precision: 0.9693 | Recall: 0.9763 | F1: 0.9728
2025-11-29 11:34:05 - INFO - 
Validation 结果 | Loss: 0.4079 | Precision: 0.9495 | Recall: 0.8913 | F1: 0.9195

2025-11-29 11:34:05 - INFO - 
======================================== Epoch 19/30 ========================================
2025-11-29 11:34:42 - INFO - Epoch [19/30] | Batch [10/120] | Loss: 0.3096
2025-11-29 11:34:43 - INFO - Epoch [19/30] | Batch [20/120] | Loss: 0.0813
2025-11-29 11:34:44 - INFO - Epoch [19/30] | Batch [30/120] | Loss: 0.1083
2025-11-29 11:34:45 - INFO - Epoch [19/30] | Batch [40/120] | Loss: 0.0558
2025-11-29 11:34:46 - INFO - Epoch [19/30] | Batch [50/120] | Loss: 0.0625
2025-11-29 11:34:47 - INFO - Epoch [19/30] | Batch [60/120] | Loss: 0.1927
2025-11-29 11:34:49 - INFO - Epoch [19/30] | Batch [70/120] | Loss: 0.2118
2025-11-29 11:34:50 - INFO - Epoch [19/30] | Batch [80/120] | Loss: 0.0418
2025-11-29 11:34:51 - INFO - Epoch [19/30] | Batch [90/120] | Loss: 0.0195
2025-11-29 11:34:52 - INFO - Epoch [19/30] | Batch [100/120] | Loss: 0.0963
2025-11-29 11:34:53 - INFO - Epoch [19/30] | Batch [110/120] | Loss: 0.0179
2025-11-29 11:34:54 - INFO - Epoch [19/30] | Batch [120/120] | Loss: 0.0233
2025-11-29 11:34:55 - INFO - Epoch [19] 训练结果 | Loss: 0.1001 | Precision: 0.9767 | Recall: 0.9664 | F1: 0.9715
2025-11-29 11:35:37 - INFO - 
Validation 结果 | Loss: 0.4211 | Precision: 0.9223 | Recall: 0.915 | F1: 0.9187

2025-11-29 11:35:37 - INFO - 
======================================== Epoch 20/30 ========================================
2025-11-29 11:36:13 - INFO - Epoch [20/30] | Batch [10/120] | Loss: 0.2392
2025-11-29 11:36:15 - INFO - Epoch [20/30] | Batch [20/120] | Loss: 0.0540
2025-11-29 11:36:16 - INFO - Epoch [20/30] | Batch [30/120] | Loss: 0.1316
2025-11-29 11:36:17 - INFO - Epoch [20/30] | Batch [40/120] | Loss: 0.0203
2025-11-29 11:36:19 - INFO - Epoch [20/30] | Batch [50/120] | Loss: 0.1067
2025-11-29 11:36:20 - INFO - Epoch [20/30] | Batch [60/120] | Loss: 0.0784
2025-11-29 11:36:21 - INFO - Epoch [20/30] | Batch [70/120] | Loss: 0.0168
2025-11-29 11:36:22 - INFO - Epoch [20/30] | Batch [80/120] | Loss: 0.0357
2025-11-29 11:36:23 - INFO - Epoch [20/30] | Batch [90/120] | Loss: 0.0035
2025-11-29 11:36:24 - INFO - Epoch [20/30] | Batch [100/120] | Loss: 0.0583
2025-11-29 11:36:25 - INFO - Epoch [20/30] | Batch [110/120] | Loss: 0.1510
2025-11-29 11:36:26 - INFO - Epoch [20/30] | Batch [120/120] | Loss: 0.1174
2025-11-29 11:36:27 - INFO - Epoch [20] 训练结果 | Loss: 0.0912 | Precision: 0.9763 | Recall: 0.9756 | F1: 0.976
2025-11-29 11:37:09 - INFO - 
Validation 结果 | Loss: 0.4258 | Precision: 0.9423 | Recall: 0.9032 | F1: 0.9223

2025-11-29 11:37:09 - INFO - 
======================================== Epoch 21/30 ========================================
2025-11-29 11:37:46 - INFO - Epoch [21/30] | Batch [10/120] | Loss: 0.0252
2025-11-29 11:37:47 - INFO - Epoch [21/30] | Batch [20/120] | Loss: 0.0056
2025-11-29 11:37:49 - INFO - Epoch [21/30] | Batch [30/120] | Loss: 0.0204
2025-11-29 11:37:51 - INFO - Epoch [21/30] | Batch [40/120] | Loss: 0.0933
2025-11-29 11:37:52 - INFO - Epoch [21/30] | Batch [50/120] | Loss: 0.0341
2025-11-29 11:37:52 - INFO - Epoch [21/30] | Batch [60/120] | Loss: 0.0108
2025-11-29 11:37:53 - INFO - Epoch [21/30] | Batch [70/120] | Loss: 0.0698
2025-11-29 11:37:54 - INFO - Epoch [21/30] | Batch [80/120] | Loss: 0.1446
2025-11-29 11:37:55 - INFO - Epoch [21/30] | Batch [90/120] | Loss: 0.1634
2025-11-29 11:37:56 - INFO - Epoch [21/30] | Batch [100/120] | Loss: 0.0201
2025-11-29 11:37:58 - INFO - Epoch [21/30] | Batch [110/120] | Loss: 0.0812
2025-11-29 11:37:58 - INFO - Epoch [21/30] | Batch [120/120] | Loss: 0.2486
2025-11-29 11:37:59 - INFO - Epoch [21] 训练结果 | Loss: 0.0784 | Precision: 0.9802 | Recall: 0.9776 | F1: 0.9789
2025-11-29 11:38:41 - INFO - 
Validation 结果 | Loss: 0.4495 | Precision: 0.9474 | Recall: 0.8893 | F1: 0.9174

2025-11-29 11:38:41 - INFO - 
======================================== Epoch 22/30 ========================================
2025-11-29 11:39:18 - INFO - Epoch [22/30] | Batch [10/120] | Loss: 0.0264
2025-11-29 11:39:19 - INFO - Epoch [22/30] | Batch [20/120] | Loss: 0.0007
2025-11-29 11:39:20 - INFO - Epoch [22/30] | Batch [30/120] | Loss: 0.0512
2025-11-29 11:39:21 - INFO - Epoch [22/30] | Batch [40/120] | Loss: 0.0152
2025-11-29 11:39:22 - INFO - Epoch [22/30] | Batch [50/120] | Loss: 0.0707
2025-11-29 11:39:24 - INFO - Epoch [22/30] | Batch [60/120] | Loss: 0.0602
2025-11-29 11:39:24 - INFO - Epoch [22/30] | Batch [70/120] | Loss: 0.0089
2025-11-29 11:39:26 - INFO - Epoch [22/30] | Batch [80/120] | Loss: 0.1824
2025-11-29 11:39:27 - INFO - Epoch [22/30] | Batch [90/120] | Loss: 0.1165
2025-11-29 11:39:28 - INFO - Epoch [22/30] | Batch [100/120] | Loss: 0.1121
2025-11-29 11:39:30 - INFO - Epoch [22/30] | Batch [110/120] | Loss: 0.1267
2025-11-29 11:39:31 - INFO - Epoch [22/30] | Batch [120/120] | Loss: 0.2400
2025-11-29 11:39:32 - INFO - Epoch [22] 训练结果 | Loss: 0.0806 | Precision: 0.977 | Recall: 0.9783 | F1: 0.9776
2025-11-29 11:40:12 - INFO - 
Validation 结果 | Loss: 0.4719 | Precision: 0.9492 | Recall: 0.8854 | F1: 0.9162

2025-11-29 11:40:12 - INFO - 
======================================== Epoch 23/30 ========================================
2025-11-29 11:40:49 - INFO - Epoch [23/30] | Batch [10/120] | Loss: 0.0062
2025-11-29 11:40:50 - INFO - Epoch [23/30] | Batch [20/120] | Loss: 0.1197
2025-11-29 11:40:51 - INFO - Epoch [23/30] | Batch [30/120] | Loss: 0.0678
2025-11-29 11:40:52 - INFO - Epoch [23/30] | Batch [40/120] | Loss: 0.0153
2025-11-29 11:40:54 - INFO - Epoch [23/30] | Batch [50/120] | Loss: 0.0748
2025-11-29 11:40:55 - INFO - Epoch [23/30] | Batch [60/120] | Loss: 0.0016
2025-11-29 11:40:56 - INFO - Epoch [23/30] | Batch [70/120] | Loss: 0.1004
2025-11-29 11:40:58 - INFO - Epoch [23/30] | Batch [80/120] | Loss: 0.0183
2025-11-29 11:40:58 - INFO - Epoch [23/30] | Batch [90/120] | Loss: 0.0237
2025-11-29 11:40:59 - INFO - Epoch [23/30] | Batch [100/120] | Loss: 0.0184
2025-11-29 11:41:00 - INFO - Epoch [23/30] | Batch [110/120] | Loss: 0.0439
2025-11-29 11:41:01 - INFO - Epoch [23/30] | Batch [120/120] | Loss: 0.3785
2025-11-29 11:41:02 - INFO - Epoch [23] 训练结果 | Loss: 0.0757 | Precision: 0.9822 | Recall: 0.9789 | F1: 0.9805
2025-11-29 11:41:44 - INFO - 
Validation 结果 | Loss: 0.4653 | Precision: 0.9343 | Recall: 0.8992 | F1: 0.9164

2025-11-29 11:41:44 - INFO - 
======================================== Epoch 24/30 ========================================
2025-11-29 11:42:19 - INFO - Epoch [24/30] | Batch [10/120] | Loss: 0.0346
2025-11-29 11:42:21 - INFO - Epoch [24/30] | Batch [20/120] | Loss: 0.0216
2025-11-29 11:42:23 - INFO - Epoch [24/30] | Batch [30/120] | Loss: 0.1011
2025-11-29 11:42:24 - INFO - Epoch [24/30] | Batch [40/120] | Loss: 0.0422
2025-11-29 11:42:25 - INFO - Epoch [24/30] | Batch [50/120] | Loss: 0.1441
2025-11-29 11:42:26 - INFO - Epoch [24/30] | Batch [60/120] | Loss: 0.0485
2025-11-29 11:42:27 - INFO - Epoch [24/30] | Batch [70/120] | Loss: 0.0376
2025-11-29 11:42:28 - INFO - Epoch [24/30] | Batch [80/120] | Loss: 0.0137
2025-11-29 11:42:30 - INFO - Epoch [24/30] | Batch [90/120] | Loss: 0.0259
2025-11-29 11:42:30 - INFO - Epoch [24/30] | Batch [100/120] | Loss: 0.1108
2025-11-29 11:42:31 - INFO - Epoch [24/30] | Batch [110/120] | Loss: 0.1019
2025-11-29 11:42:32 - INFO - Epoch [24/30] | Batch [120/120] | Loss: 0.0290
2025-11-29 11:42:33 - INFO - Epoch [24] 训练结果 | Loss: 0.0737 | Precision: 0.9835 | Recall: 0.9783 | F1: 0.9809
2025-11-29 11:43:14 - INFO - 
Validation 结果 | Loss: 0.4629 | Precision: 0.926 | Recall: 0.915 | F1: 0.9205

2025-11-29 11:43:14 - INFO - 
======================================== Epoch 25/30 ========================================
2025-11-29 11:43:51 - INFO - Epoch [25/30] | Batch [10/120] | Loss: 0.0071
2025-11-29 11:43:52 - INFO - Epoch [25/30] | Batch [20/120] | Loss: 0.0080
2025-11-29 11:43:53 - INFO - Epoch [25/30] | Batch [30/120] | Loss: 0.1659
2025-11-29 11:43:54 - INFO - Epoch [25/30] | Batch [40/120] | Loss: 0.0501
2025-11-29 11:43:56 - INFO - Epoch [25/30] | Batch [50/120] | Loss: 0.0577
2025-11-29 11:43:56 - INFO - Epoch [25/30] | Batch [60/120] | Loss: 0.0778
2025-11-29 11:43:57 - INFO - Epoch [25/30] | Batch [70/120] | Loss: 0.0143
2025-11-29 11:43:59 - INFO - Epoch [25/30] | Batch [80/120] | Loss: 0.0105
2025-11-29 11:44:00 - INFO - Epoch [25/30] | Batch [90/120] | Loss: 0.0162
2025-11-29 11:44:01 - INFO - Epoch [25/30] | Batch [100/120] | Loss: 0.0257
2025-11-29 11:44:02 - INFO - Epoch [25/30] | Batch [110/120] | Loss: 0.0122
2025-11-29 11:44:02 - INFO - Epoch [25/30] | Batch [120/120] | Loss: 0.3252
2025-11-29 11:44:03 - INFO - Epoch [25] 训练结果 | Loss: 0.0686 | Precision: 0.9797 | Recall: 0.9835 | F1: 0.9816
2025-11-29 11:44:45 - INFO - 
Validation 结果 | Loss: 0.4761 | Precision: 0.9274 | Recall: 0.9091 | F1: 0.9182

2025-11-29 11:44:45 - INFO - 
======================================== Epoch 26/30 ========================================
2025-11-29 11:45:21 - INFO - Epoch [26/30] | Batch [10/120] | Loss: 0.0524
2025-11-29 11:45:22 - INFO - Epoch [26/30] | Batch [20/120] | Loss: 0.0292
2025-11-29 11:45:24 - INFO - Epoch [26/30] | Batch [30/120] | Loss: 0.0814
2025-11-29 11:45:26 - INFO - Epoch [26/30] | Batch [40/120] | Loss: 0.0200
2025-11-29 11:45:27 - INFO - Epoch [26/30] | Batch [50/120] | Loss: 0.1554
2025-11-29 11:45:27 - INFO - Epoch [26/30] | Batch [60/120] | Loss: 0.1081
2025-11-29 11:45:29 - INFO - Epoch [26/30] | Batch [70/120] | Loss: 0.0043
2025-11-29 11:45:30 - INFO - Epoch [26/30] | Batch [80/120] | Loss: 0.1131
2025-11-29 11:45:31 - INFO - Epoch [26/30] | Batch [90/120] | Loss: 0.2796
2025-11-29 11:45:32 - INFO - Epoch [26/30] | Batch [100/120] | Loss: 0.1230
2025-11-29 11:45:33 - INFO - Epoch [26/30] | Batch [110/120] | Loss: 0.0464
2025-11-29 11:45:34 - INFO - Epoch [26/30] | Batch [120/120] | Loss: 0.1507
2025-11-29 11:45:35 - INFO - Epoch [26] 训练结果 | Loss: 0.0756 | Precision: 0.979 | Recall: 0.9809 | F1: 0.9799
2025-11-29 11:46:16 - INFO - 
Validation 结果 | Loss: 0.5209 | Precision: 0.943 | Recall: 0.8834 | F1: 0.9122

2025-11-29 11:46:16 - INFO - 
======================================== Epoch 27/30 ========================================
2025-11-29 11:46:52 - INFO - Epoch [27/30] | Batch [10/120] | Loss: 0.0775
2025-11-29 11:46:53 - INFO - Epoch [27/30] | Batch [20/120] | Loss: 0.0036
2025-11-29 11:46:54 - INFO - Epoch [27/30] | Batch [30/120] | Loss: 0.1054
2025-11-29 11:46:56 - INFO - Epoch [27/30] | Batch [40/120] | Loss: 0.0222
2025-11-29 11:46:58 - INFO - Epoch [27/30] | Batch [50/120] | Loss: 0.0545
2025-11-29 11:46:58 - INFO - Epoch [27/30] | Batch [60/120] | Loss: 0.0137
2025-11-29 11:46:59 - INFO - Epoch [27/30] | Batch [70/120] | Loss: 0.3549
2025-11-29 11:47:00 - INFO - Epoch [27/30] | Batch [80/120] | Loss: 0.1025
2025-11-29 11:47:01 - INFO - Epoch [27/30] | Batch [90/120] | Loss: 0.0657
2025-11-29 11:47:03 - INFO - Epoch [27/30] | Batch [100/120] | Loss: 0.1611
2025-11-29 11:47:03 - INFO - Epoch [27/30] | Batch [110/120] | Loss: 0.0017
2025-11-29 11:47:04 - INFO - Epoch [27/30] | Batch [120/120] | Loss: 0.1961
2025-11-29 11:47:05 - INFO - Epoch [27] 训练结果 | Loss: 0.0694 | Precision: 0.9854 | Recall: 0.9783 | F1: 0.9818
2025-11-29 11:47:47 - INFO - 
Validation 结果 | Loss: 0.4928 | Precision: 0.9329 | Recall: 0.9071 | F1: 0.9198

2025-11-29 11:47:47 - INFO - 
======================================== Epoch 28/30 ========================================
2025-11-29 11:48:23 - INFO - Epoch [28/30] | Batch [10/120] | Loss: 0.0340
2025-11-29 11:48:24 - INFO - Epoch [28/30] | Batch [20/120] | Loss: 0.0737
2025-11-29 11:48:26 - INFO - Epoch [28/30] | Batch [30/120] | Loss: 0.0542
2025-11-29 11:48:27 - INFO - Epoch [28/30] | Batch [40/120] | Loss: 0.0151
2025-11-29 11:48:28 - INFO - Epoch [28/30] | Batch [50/120] | Loss: 0.0468
2025-11-29 11:48:29 - INFO - Epoch [28/30] | Batch [60/120] | Loss: 0.0595
2025-11-29 11:48:30 - INFO - Epoch [28/30] | Batch [70/120] | Loss: 0.0207
2025-11-29 11:48:31 - INFO - Epoch [28/30] | Batch [80/120] | Loss: 0.0559
2025-11-29 11:48:33 - INFO - Epoch [28/30] | Batch [90/120] | Loss: 0.0469
2025-11-29 11:48:34 - INFO - Epoch [28/30] | Batch [100/120] | Loss: 0.0178
2025-11-29 11:48:34 - INFO - Epoch [28/30] | Batch [110/120] | Loss: 0.0192
2025-11-29 11:48:36 - INFO - Epoch [28/30] | Batch [120/120] | Loss: 0.1671
2025-11-29 11:48:37 - INFO - Epoch [28] 训练结果 | Loss: 0.0676 | Precision: 0.9868 | Recall: 0.9809 | F1: 0.9838
2025-11-29 11:49:18 - INFO - 
Validation 结果 | Loss: 0.4854 | Precision: 0.9308 | Recall: 0.9032 | F1: 0.9168

2025-11-29 11:49:18 - INFO - 
======================================== Epoch 29/30 ========================================
2025-11-29 11:49:56 - INFO - Epoch [29/30] | Batch [10/120] | Loss: 0.0934
2025-11-29 11:49:57 - INFO - Epoch [29/30] | Batch [20/120] | Loss: 0.1055
2025-11-29 11:49:58 - INFO - Epoch [29/30] | Batch [30/120] | Loss: 0.0443
2025-11-29 11:49:59 - INFO - Epoch [29/30] | Batch [40/120] | Loss: 0.0117
2025-11-29 11:50:00 - INFO - Epoch [29/30] | Batch [50/120] | Loss: 0.0106
2025-11-29 11:50:00 - INFO - Epoch [29/30] | Batch [60/120] | Loss: 0.1079
2025-11-29 11:50:02 - INFO - Epoch [29/30] | Batch [70/120] | Loss: 0.0041
2025-11-29 11:50:03 - INFO - Epoch [29/30] | Batch [80/120] | Loss: 0.0983
2025-11-29 11:50:04 - INFO - Epoch [29/30] | Batch [90/120] | Loss: 0.0309
2025-11-29 11:50:05 - INFO - Epoch [29/30] | Batch [100/120] | Loss: 0.0893
2025-11-29 11:50:07 - INFO - Epoch [29/30] | Batch [110/120] | Loss: 0.0023
2025-11-29 11:50:08 - INFO - Epoch [29/30] | Batch [120/120] | Loss: 0.0310
2025-11-29 11:50:09 - INFO - Epoch [29] 训练结果 | Loss: 0.0624 | Precision: 0.979 | Recall: 0.9822 | F1: 0.9806
2025-11-29 11:50:51 - INFO - 
Validation 结果 | Loss: 0.5057 | Precision: 0.94 | Recall: 0.8972 | F1: 0.9181

2025-11-29 11:50:51 - INFO - 
======================================== Epoch 30/30 ========================================
2025-11-29 11:51:28 - INFO - Epoch [30/30] | Batch [10/120] | Loss: 0.0612
2025-11-29 11:51:29 - INFO - Epoch [30/30] | Batch [20/120] | Loss: 0.0001
2025-11-29 11:51:30 - INFO - Epoch [30/30] | Batch [30/120] | Loss: 0.1719
2025-11-29 11:51:31 - INFO - Epoch [30/30] | Batch [40/120] | Loss: 0.0555
2025-11-29 11:51:33 - INFO - Epoch [30/30] | Batch [50/120] | Loss: 0.0101
2025-11-29 11:51:33 - INFO - Epoch [30/30] | Batch [60/120] | Loss: 0.0685
2025-11-29 11:51:34 - INFO - Epoch [30/30] | Batch [70/120] | Loss: 0.1144
2025-11-29 11:51:36 - INFO - Epoch [30/30] | Batch [80/120] | Loss: 0.0048
2025-11-29 11:51:37 - INFO - Epoch [30/30] | Batch [90/120] | Loss: 0.1111
2025-11-29 11:51:38 - INFO - Epoch [30/30] | Batch [100/120] | Loss: 0.0002
2025-11-29 11:51:39 - INFO - Epoch [30/30] | Batch [110/120] | Loss: 0.0027
2025-11-29 11:51:39 - INFO - Epoch [30/30] | Batch [120/120] | Loss: 0.1101
2025-11-29 11:51:40 - INFO - Epoch [30] 训练结果 | Loss: 0.0586 | Precision: 0.9875 | Recall: 0.9875 | F1: 0.9875
2025-11-29 11:52:22 - INFO - 
Validation 结果 | Loss: 0.5135 | Precision: 0.94 | Recall: 0.8972 | F1: 0.9181

2025-11-29 11:52:22 - INFO - 
============================================================
2025-11-29 11:52:22 - INFO - 测试集最终评估（加载最佳模型）
2025-11-29 11:52:22 - INFO - ============================================================
2025-11-29 11:53:06 - INFO - 
Test 结果 | Loss: 0.3933 | Precision: 0.8994 | Recall: 0.9545 | F1: 0.9262

2025-11-29 11:53:06 - INFO - 
============================================================
2025-11-29 11:53:06 - INFO - alexnet 训练总结：
2025-11-29 11:53:06 - INFO -  - 最佳验证F1：0.9297
2025-11-29 11:53:06 - INFO -  - 测试集Precision：0.8994
2025-11-29 11:53:06 - INFO -  - 测试集Recall：0.9545
2025-11-29 11:53:06 - INFO -  - 测试集F1：0.9262
2025-11-29 11:53:06 - INFO -  - 最佳模型路径：model_comparison_results\best_models\alexnet_best.pth
2025-11-29 11:53:06 - INFO -  - 日志文件路径：model_comparison_results\logs\alexnet_train_20251129_110636.log
2025-11-29 11:53:06 - INFO - ============================================================
