2025-11-29 00:21:57 - INFO - ============================================================
2025-11-29 00:21:57 - INFO - 开始训练模型：densenet121
2025-11-29 00:21:57 - INFO - 训练配置：{'train_csv': 'E:\\eyes__disease\\dataset\\Training_Set\\RFMiD_Training_Labels.csv', 'train_img': 'E:\\eyes__disease\\dataset\\Training_Set\\Training', 'val_csv': 'E:\\eyes__disease\\dataset\\Evaluation_Set\\RFMiD_Validation_Labels.csv', 'val_img': 'E:\\eyes__disease\\dataset\\Evaluation_Set\\Validation', 'test_csv': 'E:\\eyes__disease\\dataset\\Test_Set\\RFMiD_Testing_Labels.csv', 'test_img': 'E:\\eyes__disease\\dataset\\Test_Set\\Test', 'img_size': (224, 224), 'batch_size': 16, 'num_workers': 12, 'img_ext': '.png', 'epochs': 30, 'lr': 0.0001, 'weight_decay': 1e-05, 'device': 'cuda', 'output_dir': 'model_comparison_results', 'models_to_train': ['densenet121']}
2025-11-29 00:21:57 - INFO - ============================================================

2025-11-29 00:21:57 - INFO - ✅ DataLoader创建完成：
2025-11-29 00:21:57 - INFO -  - 训练集：1920样本 | 120批次
2025-11-29 00:21:57 - INFO -  - 验证集：640样本 | 20批次
2025-11-29 00:21:57 - INFO -  - 测试集：640样本 | 20批次
2025-11-29 00:21:57 - INFO - 🔧 初始化模型：densenet121
2025-11-29 00:21:57 - INFO - ✅ 模型细节：DenseNet121（2017）| 预训练权重 | 密集连接+特征复用
2025-11-29 00:21:57 - INFO - ✅ 模型初始化完成，设备：cuda
2025-11-29 00:21:57 - INFO - 
======================================== Epoch 1/30 ========================================
2025-11-29 00:22:33 - INFO - Epoch [1/30] | Batch [10/120] | Loss: 0.4902
2025-11-29 00:22:34 - INFO - Epoch [1/30] | Batch [20/120] | Loss: 0.3229
2025-11-29 00:22:36 - INFO - Epoch [1/30] | Batch [30/120] | Loss: 0.3166
2025-11-29 00:22:39 - INFO - Epoch [1/30] | Batch [40/120] | Loss: 0.4933
2025-11-29 00:22:40 - INFO - Epoch [1/30] | Batch [50/120] | Loss: 0.4816
2025-11-29 00:22:41 - INFO - Epoch [1/30] | Batch [60/120] | Loss: 0.2673
2025-11-29 00:22:43 - INFO - Epoch [1/30] | Batch [70/120] | Loss: 0.0742
2025-11-29 00:22:44 - INFO - Epoch [1/30] | Batch [80/120] | Loss: 0.2398
2025-11-29 00:22:46 - INFO - Epoch [1/30] | Batch [90/120] | Loss: 0.2435
2025-11-29 00:22:48 - INFO - Epoch [1/30] | Batch [100/120] | Loss: 0.1967
2025-11-29 00:22:49 - INFO - Epoch [1/30] | Batch [110/120] | Loss: 0.2313
2025-11-29 00:22:50 - INFO - Epoch [1/30] | Batch [120/120] | Loss: 0.1504
2025-11-29 00:22:51 - INFO - Epoch [1] 训练结果 | Loss: 0.3730 | Precision: 0.8961 | Recall: 0.8802 | F1: 0.8881
2025-11-29 00:23:30 - INFO - 
Validation 结果 | Loss: 0.2796 | Precision: 0.9337 | Recall: 0.919 | F1: 0.9263

2025-11-29 00:23:31 - INFO - ✅ 保存最佳模型（F1: 0.9263）到：model_comparison_results\best_models\densenet121_best.pth
2025-11-29 00:23:31 - INFO - 
======================================== Epoch 2/30 ========================================
2025-11-29 00:24:06 - INFO - Epoch [2/30] | Batch [10/120] | Loss: 0.2236
2025-11-29 00:24:08 - INFO - Epoch [2/30] | Batch [20/120] | Loss: 0.1912
2025-11-29 00:24:10 - INFO - Epoch [2/30] | Batch [30/120] | Loss: 0.1041
2025-11-29 00:24:12 - INFO - Epoch [2/30] | Batch [40/120] | Loss: 0.1845
2025-11-29 00:24:13 - INFO - Epoch [2/30] | Batch [50/120] | Loss: 0.0785
2025-11-29 00:24:15 - INFO - Epoch [2/30] | Batch [60/120] | Loss: 0.3530
2025-11-29 00:24:16 - INFO - Epoch [2/30] | Batch [70/120] | Loss: 0.2917
2025-11-29 00:24:18 - INFO - Epoch [2/30] | Batch [80/120] | Loss: 0.1203
2025-11-29 00:24:19 - INFO - Epoch [2/30] | Batch [90/120] | Loss: 0.5496
2025-11-29 00:24:21 - INFO - Epoch [2/30] | Batch [100/120] | Loss: 0.2302
2025-11-29 00:24:23 - INFO - Epoch [2/30] | Batch [110/120] | Loss: 0.1909
2025-11-29 00:24:24 - INFO - Epoch [2/30] | Batch [120/120] | Loss: 0.1961
2025-11-29 00:24:25 - INFO - Epoch [2] 训练结果 | Loss: 0.2500 | Precision: 0.9188 | Recall: 0.9388 | F1: 0.9287
2025-11-29 00:25:05 - INFO - 
Validation 结果 | Loss: 0.2741 | Precision: 0.9351 | Recall: 0.9111 | F1: 0.9229

2025-11-29 00:25:05 - INFO - 
======================================== Epoch 3/30 ========================================
2025-11-29 00:25:40 - INFO - Epoch [3/30] | Batch [10/120] | Loss: 0.2730
2025-11-29 00:25:42 - INFO - Epoch [3/30] | Batch [20/120] | Loss: 0.3263
2025-11-29 00:25:44 - INFO - Epoch [3/30] | Batch [30/120] | Loss: 0.3409
2025-11-29 00:25:46 - INFO - Epoch [3/30] | Batch [40/120] | Loss: 0.1405
2025-11-29 00:25:48 - INFO - Epoch [3/30] | Batch [50/120] | Loss: 0.3212
2025-11-29 00:25:49 - INFO - Epoch [3/30] | Batch [60/120] | Loss: 0.1237
2025-11-29 00:25:51 - INFO - Epoch [3/30] | Batch [70/120] | Loss: 0.3077
2025-11-29 00:25:54 - INFO - Epoch [3/30] | Batch [80/120] | Loss: 0.3274
2025-11-29 00:25:54 - INFO - Epoch [3/30] | Batch [90/120] | Loss: 0.1243
2025-11-29 00:25:56 - INFO - Epoch [3/30] | Batch [100/120] | Loss: 0.4510
2025-11-29 00:25:58 - INFO - Epoch [3/30] | Batch [110/120] | Loss: 0.1064
2025-11-29 00:26:00 - INFO - Epoch [3/30] | Batch [120/120] | Loss: 0.2618
2025-11-29 00:26:01 - INFO - Epoch [3] 训练结果 | Loss: 0.1849 | Precision: 0.9425 | Recall: 0.9598 | F1: 0.9511
2025-11-29 00:26:43 - INFO - 
Validation 结果 | Loss: 0.3271 | Precision: 0.8866 | Recall: 0.9427 | F1: 0.9138

2025-11-29 00:26:43 - INFO - 
======================================== Epoch 4/30 ========================================
2025-11-29 00:27:21 - INFO - Epoch [4/30] | Batch [10/120] | Loss: 0.0618
2025-11-29 00:27:23 - INFO - Epoch [4/30] | Batch [20/120] | Loss: 0.1111
2025-11-29 00:27:26 - INFO - Epoch [4/30] | Batch [30/120] | Loss: 0.0727
2025-11-29 00:27:28 - INFO - Epoch [4/30] | Batch [40/120] | Loss: 0.0524
2025-11-29 00:27:28 - INFO - Epoch [4/30] | Batch [50/120] | Loss: 0.0422
2025-11-29 00:27:30 - INFO - Epoch [4/30] | Batch [60/120] | Loss: 0.0341
2025-11-29 00:27:32 - INFO - Epoch [4/30] | Batch [70/120] | Loss: 0.1897
2025-11-29 00:27:34 - INFO - Epoch [4/30] | Batch [80/120] | Loss: 0.2764
2025-11-29 00:27:35 - INFO - Epoch [4/30] | Batch [90/120] | Loss: 0.0451
2025-11-29 00:27:37 - INFO - Epoch [4/30] | Batch [100/120] | Loss: 0.2974
2025-11-29 00:27:38 - INFO - Epoch [4/30] | Batch [110/120] | Loss: 0.1097
2025-11-29 00:27:39 - INFO - Epoch [4/30] | Batch [120/120] | Loss: 0.1361
2025-11-29 00:27:40 - INFO - Epoch [4] 训练结果 | Loss: 0.1247 | Precision: 0.97 | Recall: 0.9776 | F1: 0.9738
2025-11-29 00:28:22 - INFO - 
Validation 结果 | Loss: 0.3397 | Precision: 0.9291 | Recall: 0.9071 | F1: 0.918

2025-11-29 00:28:22 - INFO - 
======================================== Epoch 5/30 ========================================
2025-11-29 00:29:00 - INFO - Epoch [5/30] | Batch [10/120] | Loss: 0.0631
2025-11-29 00:29:02 - INFO - Epoch [5/30] | Batch [20/120] | Loss: 0.0313
2025-11-29 00:29:04 - INFO - Epoch [5/30] | Batch [30/120] | Loss: 0.1915
2025-11-29 00:29:06 - INFO - Epoch [5/30] | Batch [40/120] | Loss: 0.0568
2025-11-29 00:29:07 - INFO - Epoch [5/30] | Batch [50/120] | Loss: 0.1156
2025-11-29 00:29:09 - INFO - Epoch [5/30] | Batch [60/120] | Loss: 0.2999
2025-11-29 00:29:11 - INFO - Epoch [5/30] | Batch [70/120] | Loss: 0.1042
2025-11-29 00:29:13 - INFO - Epoch [5/30] | Batch [80/120] | Loss: 0.1038
2025-11-29 00:29:15 - INFO - Epoch [5/30] | Batch [90/120] | Loss: 0.0700
2025-11-29 00:29:17 - INFO - Epoch [5/30] | Batch [100/120] | Loss: 0.0403
2025-11-29 00:29:18 - INFO - Epoch [5/30] | Batch [110/120] | Loss: 0.0848
2025-11-29 00:29:20 - INFO - Epoch [5/30] | Batch [120/120] | Loss: 0.0879
2025-11-29 00:29:21 - INFO - Epoch [5] 训练结果 | Loss: 0.0877 | Precision: 0.9777 | Recall: 0.9809 | F1: 0.9793
2025-11-29 00:30:03 - INFO - 
Validation 结果 | Loss: 0.4486 | Precision: 0.9449 | Recall: 0.8814 | F1: 0.9121

2025-11-29 00:30:03 - INFO - 
======================================== Epoch 6/30 ========================================
2025-11-29 00:30:41 - INFO - Epoch [6/30] | Batch [10/120] | Loss: 0.0412
2025-11-29 00:30:43 - INFO - Epoch [6/30] | Batch [20/120] | Loss: 0.0787
2025-11-29 00:30:45 - INFO - Epoch [6/30] | Batch [30/120] | Loss: 0.0189
2025-11-29 00:30:47 - INFO - Epoch [6/30] | Batch [40/120] | Loss: 0.2583
2025-11-29 00:30:48 - INFO - Epoch [6/30] | Batch [50/120] | Loss: 0.0243
2025-11-29 00:30:49 - INFO - Epoch [6/30] | Batch [60/120] | Loss: 0.1179
2025-11-29 00:30:51 - INFO - Epoch [6/30] | Batch [70/120] | Loss: 0.0203
2025-11-29 00:30:53 - INFO - Epoch [6/30] | Batch [80/120] | Loss: 0.0397
2025-11-29 00:30:54 - INFO - Epoch [6/30] | Batch [90/120] | Loss: 0.0281
2025-11-29 00:30:56 - INFO - Epoch [6/30] | Batch [100/120] | Loss: 0.1373
2025-11-29 00:30:58 - INFO - Epoch [6/30] | Batch [110/120] | Loss: 0.0414
2025-11-29 00:31:00 - INFO - Epoch [6/30] | Batch [120/120] | Loss: 0.0559
2025-11-29 00:31:01 - INFO - Epoch [6] 训练结果 | Loss: 0.0715 | Precision: 0.9798 | Recall: 0.9875 | F1: 0.9836
2025-11-29 00:31:42 - INFO - 
Validation 结果 | Loss: 0.4188 | Precision: 0.9 | Recall: 0.9427 | F1: 0.9208

2025-11-29 00:31:42 - INFO - 
======================================== Epoch 7/30 ========================================
2025-11-29 00:32:21 - INFO - Epoch [7/30] | Batch [10/120] | Loss: 0.0154
2025-11-29 00:32:23 - INFO - Epoch [7/30] | Batch [20/120] | Loss: 0.0243
2025-11-29 00:32:25 - INFO - Epoch [7/30] | Batch [30/120] | Loss: 0.0265
2025-11-29 00:32:26 - INFO - Epoch [7/30] | Batch [40/120] | Loss: 0.0070
2025-11-29 00:32:28 - INFO - Epoch [7/30] | Batch [50/120] | Loss: 0.0415
2025-11-29 00:32:29 - INFO - Epoch [7/30] | Batch [60/120] | Loss: 0.0222
2025-11-29 00:32:31 - INFO - Epoch [7/30] | Batch [70/120] | Loss: 0.0539
2025-11-29 00:32:32 - INFO - Epoch [7/30] | Batch [80/120] | Loss: 0.0098
2025-11-29 00:32:34 - INFO - Epoch [7/30] | Batch [90/120] | Loss: 0.0109
2025-11-29 00:32:37 - INFO - Epoch [7/30] | Batch [100/120] | Loss: 0.0050
2025-11-29 00:32:38 - INFO - Epoch [7/30] | Batch [110/120] | Loss: 0.0107
2025-11-29 00:32:39 - INFO - Epoch [7/30] | Batch [120/120] | Loss: 0.0275
2025-11-29 00:32:40 - INFO - Epoch [7] 训练结果 | Loss: 0.0336 | Precision: 0.9941 | Recall: 0.9954 | F1: 0.9947
2025-11-29 00:33:21 - INFO - 
Validation 结果 | Loss: 0.4553 | Precision: 0.9206 | Recall: 0.917 | F1: 0.9188

2025-11-29 00:33:21 - INFO - 
======================================== Epoch 8/30 ========================================
2025-11-29 00:33:59 - INFO - Epoch [8/30] | Batch [10/120] | Loss: 0.0074
2025-11-29 00:34:01 - INFO - Epoch [8/30] | Batch [20/120] | Loss: 0.0138
2025-11-29 00:34:02 - INFO - Epoch [8/30] | Batch [30/120] | Loss: 0.0040
2025-11-29 00:34:04 - INFO - Epoch [8/30] | Batch [40/120] | Loss: 0.0099
2025-11-29 00:34:05 - INFO - Epoch [8/30] | Batch [50/120] | Loss: 0.0085
2025-11-29 00:34:07 - INFO - Epoch [8/30] | Batch [60/120] | Loss: 0.0037
2025-11-29 00:34:09 - INFO - Epoch [8/30] | Batch [70/120] | Loss: 0.0588
2025-11-29 00:34:10 - INFO - Epoch [8/30] | Batch [80/120] | Loss: 0.0168
2025-11-29 00:34:12 - INFO - Epoch [8/30] | Batch [90/120] | Loss: 0.0118
2025-11-29 00:34:13 - INFO - Epoch [8/30] | Batch [100/120] | Loss: 0.0125
2025-11-29 00:34:15 - INFO - Epoch [8/30] | Batch [110/120] | Loss: 0.0093
2025-11-29 00:34:16 - INFO - Epoch [8/30] | Batch [120/120] | Loss: 0.0072
2025-11-29 00:34:17 - INFO - Epoch [8] 训练结果 | Loss: 0.0230 | Precision: 0.9961 | Recall: 0.998 | F1: 0.997
2025-11-29 00:35:00 - INFO - 
Validation 结果 | Loss: 0.4650 | Precision: 0.9473 | Recall: 0.8874 | F1: 0.9163

2025-11-29 00:35:00 - INFO - 
======================================== Epoch 9/30 ========================================
2025-11-29 00:35:38 - INFO - Epoch [9/30] | Batch [10/120] | Loss: 0.0293
2025-11-29 00:35:40 - INFO - Epoch [9/30] | Batch [20/120] | Loss: 0.0147
2025-11-29 00:35:42 - INFO - Epoch [9/30] | Batch [30/120] | Loss: 0.0061
2025-11-29 00:35:44 - INFO - Epoch [9/30] | Batch [40/120] | Loss: 0.0061
2025-11-29 00:35:45 - INFO - Epoch [9/30] | Batch [50/120] | Loss: 0.0042
2025-11-29 00:35:46 - INFO - Epoch [9/30] | Batch [60/120] | Loss: 0.0040
2025-11-29 00:35:48 - INFO - Epoch [9/30] | Batch [70/120] | Loss: 0.0122
2025-11-29 00:35:50 - INFO - Epoch [9/30] | Batch [80/120] | Loss: 0.0086
2025-11-29 00:35:52 - INFO - Epoch [9/30] | Batch [90/120] | Loss: 0.0028
2025-11-29 00:35:54 - INFO - Epoch [9/30] | Batch [100/120] | Loss: 0.0250
2025-11-29 00:35:54 - INFO - Epoch [9/30] | Batch [110/120] | Loss: 0.0044
2025-11-29 00:35:57 - INFO - Epoch [9/30] | Batch [120/120] | Loss: 0.0031
2025-11-29 00:35:58 - INFO - Epoch [9] 训练结果 | Loss: 0.0177 | Precision: 0.998 | Recall: 0.998 | F1: 0.998
2025-11-29 00:36:40 - INFO - 
Validation 结果 | Loss: 0.4801 | Precision: 0.9107 | Recall: 0.9269 | F1: 0.9187

2025-11-29 00:36:40 - INFO - 
======================================== Epoch 10/30 ========================================
2025-11-29 00:37:19 - INFO - Epoch [10/30] | Batch [10/120] | Loss: 0.0096
2025-11-29 00:37:20 - INFO - Epoch [10/30] | Batch [20/120] | Loss: 0.0059
2025-11-29 00:37:22 - INFO - Epoch [10/30] | Batch [30/120] | Loss: 0.0409
2025-11-29 00:37:24 - INFO - Epoch [10/30] | Batch [40/120] | Loss: 0.0106
2025-11-29 00:37:26 - INFO - Epoch [10/30] | Batch [50/120] | Loss: 0.0016
2025-11-29 00:37:27 - INFO - Epoch [10/30] | Batch [60/120] | Loss: 0.0015
2025-11-29 00:37:29 - INFO - Epoch [10/30] | Batch [70/120] | Loss: 0.0056
2025-11-29 00:37:31 - INFO - Epoch [10/30] | Batch [80/120] | Loss: 0.0065
2025-11-29 00:37:33 - INFO - Epoch [10/30] | Batch [90/120] | Loss: 0.0048
2025-11-29 00:37:35 - INFO - Epoch [10/30] | Batch [100/120] | Loss: 0.0149
2025-11-29 00:37:37 - INFO - Epoch [10/30] | Batch [110/120] | Loss: 0.0042
2025-11-29 00:37:37 - INFO - Epoch [10/30] | Batch [120/120] | Loss: 0.0136
2025-11-29 00:37:38 - INFO - Epoch [10] 训练结果 | Loss: 0.0136 | Precision: 0.9993 | Recall: 0.9974 | F1: 0.9984
2025-11-29 00:38:20 - INFO - 
Validation 结果 | Loss: 0.5044 | Precision: 0.9185 | Recall: 0.913 | F1: 0.9158

2025-11-29 00:38:20 - INFO - 
======================================== Epoch 11/30 ========================================
2025-11-29 00:38:59 - INFO - Epoch [11/30] | Batch [10/120] | Loss: 0.0015
2025-11-29 00:39:01 - INFO - Epoch [11/30] | Batch [20/120] | Loss: 0.0098
2025-11-29 00:39:02 - INFO - Epoch [11/30] | Batch [30/120] | Loss: 0.0039
2025-11-29 00:39:05 - INFO - Epoch [11/30] | Batch [40/120] | Loss: 0.0044
2025-11-29 00:39:05 - INFO - Epoch [11/30] | Batch [50/120] | Loss: 0.0054
2025-11-29 00:39:07 - INFO - Epoch [11/30] | Batch [60/120] | Loss: 0.0015
2025-11-29 00:39:09 - INFO - Epoch [11/30] | Batch [70/120] | Loss: 0.0023
2025-11-29 00:39:11 - INFO - Epoch [11/30] | Batch [80/120] | Loss: 0.0042
2025-11-29 00:39:12 - INFO - Epoch [11/30] | Batch [90/120] | Loss: 0.0012
2025-11-29 00:39:14 - INFO - Epoch [11/30] | Batch [100/120] | Loss: 0.0072
2025-11-29 00:39:15 - INFO - Epoch [11/30] | Batch [110/120] | Loss: 0.0100
2025-11-29 00:39:16 - INFO - Epoch [11/30] | Batch [120/120] | Loss: 0.0065
2025-11-29 00:39:17 - INFO - Epoch [11] 训练结果 | Loss: 0.0102 | Precision: 0.9974 | Recall: 0.9987 | F1: 0.998
2025-11-29 00:39:59 - INFO - 
Validation 结果 | Loss: 0.5369 | Precision: 0.9415 | Recall: 0.8913 | F1: 0.9157

2025-11-29 00:39:59 - INFO - 
======================================== Epoch 12/30 ========================================
2025-11-29 00:40:37 - INFO - Epoch [12/30] | Batch [10/120] | Loss: 0.0029
2025-11-29 00:40:40 - INFO - Epoch [12/30] | Batch [20/120] | Loss: 0.0015
2025-11-29 00:40:42 - INFO - Epoch [12/30] | Batch [30/120] | Loss: 0.0023
2025-11-29 00:40:44 - INFO - Epoch [12/30] | Batch [40/120] | Loss: 0.0030
2025-11-29 00:40:46 - INFO - Epoch [12/30] | Batch [50/120] | Loss: 0.0032
2025-11-29 00:40:46 - INFO - Epoch [12/30] | Batch [60/120] | Loss: 0.0016
2025-11-29 00:40:48 - INFO - Epoch [12/30] | Batch [70/120] | Loss: 0.0014
2025-11-29 00:40:49 - INFO - Epoch [12/30] | Batch [80/120] | Loss: 0.0088
2025-11-29 00:40:51 - INFO - Epoch [12/30] | Batch [90/120] | Loss: 0.0275
2025-11-29 00:40:54 - INFO - Epoch [12/30] | Batch [100/120] | Loss: 0.0011
2025-11-29 00:40:54 - INFO - Epoch [12/30] | Batch [110/120] | Loss: 0.0016
2025-11-29 00:40:56 - INFO - Epoch [12/30] | Batch [120/120] | Loss: 0.0080
2025-11-29 00:40:57 - INFO - Epoch [12] 训练结果 | Loss: 0.0075 | Precision: 0.9993 | Recall: 1.0 | F1: 0.9997
2025-11-29 00:41:39 - INFO - 
Validation 结果 | Loss: 0.5220 | Precision: 0.9119 | Recall: 0.9209 | F1: 0.9164

2025-11-29 00:41:39 - INFO - 
======================================== Epoch 13/30 ========================================
2025-11-29 00:42:17 - INFO - Epoch [13/30] | Batch [10/120] | Loss: 0.0013
2025-11-29 00:42:19 - INFO - Epoch [13/30] | Batch [20/120] | Loss: 0.0065
2025-11-29 00:42:21 - INFO - Epoch [13/30] | Batch [30/120] | Loss: 0.0022
2025-11-29 00:42:23 - INFO - Epoch [13/30] | Batch [40/120] | Loss: 0.0069
2025-11-29 00:42:25 - INFO - Epoch [13/30] | Batch [50/120] | Loss: 0.0018
2025-11-29 00:42:25 - INFO - Epoch [13/30] | Batch [60/120] | Loss: 0.0031
2025-11-29 00:42:27 - INFO - Epoch [13/30] | Batch [70/120] | Loss: 0.0021
2025-11-29 00:42:29 - INFO - Epoch [13/30] | Batch [80/120] | Loss: 0.0082
2025-11-29 00:42:31 - INFO - Epoch [13/30] | Batch [90/120] | Loss: 0.0011
2025-11-29 00:42:32 - INFO - Epoch [13/30] | Batch [100/120] | Loss: 0.0011
2025-11-29 00:42:34 - INFO - Epoch [13/30] | Batch [110/120] | Loss: 0.0191
2025-11-29 00:42:35 - INFO - Epoch [13/30] | Batch [120/120] | Loss: 0.0040
2025-11-29 00:42:35 - INFO - Epoch [13] 训练结果 | Loss: 0.0065 | Precision: 0.998 | Recall: 1.0 | F1: 0.999
2025-11-29 00:43:18 - INFO - 
Validation 结果 | Loss: 0.5409 | Precision: 0.9268 | Recall: 0.9012 | F1: 0.9138

2025-11-29 00:43:18 - INFO - 
======================================== Epoch 14/30 ========================================
2025-11-29 00:43:56 - INFO - Epoch [14/30] | Batch [10/120] | Loss: 0.0025
2025-11-29 00:43:58 - INFO - Epoch [14/30] | Batch [20/120] | Loss: 0.0033
2025-11-29 00:43:59 - INFO - Epoch [14/30] | Batch [30/120] | Loss: 0.0027
2025-11-29 00:44:01 - INFO - Epoch [14/30] | Batch [40/120] | Loss: 0.0011
2025-11-29 00:44:02 - INFO - Epoch [14/30] | Batch [50/120] | Loss: 0.0102
2025-11-29 00:44:04 - INFO - Epoch [14/30] | Batch [60/120] | Loss: 0.0033
2025-11-29 00:44:06 - INFO - Epoch [14/30] | Batch [70/120] | Loss: 0.0028
2025-11-29 00:44:07 - INFO - Epoch [14/30] | Batch [80/120] | Loss: 0.0010
2025-11-29 00:44:09 - INFO - Epoch [14/30] | Batch [90/120] | Loss: 0.0019
2025-11-29 00:44:11 - INFO - Epoch [14/30] | Batch [100/120] | Loss: 0.0018
2025-11-29 00:44:12 - INFO - Epoch [14/30] | Batch [110/120] | Loss: 0.1677
2025-11-29 00:44:13 - INFO - Epoch [14/30] | Batch [120/120] | Loss: 0.1901
2025-11-29 00:44:14 - INFO - Epoch [14] 训练结果 | Loss: 0.0134 | Precision: 0.998 | Recall: 0.998 | F1: 0.998
2025-11-29 00:44:56 - INFO - 
Validation 结果 | Loss: 0.5281 | Precision: 0.9328 | Recall: 0.9051 | F1: 0.9188

2025-11-29 00:44:56 - INFO - 
======================================== Epoch 15/30 ========================================
2025-11-29 00:45:34 - INFO - Epoch [15/30] | Batch [10/120] | Loss: 0.0018
2025-11-29 00:45:36 - INFO - Epoch [15/30] | Batch [20/120] | Loss: 0.0111
2025-11-29 00:45:37 - INFO - Epoch [15/30] | Batch [30/120] | Loss: 0.0014
2025-11-29 00:45:39 - INFO - Epoch [15/30] | Batch [40/120] | Loss: 0.0038
2025-11-29 00:45:41 - INFO - Epoch [15/30] | Batch [50/120] | Loss: 0.0018
2025-11-29 00:45:42 - INFO - Epoch [15/30] | Batch [60/120] | Loss: 0.0044
2025-11-29 00:45:43 - INFO - Epoch [15/30] | Batch [70/120] | Loss: 0.0028
2025-11-29 00:45:45 - INFO - Epoch [15/30] | Batch [80/120] | Loss: 0.0017
2025-11-29 00:45:47 - INFO - Epoch [15/30] | Batch [90/120] | Loss: 0.0014
2025-11-29 00:45:48 - INFO - Epoch [15/30] | Batch [100/120] | Loss: 0.0050
2025-11-29 00:45:50 - INFO - Epoch [15/30] | Batch [110/120] | Loss: 0.0021
2025-11-29 00:45:52 - INFO - Epoch [15/30] | Batch [120/120] | Loss: 0.0435
2025-11-29 00:45:53 - INFO - Epoch [15] 训练结果 | Loss: 0.0048 | Precision: 1.0 | Recall: 1.0 | F1: 1.0
2025-11-29 00:46:35 - INFO - 
Validation 结果 | Loss: 0.5768 | Precision: 0.9379 | Recall: 0.8953 | F1: 0.9161

2025-11-29 00:46:35 - INFO - 
======================================== Epoch 16/30 ========================================
2025-11-29 00:47:13 - INFO - Epoch [16/30] | Batch [10/120] | Loss: 0.0011
2025-11-29 00:47:14 - INFO - Epoch [16/30] | Batch [20/120] | Loss: 0.0016
2025-11-29 00:47:17 - INFO - Epoch [16/30] | Batch [30/120] | Loss: 0.0012
2025-11-29 00:47:18 - INFO - Epoch [16/30] | Batch [40/120] | Loss: 0.0066
2025-11-29 00:47:19 - INFO - Epoch [16/30] | Batch [50/120] | Loss: 0.0022
2025-11-29 00:47:20 - INFO - Epoch [16/30] | Batch [60/120] | Loss: 0.0054
2025-11-29 00:47:23 - INFO - Epoch [16/30] | Batch [70/120] | Loss: 0.0015
2025-11-29 00:47:25 - INFO - Epoch [16/30] | Batch [80/120] | Loss: 0.0114
2025-11-29 00:47:28 - INFO - Epoch [16/30] | Batch [90/120] | Loss: 0.0037
2025-11-29 00:47:28 - INFO - Epoch [16/30] | Batch [100/120] | Loss: 0.0010
2025-11-29 00:47:30 - INFO - Epoch [16/30] | Batch [110/120] | Loss: 0.0026
2025-11-29 00:47:32 - INFO - Epoch [16/30] | Batch [120/120] | Loss: 0.0019
2025-11-29 00:47:33 - INFO - Epoch [16] 训练结果 | Loss: 0.0045 | Precision: 1.0 | Recall: 1.0 | F1: 1.0
2025-11-29 00:48:15 - INFO - 
Validation 结果 | Loss: 0.5287 | Precision: 0.9242 | Recall: 0.915 | F1: 0.9196

2025-11-29 00:48:15 - INFO - 
======================================== Epoch 17/30 ========================================
2025-11-29 00:48:54 - INFO - Epoch [17/30] | Batch [10/120] | Loss: 0.0067
2025-11-29 00:48:56 - INFO - Epoch [17/30] | Batch [20/120] | Loss: 0.0009
2025-11-29 00:48:59 - INFO - Epoch [17/30] | Batch [30/120] | Loss: 0.0010
2025-11-29 00:49:00 - INFO - Epoch [17/30] | Batch [40/120] | Loss: 0.0167
2025-11-29 00:49:01 - INFO - Epoch [17/30] | Batch [50/120] | Loss: 0.0023
2025-11-29 00:49:02 - INFO - Epoch [17/30] | Batch [60/120] | Loss: 0.0215
2025-11-29 00:49:04 - INFO - Epoch [17/30] | Batch [70/120] | Loss: 0.0018
2025-11-29 00:49:06 - INFO - Epoch [17/30] | Batch [80/120] | Loss: 0.0017
2025-11-29 00:49:08 - INFO - Epoch [17/30] | Batch [90/120] | Loss: 0.0012
2025-11-29 00:49:09 - INFO - Epoch [17/30] | Batch [100/120] | Loss: 0.0011
2025-11-29 00:49:11 - INFO - Epoch [17/30] | Batch [110/120] | Loss: 0.0021
2025-11-29 00:49:12 - INFO - Epoch [17/30] | Batch [120/120] | Loss: 0.0010
2025-11-29 00:49:13 - INFO - Epoch [17] 训练结果 | Loss: 0.0043 | Precision: 1.0 | Recall: 0.9993 | F1: 0.9997
2025-11-29 00:49:55 - INFO - 
Validation 结果 | Loss: 0.5378 | Precision: 0.9259 | Recall: 0.913 | F1: 0.9194

2025-11-29 00:49:55 - INFO - 
======================================== Epoch 18/30 ========================================
2025-11-29 00:50:34 - INFO - Epoch [18/30] | Batch [10/120] | Loss: 0.0023
2025-11-29 00:50:36 - INFO - Epoch [18/30] | Batch [20/120] | Loss: 0.0014
2025-11-29 00:50:38 - INFO - Epoch [18/30] | Batch [30/120] | Loss: 0.0008
2025-11-29 00:50:40 - INFO - Epoch [18/30] | Batch [40/120] | Loss: 0.0014
2025-11-29 00:50:41 - INFO - Epoch [18/30] | Batch [50/120] | Loss: 0.0038
2025-11-29 00:50:42 - INFO - Epoch [18/30] | Batch [60/120] | Loss: 0.0008
2025-11-29 00:50:44 - INFO - Epoch [18/30] | Batch [70/120] | Loss: 0.0009
2025-11-29 00:50:46 - INFO - Epoch [18/30] | Batch [80/120] | Loss: 0.0012
2025-11-29 00:50:47 - INFO - Epoch [18/30] | Batch [90/120] | Loss: 0.0026
2025-11-29 00:50:49 - INFO - Epoch [18/30] | Batch [100/120] | Loss: 0.0013
2025-11-29 00:50:51 - INFO - Epoch [18/30] | Batch [110/120] | Loss: 0.0233
2025-11-29 00:50:51 - INFO - Epoch [18/30] | Batch [120/120] | Loss: 0.0070
2025-11-29 00:50:52 - INFO - Epoch [18] 训练结果 | Loss: 0.0040 | Precision: 1.0 | Recall: 1.0 | F1: 1.0
2025-11-29 00:51:34 - INFO - 
Validation 结果 | Loss: 0.5444 | Precision: 0.9223 | Recall: 0.915 | F1: 0.9187

2025-11-29 00:51:34 - INFO - 
======================================== Epoch 19/30 ========================================
2025-11-29 00:52:12 - INFO - Epoch [19/30] | Batch [10/120] | Loss: 0.0049
2025-11-29 00:52:13 - INFO - Epoch [19/30] | Batch [20/120] | Loss: 0.0018
2025-11-29 00:52:16 - INFO - Epoch [19/30] | Batch [30/120] | Loss: 0.0043
2025-11-29 00:52:17 - INFO - Epoch [19/30] | Batch [40/120] | Loss: 0.0020
2025-11-29 00:52:19 - INFO - Epoch [19/30] | Batch [50/120] | Loss: 0.0021
2025-11-29 00:52:20 - INFO - Epoch [19/30] | Batch [60/120] | Loss: 0.0062
2025-11-29 00:52:22 - INFO - Epoch [19/30] | Batch [70/120] | Loss: 0.0017
2025-11-29 00:52:24 - INFO - Epoch [19/30] | Batch [80/120] | Loss: 0.0053
2025-11-29 00:52:25 - INFO - Epoch [19/30] | Batch [90/120] | Loss: 0.0020
2025-11-29 00:52:27 - INFO - Epoch [19/30] | Batch [100/120] | Loss: 0.0037
2025-11-29 00:52:29 - INFO - Epoch [19/30] | Batch [110/120] | Loss: 0.0009
2025-11-29 00:52:29 - INFO - Epoch [19/30] | Batch [120/120] | Loss: 0.0021
2025-11-29 00:52:30 - INFO - Epoch [19] 训练结果 | Loss: 0.0044 | Precision: 1.0 | Recall: 1.0 | F1: 1.0
2025-11-29 00:53:13 - INFO - 
Validation 结果 | Loss: 0.5360 | Precision: 0.9238 | Recall: 0.9111 | F1: 0.9174

2025-11-29 00:53:13 - INFO - 
======================================== Epoch 20/30 ========================================
2025-11-29 00:53:50 - INFO - Epoch [20/30] | Batch [10/120] | Loss: 0.0016
2025-11-29 00:53:52 - INFO - Epoch [20/30] | Batch [20/120] | Loss: 0.0078
2025-11-29 00:53:54 - INFO - Epoch [20/30] | Batch [30/120] | Loss: 0.0008
2025-11-29 00:53:57 - INFO - Epoch [20/30] | Batch [40/120] | Loss: 0.0013
2025-11-29 00:53:57 - INFO - Epoch [20/30] | Batch [50/120] | Loss: 0.0021
2025-11-29 00:53:59 - INFO - Epoch [20/30] | Batch [60/120] | Loss: 0.0016
2025-11-29 00:54:01 - INFO - Epoch [20/30] | Batch [70/120] | Loss: 0.0018
2025-11-29 00:54:04 - INFO - Epoch [20/30] | Batch [80/120] | Loss: 0.0093
2025-11-29 00:54:05 - INFO - Epoch [20/30] | Batch [90/120] | Loss: 0.0044
2025-11-29 00:54:07 - INFO - Epoch [20/30] | Batch [100/120] | Loss: 0.0007
2025-11-29 00:54:08 - INFO - Epoch [20/30] | Batch [110/120] | Loss: 0.0014
2025-11-29 00:54:09 - INFO - Epoch [20/30] | Batch [120/120] | Loss: 0.0044
2025-11-29 00:54:10 - INFO - Epoch [20] 训练结果 | Loss: 0.0031 | Precision: 1.0 | Recall: 1.0 | F1: 1.0
2025-11-29 00:54:52 - INFO - 
Validation 结果 | Loss: 0.5445 | Precision: 0.9222 | Recall: 0.913 | F1: 0.9176

2025-11-29 00:54:52 - INFO - 
======================================== Epoch 21/30 ========================================
2025-11-29 00:55:30 - INFO - Epoch [21/30] | Batch [10/120] | Loss: 0.0016
2025-11-29 00:55:32 - INFO - Epoch [21/30] | Batch [20/120] | Loss: 0.0011
2025-11-29 00:55:33 - INFO - Epoch [21/30] | Batch [30/120] | Loss: 0.0020
2025-11-29 00:55:36 - INFO - Epoch [21/30] | Batch [40/120] | Loss: 0.0009
2025-11-29 00:55:37 - INFO - Epoch [21/30] | Batch [50/120] | Loss: 0.0026
2025-11-29 00:55:39 - INFO - Epoch [21/30] | Batch [60/120] | Loss: 0.0009
2025-11-29 00:55:40 - INFO - Epoch [21/30] | Batch [70/120] | Loss: 0.0009
2025-11-29 00:55:42 - INFO - Epoch [21/30] | Batch [80/120] | Loss: 0.0011
2025-11-29 00:55:44 - INFO - Epoch [21/30] | Batch [90/120] | Loss: 0.0048
2025-11-29 00:55:46 - INFO - Epoch [21/30] | Batch [100/120] | Loss: 0.0086
2025-11-29 00:55:46 - INFO - Epoch [21/30] | Batch [110/120] | Loss: 0.0016
2025-11-29 00:55:48 - INFO - Epoch [21/30] | Batch [120/120] | Loss: 0.0017
2025-11-29 00:55:49 - INFO - Epoch [21] 训练结果 | Loss: 0.0023 | Precision: 1.0 | Recall: 1.0 | F1: 1.0
2025-11-29 00:56:30 - INFO - 
Validation 结果 | Loss: 0.5618 | Precision: 0.9253 | Recall: 0.9051 | F1: 0.9151

2025-11-29 00:56:30 - INFO - 
======================================== Epoch 22/30 ========================================
2025-11-29 00:57:08 - INFO - Epoch [22/30] | Batch [10/120] | Loss: 0.0015
2025-11-29 00:57:10 - INFO - Epoch [22/30] | Batch [20/120] | Loss: 0.0032
2025-11-29 00:57:12 - INFO - Epoch [22/30] | Batch [30/120] | Loss: 0.0013
2025-11-29 00:57:13 - INFO - Epoch [22/30] | Batch [40/120] | Loss: 0.0018
2025-11-29 00:57:15 - INFO - Epoch [22/30] | Batch [50/120] | Loss: 0.0011
2025-11-29 00:57:16 - INFO - Epoch [22/30] | Batch [60/120] | Loss: 0.0017
2025-11-29 00:57:17 - INFO - Epoch [22/30] | Batch [70/120] | Loss: 0.0023
2025-11-29 00:57:20 - INFO - Epoch [22/30] | Batch [80/120] | Loss: 0.0009
2025-11-29 00:57:21 - INFO - Epoch [22/30] | Batch [90/120] | Loss: 0.0009
2025-11-29 00:57:23 - INFO - Epoch [22/30] | Batch [100/120] | Loss: 0.0039
2025-11-29 00:57:25 - INFO - Epoch [22/30] | Batch [110/120] | Loss: 0.0020
2025-11-29 00:57:25 - INFO - Epoch [22/30] | Batch [120/120] | Loss: 0.0009
2025-11-29 00:57:26 - INFO - Epoch [22] 训练结果 | Loss: 0.0032 | Precision: 1.0 | Recall: 0.9993 | F1: 0.9997
2025-11-29 00:58:08 - INFO - 
Validation 结果 | Loss: 0.5429 | Precision: 0.9157 | Recall: 0.9229 | F1: 0.9193

2025-11-29 00:58:08 - INFO - 
======================================== Epoch 23/30 ========================================
2025-11-29 00:58:45 - INFO - Epoch [23/30] | Batch [10/120] | Loss: 0.0006
2025-11-29 00:58:47 - INFO - Epoch [23/30] | Batch [20/120] | Loss: 0.0009
2025-11-29 00:58:49 - INFO - Epoch [23/30] | Batch [30/120] | Loss: 0.0084
2025-11-29 00:58:50 - INFO - Epoch [23/30] | Batch [40/120] | Loss: 0.0010
2025-11-29 00:58:52 - INFO - Epoch [23/30] | Batch [50/120] | Loss: 0.0022
2025-11-29 00:58:54 - INFO - Epoch [23/30] | Batch [60/120] | Loss: 0.0019
2025-11-29 00:58:56 - INFO - Epoch [23/30] | Batch [70/120] | Loss: 0.0019
2025-11-29 00:58:57 - INFO - Epoch [23/30] | Batch [80/120] | Loss: 0.0014
2025-11-29 00:58:59 - INFO - Epoch [23/30] | Batch [90/120] | Loss: 0.0051
2025-11-29 00:59:02 - INFO - Epoch [23/30] | Batch [100/120] | Loss: 0.0009
2025-11-29 00:59:03 - INFO - Epoch [23/30] | Batch [110/120] | Loss: 0.0019
2025-11-29 00:59:03 - INFO - Epoch [23/30] | Batch [120/120] | Loss: 0.0008
2025-11-29 00:59:04 - INFO - Epoch [23] 训练结果 | Loss: 0.0026 | Precision: 1.0 | Recall: 1.0 | F1: 1.0
2025-11-29 00:59:46 - INFO - 
Validation 结果 | Loss: 0.5599 | Precision: 0.9251 | Recall: 0.9032 | F1: 0.914

2025-11-29 00:59:46 - INFO - 
======================================== Epoch 24/30 ========================================
2025-11-29 01:00:24 - INFO - Epoch [24/30] | Batch [10/120] | Loss: 0.0017
2025-11-29 01:00:26 - INFO - Epoch [24/30] | Batch [20/120] | Loss: 0.0008
2025-11-29 01:00:28 - INFO - Epoch [24/30] | Batch [30/120] | Loss: 0.0009
2025-11-29 01:00:29 - INFO - Epoch [24/30] | Batch [40/120] | Loss: 0.0022
2025-11-29 01:00:30 - INFO - Epoch [24/30] | Batch [50/120] | Loss: 0.0007
2025-11-29 01:00:32 - INFO - Epoch [24/30] | Batch [60/120] | Loss: 0.0007
2025-11-29 01:00:34 - INFO - Epoch [24/30] | Batch [70/120] | Loss: 0.0037
2025-11-29 01:00:36 - INFO - Epoch [24/30] | Batch [80/120] | Loss: 0.0018
2025-11-29 01:00:38 - INFO - Epoch [24/30] | Batch [90/120] | Loss: 0.0026
2025-11-29 01:00:40 - INFO - Epoch [24/30] | Batch [100/120] | Loss: 0.0008
2025-11-29 01:00:41 - INFO - Epoch [24/30] | Batch [110/120] | Loss: 0.0012
2025-11-29 01:00:42 - INFO - Epoch [24/30] | Batch [120/120] | Loss: 0.0009
2025-11-29 01:00:43 - INFO - Epoch [24] 训练结果 | Loss: 0.0032 | Precision: 1.0 | Recall: 1.0 | F1: 1.0
2025-11-29 01:01:25 - INFO - 
Validation 结果 | Loss: 0.5620 | Precision: 0.9257 | Recall: 0.9111 | F1: 0.9183

2025-11-29 01:01:25 - INFO - 
======================================== Epoch 25/30 ========================================
2025-11-29 01:02:03 - INFO - Epoch [25/30] | Batch [10/120] | Loss: 0.0008
2025-11-29 01:02:05 - INFO - Epoch [25/30] | Batch [20/120] | Loss: 0.0036
2025-11-29 01:02:06 - INFO - Epoch [25/30] | Batch [30/120] | Loss: 0.0017
2025-11-29 01:02:08 - INFO - Epoch [25/30] | Batch [40/120] | Loss: 0.0013
2025-11-29 01:02:10 - INFO - Epoch [25/30] | Batch [50/120] | Loss: 0.0015
2025-11-29 01:02:11 - INFO - Epoch [25/30] | Batch [60/120] | Loss: 0.0010
2025-11-29 01:02:13 - INFO - Epoch [25/30] | Batch [70/120] | Loss: 0.0051
2025-11-29 01:02:14 - INFO - Epoch [25/30] | Batch [80/120] | Loss: 0.0006
2025-11-29 01:02:16 - INFO - Epoch [25/30] | Batch [90/120] | Loss: 0.0008
2025-11-29 01:02:18 - INFO - Epoch [25/30] | Batch [100/120] | Loss: 0.0009
2025-11-29 01:02:19 - INFO - Epoch [25/30] | Batch [110/120] | Loss: 0.0015
2025-11-29 01:02:21 - INFO - Epoch [25/30] | Batch [120/120] | Loss: 0.0018
2025-11-29 01:02:22 - INFO - Epoch [25] 训练结果 | Loss: 0.0024 | Precision: 1.0 | Recall: 1.0 | F1: 1.0
2025-11-29 01:03:04 - INFO - 
Validation 结果 | Loss: 0.5538 | Precision: 0.9202 | Recall: 0.9111 | F1: 0.9156

2025-11-29 01:03:04 - INFO - 
======================================== Epoch 26/30 ========================================
2025-11-29 01:03:42 - INFO - Epoch [26/30] | Batch [10/120] | Loss: 0.0426
2025-11-29 01:03:43 - INFO - Epoch [26/30] | Batch [20/120] | Loss: 0.0069
2025-11-29 01:03:45 - INFO - Epoch [26/30] | Batch [30/120] | Loss: 0.0015
2025-11-29 01:03:46 - INFO - Epoch [26/30] | Batch [40/120] | Loss: 0.0009
2025-11-29 01:03:48 - INFO - Epoch [26/30] | Batch [50/120] | Loss: 0.0055
2025-11-29 01:03:50 - INFO - Epoch [26/30] | Batch [60/120] | Loss: 0.0007
2025-11-29 01:03:52 - INFO - Epoch [26/30] | Batch [70/120] | Loss: 0.0019
2025-11-29 01:03:54 - INFO - Epoch [26/30] | Batch [80/120] | Loss: 0.0009
2025-11-29 01:03:55 - INFO - Epoch [26/30] | Batch [90/120] | Loss: 0.0016
2025-11-29 01:03:56 - INFO - Epoch [26/30] | Batch [100/120] | Loss: 0.0008
2025-11-29 01:03:58 - INFO - Epoch [26/30] | Batch [110/120] | Loss: 0.0016
2025-11-29 01:03:59 - INFO - Epoch [26/30] | Batch [120/120] | Loss: 0.0015
2025-11-29 01:04:00 - INFO - Epoch [26] 训练结果 | Loss: 0.0033 | Precision: 1.0 | Recall: 1.0 | F1: 1.0
2025-11-29 01:04:43 - INFO - 
Validation 结果 | Loss: 0.5476 | Precision: 0.9203 | Recall: 0.913 | F1: 0.9167

2025-11-29 01:04:43 - INFO - 
======================================== Epoch 27/30 ========================================
2025-11-29 01:05:21 - INFO - Epoch [27/30] | Batch [10/120] | Loss: 0.0008
2025-11-29 01:05:22 - INFO - Epoch [27/30] | Batch [20/120] | Loss: 0.0007
2025-11-29 01:05:24 - INFO - Epoch [27/30] | Batch [30/120] | Loss: 0.0008
2025-11-29 01:05:27 - INFO - Epoch [27/30] | Batch [40/120] | Loss: 0.0017
2025-11-29 01:05:28 - INFO - Epoch [27/30] | Batch [50/120] | Loss: 0.0008
2025-11-29 01:05:30 - INFO - Epoch [27/30] | Batch [60/120] | Loss: 0.0049
2025-11-29 01:05:31 - INFO - Epoch [27/30] | Batch [70/120] | Loss: 0.0021
2025-11-29 01:05:34 - INFO - Epoch [27/30] | Batch [80/120] | Loss: 0.0016
2025-11-29 01:05:36 - INFO - Epoch [27/30] | Batch [90/120] | Loss: 0.0027
2025-11-29 01:05:38 - INFO - Epoch [27/30] | Batch [100/120] | Loss: 0.0240
2025-11-29 01:05:39 - INFO - Epoch [27/30] | Batch [110/120] | Loss: 0.0008
2025-11-29 01:05:40 - INFO - Epoch [27/30] | Batch [120/120] | Loss: 0.0010
2025-11-29 01:05:41 - INFO - Epoch [27] 训练结果 | Loss: 0.0029 | Precision: 1.0 | Recall: 1.0 | F1: 1.0
2025-11-29 01:06:23 - INFO - 
Validation 结果 | Loss: 0.5541 | Precision: 0.9289 | Recall: 0.9032 | F1: 0.9158

2025-11-29 01:06:23 - INFO - 
======================================== Epoch 28/30 ========================================
2025-11-29 01:07:01 - INFO - Epoch [28/30] | Batch [10/120] | Loss: 0.0035
2025-11-29 01:07:03 - INFO - Epoch [28/30] | Batch [20/120] | Loss: 0.0015
2025-11-29 01:07:05 - INFO - Epoch [28/30] | Batch [30/120] | Loss: 0.0063
2025-11-29 01:07:07 - INFO - Epoch [28/30] | Batch [40/120] | Loss: 0.0020
2025-11-29 01:07:09 - INFO - Epoch [28/30] | Batch [50/120] | Loss: 0.0017
2025-11-29 01:07:10 - INFO - Epoch [28/30] | Batch [60/120] | Loss: 0.0025
2025-11-29 01:07:12 - INFO - Epoch [28/30] | Batch [70/120] | Loss: 0.0255
2025-11-29 01:07:14 - INFO - Epoch [28/30] | Batch [80/120] | Loss: 0.0009
2025-11-29 01:07:16 - INFO - Epoch [28/30] | Batch [90/120] | Loss: 0.0007
2025-11-29 01:07:16 - INFO - Epoch [28/30] | Batch [100/120] | Loss: 0.0017
2025-11-29 01:07:18 - INFO - Epoch [28/30] | Batch [110/120] | Loss: 0.0273
2025-11-29 01:07:19 - INFO - Epoch [28/30] | Batch [120/120] | Loss: 0.0008
2025-11-29 01:07:20 - INFO - Epoch [28] 训练结果 | Loss: 0.0042 | Precision: 1.0 | Recall: 0.9993 | F1: 0.9997
2025-11-29 01:08:02 - INFO - 
Validation 结果 | Loss: 0.5436 | Precision: 0.9191 | Recall: 0.9209 | F1: 0.92

2025-11-29 01:08:02 - INFO - 
======================================== Epoch 29/30 ========================================
2025-11-29 01:08:39 - INFO - Epoch [29/30] | Batch [10/120] | Loss: 0.0009
2025-11-29 01:08:41 - INFO - Epoch [29/30] | Batch [20/120] | Loss: 0.0063
2025-11-29 01:08:43 - INFO - Epoch [29/30] | Batch [30/120] | Loss: 0.0012
2025-11-29 01:08:44 - INFO - Epoch [29/30] | Batch [40/120] | Loss: 0.0013
2025-11-29 01:08:46 - INFO - Epoch [29/30] | Batch [50/120] | Loss: 0.0013
2025-11-29 01:08:47 - INFO - Epoch [29/30] | Batch [60/120] | Loss: 0.0019
2025-11-29 01:08:49 - INFO - Epoch [29/30] | Batch [70/120] | Loss: 0.0007
2025-11-29 01:08:51 - INFO - Epoch [29/30] | Batch [80/120] | Loss: 0.0016
2025-11-29 01:08:52 - INFO - Epoch [29/30] | Batch [90/120] | Loss: 0.0009
2025-11-29 01:08:54 - INFO - Epoch [29/30] | Batch [100/120] | Loss: 0.0018
2025-11-29 01:08:56 - INFO - Epoch [29/30] | Batch [110/120] | Loss: 0.0020
2025-11-29 01:08:57 - INFO - Epoch [29/30] | Batch [120/120] | Loss: 0.0006
2025-11-29 01:08:58 - INFO - Epoch [29] 训练结果 | Loss: 0.0026 | Precision: 1.0 | Recall: 1.0 | F1: 1.0
2025-11-29 01:09:39 - INFO - 
Validation 结果 | Loss: 0.5416 | Precision: 0.9206 | Recall: 0.917 | F1: 0.9188

2025-11-29 01:09:39 - INFO - 
======================================== Epoch 30/30 ========================================
2025-11-29 01:10:17 - INFO - Epoch [30/30] | Batch [10/120] | Loss: 0.0044
2025-11-29 01:10:19 - INFO - Epoch [30/30] | Batch [20/120] | Loss: 0.0006
2025-11-29 01:10:21 - INFO - Epoch [30/30] | Batch [30/120] | Loss: 0.0015
2025-11-29 01:10:22 - INFO - Epoch [30/30] | Batch [40/120] | Loss: 0.0006
2025-11-29 01:10:23 - INFO - Epoch [30/30] | Batch [50/120] | Loss: 0.0020
2025-11-29 01:10:25 - INFO - Epoch [30/30] | Batch [60/120] | Loss: 0.0006
2025-11-29 01:10:27 - INFO - Epoch [30/30] | Batch [70/120] | Loss: 0.0015
2025-11-29 01:10:28 - INFO - Epoch [30/30] | Batch [80/120] | Loss: 0.0007
2025-11-29 01:10:30 - INFO - Epoch [30/30] | Batch [90/120] | Loss: 0.0007
2025-11-29 01:10:32 - INFO - Epoch [30/30] | Batch [100/120] | Loss: 0.0007
2025-11-29 01:10:33 - INFO - Epoch [30/30] | Batch [110/120] | Loss: 0.0010
2025-11-29 01:10:35 - INFO - Epoch [30/30] | Batch [120/120] | Loss: 0.0022
2025-11-29 01:10:36 - INFO - Epoch [30] 训练结果 | Loss: 0.0025 | Precision: 1.0 | Recall: 1.0 | F1: 1.0
2025-11-29 01:11:18 - INFO - 
Validation 结果 | Loss: 0.5500 | Precision: 0.9222 | Recall: 0.913 | F1: 0.9176

2025-11-29 01:11:18 - INFO - 
============================================================
2025-11-29 01:11:18 - INFO - 测试集最终评估（加载最佳模型）
2025-11-29 01:11:18 - INFO - ============================================================
2025-11-29 01:12:01 - INFO - 
Test 结果 | Loss: 0.2352 | Precision: 0.9606 | Recall: 0.915 | F1: 0.9372

2025-11-29 01:12:01 - INFO - 
============================================================
2025-11-29 01:12:01 - INFO - densenet121 训练总结：
2025-11-29 01:12:01 - INFO -  - 最佳验证F1：0.9263
2025-11-29 01:12:01 - INFO -  - 测试集Precision：0.9606
2025-11-29 01:12:01 - INFO -  - 测试集Recall：0.915
2025-11-29 01:12:01 - INFO -  - 测试集F1：0.9372
2025-11-29 01:12:01 - INFO -  - 最佳模型路径：model_comparison_results\best_models\densenet121_best.pth
2025-11-29 01:12:01 - INFO -  - 日志文件路径：model_comparison_results\logs\densenet121_train_20251129_002157.log
2025-11-29 01:12:01 - INFO - ============================================================
