2025-11-28 23:09:25 - INFO - ============================================================
2025-11-28 23:09:25 - INFO - 开始训练模型：resnet50
2025-11-28 23:09:25 - INFO - 训练配置：{'train_csv': 'E:\\eyes__disease\\dataset\\Training_Set\\RFMiD_Training_Labels.csv', 'train_img': 'E:\\eyes__disease\\dataset\\Training_Set\\Training', 'val_csv': 'E:\\eyes__disease\\dataset\\Evaluation_Set\\RFMiD_Validation_Labels.csv', 'val_img': 'E:\\eyes__disease\\dataset\\Evaluation_Set\\Validation', 'test_csv': 'E:\\eyes__disease\\dataset\\Test_Set\\RFMiD_Testing_Labels.csv', 'test_img': 'E:\\eyes__disease\\dataset\\Test_Set\\Test', 'img_size': (224, 224), 'batch_size': 16, 'num_workers': 12, 'img_ext': '.png', 'epochs': 30, 'lr': 0.0001, 'weight_decay': 1e-05, 'device': 'cuda', 'output_dir': 'model_comparison_results', 'models_to_train': ['resnet50']}
2025-11-28 23:09:25 - INFO - ============================================================

2025-11-28 23:09:25 - INFO - ✅ DataLoader创建完成：
2025-11-28 23:09:25 - INFO -  - 训练集：1920样本 | 120批次
2025-11-28 23:09:25 - INFO -  - 验证集：640样本 | 20批次
2025-11-28 23:09:25 - INFO -  - 测试集：640样本 | 20批次
2025-11-28 23:09:25 - INFO - 🔧 初始化模型：resnet50
2025-11-28 23:09:29 - INFO - ✅ 模型初始化完成，设备：cuda
2025-11-28 23:09:29 - INFO - 
======================================== Epoch 1/30 ========================================
2025-11-28 23:10:05 - INFO - Epoch [1/30] | Batch [10/120] | Loss: 0.4499
2025-11-28 23:10:07 - INFO - Epoch [1/30] | Batch [20/120] | Loss: 0.3802
2025-11-28 23:10:08 - INFO - Epoch [1/30] | Batch [30/120] | Loss: 0.2431
2025-11-28 23:10:11 - INFO - Epoch [1/30] | Batch [40/120] | Loss: 0.3346
2025-11-28 23:10:13 - INFO - Epoch [1/30] | Batch [50/120] | Loss: 0.2596
2025-11-28 23:10:13 - INFO - Epoch [1/30] | Batch [60/120] | Loss: 0.2828
2025-11-28 23:10:15 - INFO - Epoch [1/30] | Batch [70/120] | Loss: 0.5554
2025-11-28 23:10:17 - INFO - Epoch [1/30] | Batch [80/120] | Loss: 0.3003
2025-11-28 23:10:18 - INFO - Epoch [1/30] | Batch [90/120] | Loss: 0.2702
2025-11-28 23:10:21 - INFO - Epoch [1/30] | Batch [100/120] | Loss: 0.3303
2025-11-28 23:10:22 - INFO - Epoch [1/30] | Batch [110/120] | Loss: 0.2459
2025-11-28 23:10:23 - INFO - Epoch [1/30] | Batch [120/120] | Loss: 0.1828
2025-11-28 23:10:23 - INFO - Epoch [1] 训练结果 | Loss: 0.3387 | Precision: 0.8828 | Recall: 0.9124 | F1: 0.8974
2025-11-28 23:11:02 - INFO - 
Validation 结果 | Loss: 0.3423 | Precision: 0.8692 | Recall: 0.9585 | F1: 0.9117

2025-11-28 23:11:02 - INFO - ✅ 保存最佳模型（F1: 0.9117）到：model_comparison_results\best_models\resnet50_best.pth
2025-11-28 23:11:02 - INFO - 
======================================== Epoch 2/30 ========================================
2025-11-28 23:11:39 - INFO - Epoch [2/30] | Batch [10/120] | Loss: 0.3961
2025-11-28 23:11:41 - INFO - Epoch [2/30] | Batch [20/120] | Loss: 0.2900
2025-11-28 23:11:43 - INFO - Epoch [2/30] | Batch [30/120] | Loss: 0.1912
2025-11-28 23:11:45 - INFO - Epoch [2/30] | Batch [40/120] | Loss: 0.2346
2025-11-28 23:11:45 - INFO - Epoch [2/30] | Batch [50/120] | Loss: 0.1631
2025-11-28 23:11:48 - INFO - Epoch [2/30] | Batch [60/120] | Loss: 0.1663
2025-11-28 23:11:49 - INFO - Epoch [2/30] | Batch [70/120] | Loss: 0.2091
2025-11-28 23:11:52 - INFO - Epoch [2/30] | Batch [80/120] | Loss: 0.4573
2025-11-28 23:11:53 - INFO - Epoch [2/30] | Batch [90/120] | Loss: 0.2066
2025-11-28 23:11:55 - INFO - Epoch [2/30] | Batch [100/120] | Loss: 0.6309
2025-11-28 23:11:56 - INFO - Epoch [2/30] | Batch [110/120] | Loss: 0.3619
2025-11-28 23:11:57 - INFO - Epoch [2/30] | Batch [120/120] | Loss: 0.1471
2025-11-28 23:11:58 - INFO - Epoch [2] 训练结果 | Loss: 0.2691 | Precision: 0.9104 | Recall: 0.9368 | F1: 0.9234
2025-11-28 23:12:37 - INFO - 
Validation 结果 | Loss: 0.2497 | Precision: 0.9321 | Recall: 0.9229 | F1: 0.9275

2025-11-28 23:12:37 - INFO - ✅ 保存最佳模型（F1: 0.9275）到：model_comparison_results\best_models\resnet50_best.pth
2025-11-28 23:12:37 - INFO - 
======================================== Epoch 3/30 ========================================
2025-11-28 23:13:13 - INFO - Epoch [3/30] | Batch [10/120] | Loss: 0.2275
2025-11-28 23:13:15 - INFO - Epoch [3/30] | Batch [20/120] | Loss: 0.2003
2025-11-28 23:13:17 - INFO - Epoch [3/30] | Batch [30/120] | Loss: 0.0890
2025-11-28 23:13:19 - INFO - Epoch [3/30] | Batch [40/120] | Loss: 0.0836
2025-11-28 23:13:21 - INFO - Epoch [3/30] | Batch [50/120] | Loss: 0.1606
2025-11-28 23:13:21 - INFO - Epoch [3/30] | Batch [60/120] | Loss: 0.2483
2025-11-28 23:13:23 - INFO - Epoch [3/30] | Batch [70/120] | Loss: 0.1565
2025-11-28 23:13:25 - INFO - Epoch [3/30] | Batch [80/120] | Loss: 0.1106
2025-11-28 23:13:26 - INFO - Epoch [3/30] | Batch [90/120] | Loss: 0.2473
2025-11-28 23:13:29 - INFO - Epoch [3/30] | Batch [100/120] | Loss: 0.3503
2025-11-28 23:13:31 - INFO - Epoch [3/30] | Batch [110/120] | Loss: 0.2069
2025-11-28 23:13:31 - INFO - Epoch [3/30] | Batch [120/120] | Loss: 0.3403
2025-11-28 23:13:32 - INFO - Epoch [3] 训练结果 | Loss: 0.2249 | Precision: 0.9356 | Recall: 0.9467 | F1: 0.9411
2025-11-28 23:14:11 - INFO - 
Validation 结果 | Loss: 0.3005 | Precision: 0.9597 | Recall: 0.8953 | F1: 0.9264

2025-11-28 23:14:11 - INFO - 
======================================== Epoch 4/30 ========================================
2025-11-28 23:14:45 - INFO - Epoch [4/30] | Batch [10/120] | Loss: 0.1290
2025-11-28 23:14:47 - INFO - Epoch [4/30] | Batch [20/120] | Loss: 0.1676
2025-11-28 23:14:50 - INFO - Epoch [4/30] | Batch [30/120] | Loss: 0.1066
2025-11-28 23:14:52 - INFO - Epoch [4/30] | Batch [40/120] | Loss: 0.2031
2025-11-28 23:14:53 - INFO - Epoch [4/30] | Batch [50/120] | Loss: 0.0901
2025-11-28 23:14:54 - INFO - Epoch [4/30] | Batch [60/120] | Loss: 0.2440
2025-11-28 23:14:56 - INFO - Epoch [4/30] | Batch [70/120] | Loss: 0.2420
2025-11-28 23:14:58 - INFO - Epoch [4/30] | Batch [80/120] | Loss: 0.0483
2025-11-28 23:15:00 - INFO - Epoch [4/30] | Batch [90/120] | Loss: 0.0925
2025-11-28 23:15:02 - INFO - Epoch [4/30] | Batch [100/120] | Loss: 0.1252
2025-11-28 23:15:04 - INFO - Epoch [4/30] | Batch [110/120] | Loss: 0.1027
2025-11-28 23:15:04 - INFO - Epoch [4/30] | Batch [120/120] | Loss: 0.1237
2025-11-28 23:15:05 - INFO - Epoch [4] 训练结果 | Loss: 0.1966 | Precision: 0.9436 | Recall: 0.948 | F1: 0.9458
2025-11-28 23:15:44 - INFO - 
Validation 结果 | Loss: 0.3505 | Precision: 0.9481 | Recall: 0.8656 | F1: 0.905

2025-11-28 23:15:44 - INFO - 
======================================== Epoch 5/30 ========================================
2025-11-28 23:16:21 - INFO - Epoch [5/30] | Batch [10/120] | Loss: 0.1976
2025-11-28 23:16:23 - INFO - Epoch [5/30] | Batch [20/120] | Loss: 0.1367
2025-11-28 23:16:25 - INFO - Epoch [5/30] | Batch [30/120] | Loss: 0.1565
2025-11-28 23:16:27 - INFO - Epoch [5/30] | Batch [40/120] | Loss: 0.2568
2025-11-28 23:16:29 - INFO - Epoch [5/30] | Batch [50/120] | Loss: 0.0998
2025-11-28 23:16:30 - INFO - Epoch [5/30] | Batch [60/120] | Loss: 0.0967
2025-11-28 23:16:31 - INFO - Epoch [5/30] | Batch [70/120] | Loss: 0.2828
2025-11-28 23:16:33 - INFO - Epoch [5/30] | Batch [80/120] | Loss: 0.1466
2025-11-28 23:16:35 - INFO - Epoch [5/30] | Batch [90/120] | Loss: 0.0433
2025-11-28 23:16:37 - INFO - Epoch [5/30] | Batch [100/120] | Loss: 0.2816
2025-11-28 23:16:39 - INFO - Epoch [5/30] | Batch [110/120] | Loss: 0.2278
2025-11-28 23:16:40 - INFO - Epoch [5/30] | Batch [120/120] | Loss: 0.0639
2025-11-28 23:16:41 - INFO - Epoch [5] 训练结果 | Loss: 0.1589 | Precision: 0.963 | Recall: 0.9585 | F1: 0.9607
2025-11-28 23:17:22 - INFO - 
Validation 结果 | Loss: 0.3543 | Precision: 0.9395 | Recall: 0.8893 | F1: 0.9137

2025-11-28 23:17:22 - INFO - 
======================================== Epoch 6/30 ========================================
2025-11-28 23:17:59 - INFO - Epoch [6/30] | Batch [10/120] | Loss: 0.0299
2025-11-28 23:18:02 - INFO - Epoch [6/30] | Batch [20/120] | Loss: 0.0721
2025-11-28 23:18:03 - INFO - Epoch [6/30] | Batch [30/120] | Loss: 0.2633
2025-11-28 23:18:05 - INFO - Epoch [6/30] | Batch [40/120] | Loss: 0.0699
2025-11-28 23:18:07 - INFO - Epoch [6/30] | Batch [50/120] | Loss: 0.4120
2025-11-28 23:18:07 - INFO - Epoch [6/30] | Batch [60/120] | Loss: 0.2440
2025-11-28 23:18:09 - INFO - Epoch [6/30] | Batch [70/120] | Loss: 0.1380
2025-11-28 23:18:12 - INFO - Epoch [6/30] | Batch [80/120] | Loss: 0.4398
2025-11-28 23:18:13 - INFO - Epoch [6/30] | Batch [90/120] | Loss: 0.4908
2025-11-28 23:18:16 - INFO - Epoch [6/30] | Batch [100/120] | Loss: 0.1869
2025-11-28 23:18:17 - INFO - Epoch [6/30] | Batch [110/120] | Loss: 0.0887
2025-11-28 23:18:18 - INFO - Epoch [6/30] | Batch [120/120] | Loss: 0.1396
2025-11-28 23:18:18 - INFO - Epoch [6] 训练结果 | Loss: 0.1451 | Precision: 0.9639 | Recall: 0.9664 | F1: 0.9652
2025-11-28 23:18:59 - INFO - 
Validation 结果 | Loss: 0.3407 | Precision: 0.9573 | Recall: 0.8854 | F1: 0.9199

2025-11-28 23:18:59 - INFO - 
======================================== Epoch 7/30 ========================================
2025-11-28 23:19:37 - INFO - Epoch [7/30] | Batch [10/120] | Loss: 0.0828
2025-11-28 23:19:39 - INFO - Epoch [7/30] | Batch [20/120] | Loss: 0.2111
2025-11-28 23:19:41 - INFO - Epoch [7/30] | Batch [30/120] | Loss: 0.2681
2025-11-28 23:19:42 - INFO - Epoch [7/30] | Batch [40/120] | Loss: 0.1928
2025-11-28 23:19:45 - INFO - Epoch [7/30] | Batch [50/120] | Loss: 0.1646
2025-11-28 23:19:45 - INFO - Epoch [7/30] | Batch [60/120] | Loss: 0.1927
2025-11-28 23:19:47 - INFO - Epoch [7/30] | Batch [70/120] | Loss: 0.1766
2025-11-28 23:19:49 - INFO - Epoch [7/30] | Batch [80/120] | Loss: 0.0253
2025-11-28 23:19:51 - INFO - Epoch [7/30] | Batch [90/120] | Loss: 0.0267
2025-11-28 23:19:53 - INFO - Epoch [7/30] | Batch [100/120] | Loss: 0.2431
2025-11-28 23:19:55 - INFO - Epoch [7/30] | Batch [110/120] | Loss: 0.0326
2025-11-28 23:19:55 - INFO - Epoch [7/30] | Batch [120/120] | Loss: 0.0400
2025-11-28 23:19:56 - INFO - Epoch [7] 训练结果 | Loss: 0.1016 | Precision: 0.9775 | Recall: 0.973 | F1: 0.9753
2025-11-28 23:20:37 - INFO - 
Validation 结果 | Loss: 0.3692 | Precision: 0.9149 | Recall: 0.913 | F1: 0.9139

2025-11-28 23:20:37 - INFO - 
======================================== Epoch 8/30 ========================================
2025-11-28 23:21:15 - INFO - Epoch [8/30] | Batch [10/120] | Loss: 0.0454
2025-11-28 23:21:17 - INFO - Epoch [8/30] | Batch [20/120] | Loss: 0.0866
2025-11-28 23:21:19 - INFO - Epoch [8/30] | Batch [30/120] | Loss: 0.1183
2025-11-28 23:21:21 - INFO - Epoch [8/30] | Batch [40/120] | Loss: 0.0222
2025-11-28 23:21:23 - INFO - Epoch [8/30] | Batch [50/120] | Loss: 0.0359
2025-11-28 23:21:23 - INFO - Epoch [8/30] | Batch [60/120] | Loss: 0.0776
2025-11-28 23:21:25 - INFO - Epoch [8/30] | Batch [70/120] | Loss: 0.0310
2025-11-28 23:21:27 - INFO - Epoch [8/30] | Batch [80/120] | Loss: 0.1608
2025-11-28 23:21:29 - INFO - Epoch [8/30] | Batch [90/120] | Loss: 0.1464
2025-11-28 23:21:31 - INFO - Epoch [8/30] | Batch [100/120] | Loss: 0.0090
2025-11-28 23:21:33 - INFO - Epoch [8/30] | Batch [110/120] | Loss: 0.1173
2025-11-28 23:21:33 - INFO - Epoch [8/30] | Batch [120/120] | Loss: 0.0127
2025-11-28 23:21:34 - INFO - Epoch [8] 训练结果 | Loss: 0.0738 | Precision: 0.9803 | Recall: 0.9842 | F1: 0.9823
2025-11-28 23:22:16 - INFO - 
Validation 结果 | Loss: 0.3779 | Precision: 0.9492 | Recall: 0.8854 | F1: 0.9162

2025-11-28 23:22:16 - INFO - 
======================================== Epoch 9/30 ========================================
2025-11-28 23:22:52 - INFO - Epoch [9/30] | Batch [10/120] | Loss: 0.0103
2025-11-28 23:22:54 - INFO - Epoch [9/30] | Batch [20/120] | Loss: 0.0817
2025-11-28 23:22:57 - INFO - Epoch [9/30] | Batch [30/120] | Loss: 0.0078
2025-11-28 23:22:58 - INFO - Epoch [9/30] | Batch [40/120] | Loss: 0.0183
2025-11-28 23:23:01 - INFO - Epoch [9/30] | Batch [50/120] | Loss: 0.0180
2025-11-28 23:23:02 - INFO - Epoch [9/30] | Batch [60/120] | Loss: 0.0044
2025-11-28 23:23:03 - INFO - Epoch [9/30] | Batch [70/120] | Loss: 0.0055
2025-11-28 23:23:05 - INFO - Epoch [9/30] | Batch [80/120] | Loss: 0.0174
2025-11-28 23:23:08 - INFO - Epoch [9/30] | Batch [90/120] | Loss: 0.0026
2025-11-28 23:23:08 - INFO - Epoch [9/30] | Batch [100/120] | Loss: 0.0658
2025-11-28 23:23:10 - INFO - Epoch [9/30] | Batch [110/120] | Loss: 0.1953
2025-11-28 23:23:12 - INFO - Epoch [9/30] | Batch [120/120] | Loss: 0.0066
2025-11-28 23:23:13 - INFO - Epoch [9] 训练结果 | Loss: 0.0523 | Precision: 0.9895 | Recall: 0.9895 | F1: 0.9895
2025-11-28 23:23:54 - INFO - 
Validation 结果 | Loss: 0.4985 | Precision: 0.9296 | Recall: 0.8874 | F1: 0.908

2025-11-28 23:23:54 - INFO - 
======================================== Epoch 10/30 ========================================
2025-11-28 23:24:31 - INFO - Epoch [10/30] | Batch [10/120] | Loss: 0.0897
2025-11-28 23:24:32 - INFO - Epoch [10/30] | Batch [20/120] | Loss: 0.0573
2025-11-28 23:24:34 - INFO - Epoch [10/30] | Batch [30/120] | Loss: 0.0193
2025-11-28 23:24:36 - INFO - Epoch [10/30] | Batch [40/120] | Loss: 0.0093
2025-11-28 23:24:38 - INFO - Epoch [10/30] | Batch [50/120] | Loss: 0.0035
2025-11-28 23:24:39 - INFO - Epoch [10/30] | Batch [60/120] | Loss: 0.0037
2025-11-28 23:24:42 - INFO - Epoch [10/30] | Batch [70/120] | Loss: 0.0254
2025-11-28 23:24:44 - INFO - Epoch [10/30] | Batch [80/120] | Loss: 0.0045
2025-11-28 23:24:45 - INFO - Epoch [10/30] | Batch [90/120] | Loss: 0.0477
2025-11-28 23:24:46 - INFO - Epoch [10/30] | Batch [100/120] | Loss: 0.0137
2025-11-28 23:24:48 - INFO - Epoch [10/30] | Batch [110/120] | Loss: 0.0460
2025-11-28 23:24:49 - INFO - Epoch [10/30] | Batch [120/120] | Loss: 0.0487
2025-11-28 23:24:50 - INFO - Epoch [10] 训练结果 | Loss: 0.0494 | Precision: 0.9901 | Recall: 0.9882 | F1: 0.9891
2025-11-28 23:25:31 - INFO - 
Validation 结果 | Loss: 0.4527 | Precision: 0.9395 | Recall: 0.8893 | F1: 0.9137

2025-11-28 23:25:31 - INFO - 
======================================== Epoch 11/30 ========================================
2025-11-28 23:26:09 - INFO - Epoch [11/30] | Batch [10/120] | Loss: 0.0079
2025-11-28 23:26:12 - INFO - Epoch [11/30] | Batch [20/120] | Loss: 0.3251
2025-11-28 23:26:14 - INFO - Epoch [11/30] | Batch [30/120] | Loss: 0.0093
2025-11-28 23:26:15 - INFO - Epoch [11/30] | Batch [40/120] | Loss: 0.0187
2025-11-28 23:26:16 - INFO - Epoch [11/30] | Batch [50/120] | Loss: 0.0074
2025-11-28 23:26:18 - INFO - Epoch [11/30] | Batch [60/120] | Loss: 0.0556
2025-11-28 23:26:20 - INFO - Epoch [11/30] | Batch [70/120] | Loss: 0.0044
2025-11-28 23:26:22 - INFO - Epoch [11/30] | Batch [80/120] | Loss: 0.0062
2025-11-28 23:26:23 - INFO - Epoch [11/30] | Batch [90/120] | Loss: 0.0088
2025-11-28 23:26:25 - INFO - Epoch [11/30] | Batch [100/120] | Loss: 0.0078
2025-11-28 23:26:26 - INFO - Epoch [11/30] | Batch [110/120] | Loss: 0.0072
2025-11-28 23:26:28 - INFO - Epoch [11/30] | Batch [120/120] | Loss: 0.0029
2025-11-28 23:26:28 - INFO - Epoch [11] 训练结果 | Loss: 0.0317 | Precision: 0.9947 | Recall: 0.9947 | F1: 0.9947
2025-11-28 23:27:09 - INFO - 
Validation 结果 | Loss: 0.4889 | Precision: 0.9398 | Recall: 0.8953 | F1: 0.917

2025-11-28 23:27:09 - INFO - 
======================================== Epoch 12/30 ========================================
2025-11-28 23:27:46 - INFO - Epoch [12/30] | Batch [10/120] | Loss: 0.0055
2025-11-28 23:27:48 - INFO - Epoch [12/30] | Batch [20/120] | Loss: 0.0096
2025-11-28 23:27:50 - INFO - Epoch [12/30] | Batch [30/120] | Loss: 0.1369
2025-11-28 23:27:52 - INFO - Epoch [12/30] | Batch [40/120] | Loss: 0.0058
2025-11-28 23:27:54 - INFO - Epoch [12/30] | Batch [50/120] | Loss: 0.0064
2025-11-28 23:27:54 - INFO - Epoch [12/30] | Batch [60/120] | Loss: 0.0070
2025-11-28 23:27:56 - INFO - Epoch [12/30] | Batch [70/120] | Loss: 0.0102
2025-11-28 23:27:59 - INFO - Epoch [12/30] | Batch [80/120] | Loss: 0.0021
2025-11-28 23:28:00 - INFO - Epoch [12/30] | Batch [90/120] | Loss: 0.0450
2025-11-28 23:28:02 - INFO - Epoch [12/30] | Batch [100/120] | Loss: 0.0042
2025-11-28 23:28:04 - INFO - Epoch [12/30] | Batch [110/120] | Loss: 0.0137
2025-11-28 23:28:04 - INFO - Epoch [12/30] | Batch [120/120] | Loss: 0.0067
2025-11-28 23:28:05 - INFO - Epoch [12] 训练结果 | Loss: 0.0288 | Precision: 0.9941 | Recall: 0.9961 | F1: 0.9951
2025-11-28 23:28:47 - INFO - 
Validation 结果 | Loss: 0.4987 | Precision: 0.9415 | Recall: 0.8913 | F1: 0.9157

2025-11-28 23:28:47 - INFO - 
======================================== Epoch 13/30 ========================================
2025-11-28 23:29:24 - INFO - Epoch [13/30] | Batch [10/120] | Loss: 0.0099
2025-11-28 23:29:26 - INFO - Epoch [13/30] | Batch [20/120] | Loss: 0.0138
2025-11-28 23:29:29 - INFO - Epoch [13/30] | Batch [30/120] | Loss: 0.0049
2025-11-28 23:29:30 - INFO - Epoch [13/30] | Batch [40/120] | Loss: 0.0040
2025-11-28 23:29:32 - INFO - Epoch [13/30] | Batch [50/120] | Loss: 0.0021
2025-11-28 23:29:33 - INFO - Epoch [13/30] | Batch [60/120] | Loss: 0.0758
2025-11-28 23:29:34 - INFO - Epoch [13/30] | Batch [70/120] | Loss: 0.0028
2025-11-28 23:29:36 - INFO - Epoch [13/30] | Batch [80/120] | Loss: 0.0036
2025-11-28 23:29:39 - INFO - Epoch [13/30] | Batch [90/120] | Loss: 0.0948
2025-11-28 23:29:40 - INFO - Epoch [13/30] | Batch [100/120] | Loss: 0.0022
2025-11-28 23:29:42 - INFO - Epoch [13/30] | Batch [110/120] | Loss: 0.1106
2025-11-28 23:29:43 - INFO - Epoch [13/30] | Batch [120/120] | Loss: 0.0117
2025-11-28 23:29:44 - INFO - Epoch [13] 训练结果 | Loss: 0.0253 | Precision: 0.9961 | Recall: 0.9961 | F1: 0.9961
2025-11-28 23:30:25 - INFO - 
Validation 结果 | Loss: 0.4975 | Precision: 0.9375 | Recall: 0.8893 | F1: 0.9128

2025-11-28 23:30:25 - INFO - 
======================================== Epoch 14/30 ========================================
2025-11-28 23:31:02 - INFO - Epoch [14/30] | Batch [10/120] | Loss: 0.0798
2025-11-28 23:31:04 - INFO - Epoch [14/30] | Batch [20/120] | Loss: 0.0013
2025-11-28 23:31:06 - INFO - Epoch [14/30] | Batch [30/120] | Loss: 0.0148
2025-11-28 23:31:08 - INFO - Epoch [14/30] | Batch [40/120] | Loss: 0.0171
2025-11-28 23:31:09 - INFO - Epoch [14/30] | Batch [50/120] | Loss: 0.0056
2025-11-28 23:31:11 - INFO - Epoch [14/30] | Batch [60/120] | Loss: 0.0011
2025-11-28 23:31:13 - INFO - Epoch [14/30] | Batch [70/120] | Loss: 0.0063
2025-11-28 23:31:16 - INFO - Epoch [14/30] | Batch [80/120] | Loss: 0.0011
2025-11-28 23:31:17 - INFO - Epoch [14/30] | Batch [90/120] | Loss: 0.0030
2025-11-28 23:31:20 - INFO - Epoch [14/30] | Batch [100/120] | Loss: 0.0015
2025-11-28 23:31:20 - INFO - Epoch [14/30] | Batch [110/120] | Loss: 0.0018
2025-11-28 23:31:22 - INFO - Epoch [14/30] | Batch [120/120] | Loss: 0.0018
2025-11-28 23:31:23 - INFO - Epoch [14] 训练结果 | Loss: 0.0101 | Precision: 0.9987 | Recall: 0.998 | F1: 0.9984
2025-11-28 23:32:04 - INFO - 
Validation 结果 | Loss: 0.5538 | Precision: 0.9321 | Recall: 0.8953 | F1: 0.9133

2025-11-28 23:32:04 - INFO - 
======================================== Epoch 15/30 ========================================
2025-11-28 23:32:40 - INFO - Epoch [15/30] | Batch [10/120] | Loss: 0.0090
2025-11-28 23:32:43 - INFO - Epoch [15/30] | Batch [20/120] | Loss: 0.0013
2025-11-28 23:32:45 - INFO - Epoch [15/30] | Batch [30/120] | Loss: 0.0015
2025-11-28 23:32:46 - INFO - Epoch [15/30] | Batch [40/120] | Loss: 0.0060
2025-11-28 23:32:48 - INFO - Epoch [15/30] | Batch [50/120] | Loss: 0.0029
2025-11-28 23:32:49 - INFO - Epoch [15/30] | Batch [60/120] | Loss: 0.0018
2025-11-28 23:32:51 - INFO - Epoch [15/30] | Batch [70/120] | Loss: 0.0022
2025-11-28 23:32:53 - INFO - Epoch [15/30] | Batch [80/120] | Loss: 0.0032
2025-11-28 23:32:55 - INFO - Epoch [15/30] | Batch [90/120] | Loss: 0.0204
2025-11-28 23:32:57 - INFO - Epoch [15/30] | Batch [100/120] | Loss: 0.0088
2025-11-28 23:32:57 - INFO - Epoch [15/30] | Batch [110/120] | Loss: 0.0138
2025-11-28 23:32:59 - INFO - Epoch [15/30] | Batch [120/120] | Loss: 0.0008
2025-11-28 23:33:00 - INFO - Epoch [15] 训练结果 | Loss: 0.0075 | Precision: 0.998 | Recall: 1.0 | F1: 0.999
2025-11-28 23:33:41 - INFO - 
Validation 结果 | Loss: 0.5802 | Precision: 0.9379 | Recall: 0.8953 | F1: 0.9161

2025-11-28 23:33:41 - INFO - 
======================================== Epoch 16/30 ========================================
2025-11-28 23:34:18 - INFO - Epoch [16/30] | Batch [10/120] | Loss: 0.0221
2025-11-28 23:34:20 - INFO - Epoch [16/30] | Batch [20/120] | Loss: 0.0019
2025-11-28 23:34:22 - INFO - Epoch [16/30] | Batch [30/120] | Loss: 0.0239
2025-11-28 23:34:24 - INFO - Epoch [16/30] | Batch [40/120] | Loss: 0.0044
2025-11-28 23:34:25 - INFO - Epoch [16/30] | Batch [50/120] | Loss: 0.0015
2025-11-28 23:34:26 - INFO - Epoch [16/30] | Batch [60/120] | Loss: 0.0008
2025-11-28 23:34:28 - INFO - Epoch [16/30] | Batch [70/120] | Loss: 0.0087
2025-11-28 23:34:31 - INFO - Epoch [16/30] | Batch [80/120] | Loss: 0.0011
2025-11-28 23:34:32 - INFO - Epoch [16/30] | Batch [90/120] | Loss: 0.0223
2025-11-28 23:34:34 - INFO - Epoch [16/30] | Batch [100/120] | Loss: 0.0030
2025-11-28 23:34:35 - INFO - Epoch [16/30] | Batch [110/120] | Loss: 0.0085
2025-11-28 23:34:37 - INFO - Epoch [16/30] | Batch [120/120] | Loss: 0.0067
2025-11-28 23:34:38 - INFO - Epoch [16] 训练结果 | Loss: 0.0066 | Precision: 0.9993 | Recall: 1.0 | F1: 0.9997
2025-11-28 23:35:30 - INFO - 
Validation 结果 | Loss: 0.5635 | Precision: 0.9397 | Recall: 0.8933 | F1: 0.9159

2025-11-28 23:35:30 - INFO - 
======================================== Epoch 17/30 ========================================
2025-11-28 23:36:08 - INFO - Epoch [17/30] | Batch [10/120] | Loss: 0.0005
2025-11-28 23:36:10 - INFO - Epoch [17/30] | Batch [20/120] | Loss: 0.0012
2025-11-28 23:36:12 - INFO - Epoch [17/30] | Batch [30/120] | Loss: 0.0012
2025-11-28 23:36:14 - INFO - Epoch [17/30] | Batch [40/120] | Loss: 0.0009
2025-11-28 23:36:16 - INFO - Epoch [17/30] | Batch [50/120] | Loss: 0.0005
2025-11-28 23:36:17 - INFO - Epoch [17/30] | Batch [60/120] | Loss: 0.0005
2025-11-28 23:36:19 - INFO - Epoch [17/30] | Batch [70/120] | Loss: 0.0018
2025-11-28 23:36:21 - INFO - Epoch [17/30] | Batch [80/120] | Loss: 0.0012
2025-11-28 23:36:22 - INFO - Epoch [17/30] | Batch [90/120] | Loss: 0.0029
2025-11-28 23:36:24 - INFO - Epoch [17/30] | Batch [100/120] | Loss: 0.0049
2025-11-28 23:36:25 - INFO - Epoch [17/30] | Batch [110/120] | Loss: 0.0190
2025-11-28 23:36:27 - INFO - Epoch [17/30] | Batch [120/120] | Loss: 0.0010
2025-11-28 23:36:28 - INFO - Epoch [17] 训练结果 | Loss: 0.0067 | Precision: 0.9987 | Recall: 0.9987 | F1: 0.9987
2025-11-28 23:37:07 - INFO - 
Validation 结果 | Loss: 0.5931 | Precision: 0.9429 | Recall: 0.8814 | F1: 0.9111

2025-11-28 23:37:07 - INFO - 
======================================== Epoch 18/30 ========================================
2025-11-28 23:37:43 - INFO - Epoch [18/30] | Batch [10/120] | Loss: 0.0003
2025-11-28 23:37:46 - INFO - Epoch [18/30] | Batch [20/120] | Loss: 0.0008
2025-11-28 23:37:47 - INFO - Epoch [18/30] | Batch [30/120] | Loss: 0.0005
2025-11-28 23:37:49 - INFO - Epoch [18/30] | Batch [40/120] | Loss: 0.0028
2025-11-28 23:37:51 - INFO - Epoch [18/30] | Batch [50/120] | Loss: 0.0054
2025-11-28 23:37:51 - INFO - Epoch [18/30] | Batch [60/120] | Loss: 0.0007
2025-11-28 23:37:54 - INFO - Epoch [18/30] | Batch [70/120] | Loss: 0.0047
2025-11-28 23:37:56 - INFO - Epoch [18/30] | Batch [80/120] | Loss: 0.0007
2025-11-28 23:37:58 - INFO - Epoch [18/30] | Batch [90/120] | Loss: 0.0013
2025-11-28 23:38:00 - INFO - Epoch [18/30] | Batch [100/120] | Loss: 0.0016
2025-11-28 23:38:02 - INFO - Epoch [18/30] | Batch [110/120] | Loss: 0.0012
2025-11-28 23:38:02 - INFO - Epoch [18/30] | Batch [120/120] | Loss: 0.0023
2025-11-28 23:38:03 - INFO - Epoch [18] 训练结果 | Loss: 0.0069 | Precision: 1.0 | Recall: 0.9987 | F1: 0.9993
2025-11-28 23:38:43 - INFO - 
Validation 结果 | Loss: 0.5853 | Precision: 0.9309 | Recall: 0.9051 | F1: 0.9178

2025-11-28 23:38:43 - INFO - 
======================================== Epoch 19/30 ========================================
2025-11-28 23:39:19 - INFO - Epoch [19/30] | Batch [10/120] | Loss: 0.0038
2025-11-28 23:39:21 - INFO - Epoch [19/30] | Batch [20/120] | Loss: 0.0018
2025-11-28 23:39:23 - INFO - Epoch [19/30] | Batch [30/120] | Loss: 0.0022
2025-11-28 23:39:25 - INFO - Epoch [19/30] | Batch [40/120] | Loss: 0.0007
2025-11-28 23:39:27 - INFO - Epoch [19/30] | Batch [50/120] | Loss: 0.0014
2025-11-28 23:39:27 - INFO - Epoch [19/30] | Batch [60/120] | Loss: 0.0016
2025-11-28 23:39:30 - INFO - Epoch [19/30] | Batch [70/120] | Loss: 0.0007
2025-11-28 23:39:32 - INFO - Epoch [19/30] | Batch [80/120] | Loss: 0.1282
2025-11-28 23:39:34 - INFO - Epoch [19/30] | Batch [90/120] | Loss: 0.0005
2025-11-28 23:39:36 - INFO - Epoch [19/30] | Batch [100/120] | Loss: 0.0018
2025-11-28 23:39:37 - INFO - Epoch [19/30] | Batch [110/120] | Loss: 0.0006
2025-11-28 23:39:37 - INFO - Epoch [19/30] | Batch [120/120] | Loss: 0.0009
2025-11-28 23:39:38 - INFO - Epoch [19] 训练结果 | Loss: 0.0097 | Precision: 0.9987 | Recall: 0.9987 | F1: 0.9987
2025-11-28 23:40:20 - INFO - 
Validation 结果 | Loss: 0.5899 | Precision: 0.9378 | Recall: 0.8933 | F1: 0.915

2025-11-28 23:40:20 - INFO - 
======================================== Epoch 20/30 ========================================
2025-11-28 23:40:57 - INFO - Epoch [20/30] | Batch [10/120] | Loss: 0.0016
2025-11-28 23:41:00 - INFO - Epoch [20/30] | Batch [20/120] | Loss: 0.0002
2025-11-28 23:41:01 - INFO - Epoch [20/30] | Batch [30/120] | Loss: 0.0025
2025-11-28 23:41:03 - INFO - Epoch [20/30] | Batch [40/120] | Loss: 0.0019
2025-11-28 23:41:05 - INFO - Epoch [20/30] | Batch [50/120] | Loss: 0.0016
2025-11-28 23:41:06 - INFO - Epoch [20/30] | Batch [60/120] | Loss: 0.0155
2025-11-28 23:41:08 - INFO - Epoch [20/30] | Batch [70/120] | Loss: 0.0023
2025-11-28 23:41:09 - INFO - Epoch [20/30] | Batch [80/120] | Loss: 0.0110
2025-11-28 23:41:11 - INFO - Epoch [20/30] | Batch [90/120] | Loss: 0.0062
2025-11-28 23:41:13 - INFO - Epoch [20/30] | Batch [100/120] | Loss: 0.0004
2025-11-28 23:41:15 - INFO - Epoch [20/30] | Batch [110/120] | Loss: 0.0088
2025-11-28 23:41:16 - INFO - Epoch [20/30] | Batch [120/120] | Loss: 0.0216
2025-11-28 23:41:17 - INFO - Epoch [20] 训练结果 | Loss: 0.0052 | Precision: 1.0 | Recall: 1.0 | F1: 1.0
2025-11-28 23:41:59 - INFO - 
Validation 结果 | Loss: 0.6253 | Precision: 0.9414 | Recall: 0.8893 | F1: 0.9146

2025-11-28 23:41:59 - INFO - 
======================================== Epoch 21/30 ========================================
2025-11-28 23:42:36 - INFO - Epoch [21/30] | Batch [10/120] | Loss: 0.0022
2025-11-28 23:42:39 - INFO - Epoch [21/30] | Batch [20/120] | Loss: 0.0018
2025-11-28 23:42:41 - INFO - Epoch [21/30] | Batch [30/120] | Loss: 0.0008
2025-11-28 23:42:43 - INFO - Epoch [21/30] | Batch [40/120] | Loss: 0.0098
2025-11-28 23:42:44 - INFO - Epoch [21/30] | Batch [50/120] | Loss: 0.0236
2025-11-28 23:42:46 - INFO - Epoch [21/30] | Batch [60/120] | Loss: 0.0023
2025-11-28 23:42:49 - INFO - Epoch [21/30] | Batch [70/120] | Loss: 0.0009
2025-11-28 23:42:50 - INFO - Epoch [21/30] | Batch [80/120] | Loss: 0.0011
2025-11-28 23:42:53 - INFO - Epoch [21/30] | Batch [90/120] | Loss: 0.0010
2025-11-28 23:42:55 - INFO - Epoch [21/30] | Batch [100/120] | Loss: 0.0005
2025-11-28 23:42:55 - INFO - Epoch [21/30] | Batch [110/120] | Loss: 0.0009
2025-11-28 23:42:56 - INFO - Epoch [21/30] | Batch [120/120] | Loss: 0.0020
2025-11-28 23:42:57 - INFO - Epoch [21] 训练结果 | Loss: 0.0040 | Precision: 0.9993 | Recall: 1.0 | F1: 0.9997
2025-11-28 23:43:39 - INFO - 
Validation 结果 | Loss: 0.6314 | Precision: 0.943 | Recall: 0.8834 | F1: 0.9122

2025-11-28 23:43:39 - INFO - 
======================================== Epoch 22/30 ========================================
2025-11-28 23:44:17 - INFO - Epoch [22/30] | Batch [10/120] | Loss: 0.0019
2025-11-28 23:44:20 - INFO - Epoch [22/30] | Batch [20/120] | Loss: 0.0037
2025-11-28 23:44:22 - INFO - Epoch [22/30] | Batch [30/120] | Loss: 0.0015
2025-11-28 23:44:24 - INFO - Epoch [22/30] | Batch [40/120] | Loss: 0.0006
2025-11-28 23:44:26 - INFO - Epoch [22/30] | Batch [50/120] | Loss: 0.0011
2025-11-28 23:44:26 - INFO - Epoch [22/30] | Batch [60/120] | Loss: 0.0031
2025-11-28 23:44:28 - INFO - Epoch [22/30] | Batch [70/120] | Loss: 0.0007
2025-11-28 23:44:30 - INFO - Epoch [22/30] | Batch [80/120] | Loss: 0.0007
2025-11-28 23:44:32 - INFO - Epoch [22/30] | Batch [90/120] | Loss: 0.0005
2025-11-28 23:44:33 - INFO - Epoch [22/30] | Batch [100/120] | Loss: 0.0013
2025-11-28 23:44:34 - INFO - Epoch [22/30] | Batch [110/120] | Loss: 0.0051
2025-11-28 23:44:36 - INFO - Epoch [22/30] | Batch [120/120] | Loss: 0.0022
2025-11-28 23:44:37 - INFO - Epoch [22] 训练结果 | Loss: 0.0037 | Precision: 1.0 | Recall: 0.9993 | F1: 0.9997
2025-11-28 23:45:19 - INFO - 
Validation 结果 | Loss: 0.6094 | Precision: 0.9339 | Recall: 0.8933 | F1: 0.9131

2025-11-28 23:45:19 - INFO - 
======================================== Epoch 23/30 ========================================
2025-11-28 23:45:55 - INFO - Epoch [23/30] | Batch [10/120] | Loss: 0.0015
2025-11-28 23:45:57 - INFO - Epoch [23/30] | Batch [20/120] | Loss: 0.0007
2025-11-28 23:45:59 - INFO - Epoch [23/30] | Batch [30/120] | Loss: 0.0014
2025-11-28 23:46:01 - INFO - Epoch [23/30] | Batch [40/120] | Loss: 0.0008
2025-11-28 23:46:03 - INFO - Epoch [23/30] | Batch [50/120] | Loss: 0.0008
2025-11-28 23:46:04 - INFO - Epoch [23/30] | Batch [60/120] | Loss: 0.0009
2025-11-28 23:46:06 - INFO - Epoch [23/30] | Batch [70/120] | Loss: 0.0005
2025-11-28 23:46:08 - INFO - Epoch [23/30] | Batch [80/120] | Loss: 0.0050
2025-11-28 23:46:11 - INFO - Epoch [23/30] | Batch [90/120] | Loss: 0.0145
2025-11-28 23:46:11 - INFO - Epoch [23/30] | Batch [100/120] | Loss: 0.0007
2025-11-28 23:46:13 - INFO - Epoch [23/30] | Batch [110/120] | Loss: 0.0006
2025-11-28 23:46:15 - INFO - Epoch [23/30] | Batch [120/120] | Loss: 0.0007
2025-11-28 23:46:16 - INFO - Epoch [23] 训练结果 | Loss: 0.0025 | Precision: 1.0 | Recall: 1.0 | F1: 1.0
2025-11-28 23:46:57 - INFO - 
Validation 结果 | Loss: 0.5999 | Precision: 0.9342 | Recall: 0.8972 | F1: 0.9153

2025-11-28 23:46:57 - INFO - 
======================================== Epoch 24/30 ========================================
2025-11-28 23:47:34 - INFO - Epoch [24/30] | Batch [10/120] | Loss: 0.0005
2025-11-28 23:47:36 - INFO - Epoch [24/30] | Batch [20/120] | Loss: 0.0006
2025-11-28 23:47:38 - INFO - Epoch [24/30] | Batch [30/120] | Loss: 0.0007
2025-11-28 23:47:40 - INFO - Epoch [24/30] | Batch [40/120] | Loss: 0.0034
2025-11-28 23:47:42 - INFO - Epoch [24/30] | Batch [50/120] | Loss: 0.0014
2025-11-28 23:47:43 - INFO - Epoch [24/30] | Batch [60/120] | Loss: 0.0010
2025-11-28 23:47:44 - INFO - Epoch [24/30] | Batch [70/120] | Loss: 0.0023
2025-11-28 23:47:46 - INFO - Epoch [24/30] | Batch [80/120] | Loss: 0.0004
2025-11-28 23:47:48 - INFO - Epoch [24/30] | Batch [90/120] | Loss: 0.0010
2025-11-28 23:47:51 - INFO - Epoch [24/30] | Batch [100/120] | Loss: 0.0015
2025-11-28 23:47:53 - INFO - Epoch [24/30] | Batch [110/120] | Loss: 0.0007
2025-11-28 23:47:53 - INFO - Epoch [24/30] | Batch [120/120] | Loss: 0.0005
2025-11-28 23:47:54 - INFO - Epoch [24] 训练结果 | Loss: 0.0031 | Precision: 1.0 | Recall: 1.0 | F1: 1.0
2025-11-28 23:48:36 - INFO - 
Validation 结果 | Loss: 0.6007 | Precision: 0.9358 | Recall: 0.8933 | F1: 0.9141

2025-11-28 23:48:36 - INFO - 
======================================== Epoch 25/30 ========================================
2025-11-28 23:49:13 - INFO - Epoch [25/30] | Batch [10/120] | Loss: 0.0014
2025-11-28 23:49:16 - INFO - Epoch [25/30] | Batch [20/120] | Loss: 0.0022
2025-11-28 23:49:18 - INFO - Epoch [25/30] | Batch [30/120] | Loss: 0.0008
2025-11-28 23:49:19 - INFO - Epoch [25/30] | Batch [40/120] | Loss: 0.0005
2025-11-28 23:49:21 - INFO - Epoch [25/30] | Batch [50/120] | Loss: 0.0036
2025-11-28 23:49:23 - INFO - Epoch [25/30] | Batch [60/120] | Loss: 0.0022
2025-11-28 23:49:24 - INFO - Epoch [25/30] | Batch [70/120] | Loss: 0.0008
2025-11-28 23:49:25 - INFO - Epoch [25/30] | Batch [80/120] | Loss: 0.0003
2025-11-28 23:49:28 - INFO - Epoch [25/30] | Batch [90/120] | Loss: 0.0009
2025-11-28 23:49:30 - INFO - Epoch [25/30] | Batch [100/120] | Loss: 0.0004
2025-11-28 23:49:31 - INFO - Epoch [25/30] | Batch [110/120] | Loss: 0.0006
2025-11-28 23:49:34 - INFO - Epoch [25/30] | Batch [120/120] | Loss: 0.0017
2025-11-28 23:49:35 - INFO - Epoch [25] 训练结果 | Loss: 0.0024 | Precision: 1.0 | Recall: 1.0 | F1: 1.0
2025-11-28 23:50:16 - INFO - 
Validation 结果 | Loss: 0.6031 | Precision: 0.9271 | Recall: 0.9051 | F1: 0.916

2025-11-28 23:50:16 - INFO - 
======================================== Epoch 26/30 ========================================
2025-11-28 23:50:54 - INFO - Epoch [26/30] | Batch [10/120] | Loss: 0.0004
2025-11-28 23:50:56 - INFO - Epoch [26/30] | Batch [20/120] | Loss: 0.0004
2025-11-28 23:50:58 - INFO - Epoch [26/30] | Batch [30/120] | Loss: 0.0004
2025-11-28 23:50:59 - INFO - Epoch [26/30] | Batch [40/120] | Loss: 0.0015
2025-11-28 23:51:01 - INFO - Epoch [26/30] | Batch [50/120] | Loss: 0.0008
2025-11-28 23:51:03 - INFO - Epoch [26/30] | Batch [60/120] | Loss: 0.0030
2025-11-28 23:51:05 - INFO - Epoch [26/30] | Batch [70/120] | Loss: 0.0011
2025-11-28 23:51:07 - INFO - Epoch [26/30] | Batch [80/120] | Loss: 0.0181
2025-11-28 23:51:09 - INFO - Epoch [26/30] | Batch [90/120] | Loss: 0.0014
2025-11-28 23:51:10 - INFO - Epoch [26/30] | Batch [100/120] | Loss: 0.0022
2025-11-28 23:51:11 - INFO - Epoch [26/30] | Batch [110/120] | Loss: 0.0003
2025-11-28 23:51:13 - INFO - Epoch [26/30] | Batch [120/120] | Loss: 0.0048
2025-11-28 23:51:14 - INFO - Epoch [26] 训练结果 | Loss: 0.0039 | Precision: 0.9993 | Recall: 1.0 | F1: 0.9997
2025-11-28 23:51:56 - INFO - 
Validation 结果 | Loss: 0.6020 | Precision: 0.9306 | Recall: 0.9012 | F1: 0.9157

2025-11-28 23:51:56 - INFO - 
======================================== Epoch 27/30 ========================================
2025-11-28 23:52:34 - INFO - Epoch [27/30] | Batch [10/120] | Loss: 0.0009
2025-11-28 23:52:36 - INFO - Epoch [27/30] | Batch [20/120] | Loss: 0.0025
2025-11-28 23:52:38 - INFO - Epoch [27/30] | Batch [30/120] | Loss: 0.0007
2025-11-28 23:52:39 - INFO - Epoch [27/30] | Batch [40/120] | Loss: 0.0040
2025-11-28 23:52:41 - INFO - Epoch [27/30] | Batch [50/120] | Loss: 0.0091
2025-11-28 23:52:42 - INFO - Epoch [27/30] | Batch [60/120] | Loss: 0.0010
2025-11-28 23:52:44 - INFO - Epoch [27/30] | Batch [70/120] | Loss: 0.0027
2025-11-28 23:52:46 - INFO - Epoch [27/30] | Batch [80/120] | Loss: 0.0014
2025-11-28 23:52:48 - INFO - Epoch [27/30] | Batch [90/120] | Loss: 0.0003
2025-11-28 23:52:50 - INFO - Epoch [27/30] | Batch [100/120] | Loss: 0.0035
2025-11-28 23:52:53 - INFO - Epoch [27/30] | Batch [110/120] | Loss: 0.0020
2025-11-28 23:52:53 - INFO - Epoch [27/30] | Batch [120/120] | Loss: 0.0008
2025-11-28 23:52:54 - INFO - Epoch [27] 训练结果 | Loss: 0.0030 | Precision: 1.0 | Recall: 0.9993 | F1: 0.9997
2025-11-28 23:53:35 - INFO - 
Validation 结果 | Loss: 0.6092 | Precision: 0.9268 | Recall: 0.9012 | F1: 0.9138

2025-11-28 23:53:35 - INFO - 
======================================== Epoch 28/30 ========================================
2025-11-28 23:54:13 - INFO - Epoch [28/30] | Batch [10/120] | Loss: 0.0220
2025-11-28 23:54:15 - INFO - Epoch [28/30] | Batch [20/120] | Loss: 0.0274
2025-11-28 23:54:17 - INFO - Epoch [28/30] | Batch [30/120] | Loss: 0.0029
2025-11-28 23:54:18 - INFO - Epoch [28/30] | Batch [40/120] | Loss: 0.0018
2025-11-28 23:54:19 - INFO - Epoch [28/30] | Batch [50/120] | Loss: 0.0005
2025-11-28 23:54:21 - INFO - Epoch [28/30] | Batch [60/120] | Loss: 0.0005
2025-11-28 23:54:23 - INFO - Epoch [28/30] | Batch [70/120] | Loss: 0.0007
2025-11-28 23:54:25 - INFO - Epoch [28/30] | Batch [80/120] | Loss: 0.0006
2025-11-28 23:54:26 - INFO - Epoch [28/30] | Batch [90/120] | Loss: 0.0011
2025-11-28 23:54:29 - INFO - Epoch [28/30] | Batch [100/120] | Loss: 0.0011
2025-11-28 23:54:29 - INFO - Epoch [28/30] | Batch [110/120] | Loss: 0.0005
2025-11-28 23:54:31 - INFO - Epoch [28/30] | Batch [120/120] | Loss: 0.0006
2025-11-28 23:54:32 - INFO - Epoch [28] 训练结果 | Loss: 0.0033 | Precision: 1.0 | Recall: 1.0 | F1: 1.0
2025-11-28 23:55:14 - INFO - 
Validation 结果 | Loss: 0.6298 | Precision: 0.9362 | Recall: 0.8992 | F1: 0.9173

2025-11-28 23:55:14 - INFO - 
======================================== Epoch 29/30 ========================================
2025-11-28 23:55:52 - INFO - Epoch [29/30] | Batch [10/120] | Loss: 0.0007
2025-11-28 23:55:55 - INFO - Epoch [29/30] | Batch [20/120] | Loss: 0.0017
2025-11-28 23:55:56 - INFO - Epoch [29/30] | Batch [30/120] | Loss: 0.0009
2025-11-28 23:55:58 - INFO - Epoch [29/30] | Batch [40/120] | Loss: 0.0004
2025-11-28 23:56:00 - INFO - Epoch [29/30] | Batch [50/120] | Loss: 0.0004
2025-11-28 23:56:01 - INFO - Epoch [29/30] | Batch [60/120] | Loss: 0.0013
2025-11-28 23:56:04 - INFO - Epoch [29/30] | Batch [70/120] | Loss: 0.0020
2025-11-28 23:56:05 - INFO - Epoch [29/30] | Batch [80/120] | Loss: 0.0007
2025-11-28 23:56:07 - INFO - Epoch [29/30] | Batch [90/120] | Loss: 0.0011
2025-11-28 23:56:09 - INFO - Epoch [29/30] | Batch [100/120] | Loss: 0.0020
2025-11-28 23:56:10 - INFO - Epoch [29/30] | Batch [110/120] | Loss: 0.0108
2025-11-28 23:56:11 - INFO - Epoch [29/30] | Batch [120/120] | Loss: 0.0010
2025-11-28 23:56:12 - INFO - Epoch [29] 训练结果 | Loss: 0.0024 | Precision: 1.0 | Recall: 1.0 | F1: 1.0
2025-11-28 23:56:54 - INFO - 
Validation 结果 | Loss: 0.6133 | Precision: 0.9324 | Recall: 0.8992 | F1: 0.9155

2025-11-28 23:56:54 - INFO - 
======================================== Epoch 30/30 ========================================
2025-11-28 23:57:31 - INFO - Epoch [30/30] | Batch [10/120] | Loss: 0.0030
2025-11-28 23:57:33 - INFO - Epoch [30/30] | Batch [20/120] | Loss: 0.0046
2025-11-28 23:57:36 - INFO - Epoch [30/30] | Batch [30/120] | Loss: 0.0012
2025-11-28 23:57:39 - INFO - Epoch [30/30] | Batch [40/120] | Loss: 0.0011
2025-11-28 23:57:39 - INFO - Epoch [30/30] | Batch [50/120] | Loss: 0.0010
2025-11-28 23:57:40 - INFO - Epoch [30/30] | Batch [60/120] | Loss: 0.0009
2025-11-28 23:57:42 - INFO - Epoch [30/30] | Batch [70/120] | Loss: 0.0008
2025-11-28 23:57:45 - INFO - Epoch [30/30] | Batch [80/120] | Loss: 0.0034
2025-11-28 23:57:46 - INFO - Epoch [30/30] | Batch [90/120] | Loss: 0.0126
2025-11-28 23:57:48 - INFO - Epoch [30/30] | Batch [100/120] | Loss: 0.0015
2025-11-28 23:57:49 - INFO - Epoch [30/30] | Batch [110/120] | Loss: 0.0002
2025-11-28 23:57:51 - INFO - Epoch [30/30] | Batch [120/120] | Loss: 0.0007
2025-11-28 23:57:52 - INFO - Epoch [30] 训练结果 | Loss: 0.0021 | Precision: 1.0 | Recall: 1.0 | F1: 1.0
2025-11-28 23:58:33 - INFO - 
Validation 结果 | Loss: 0.6261 | Precision: 0.934 | Recall: 0.8953 | F1: 0.9142

2025-11-28 23:58:33 - INFO - 
============================================================
2025-11-28 23:58:33 - INFO - 测试集最终评估（加载最佳模型）
2025-11-28 23:58:33 - INFO - ============================================================
2025-11-28 23:59:15 - INFO - 
Test 结果 | Loss: 0.2189 | Precision: 0.9423 | Recall: 0.9368 | F1: 0.9395

2025-11-28 23:59:15 - INFO - 
============================================================
2025-11-28 23:59:15 - INFO - resnet50 训练总结：
2025-11-28 23:59:15 - INFO -  - 最佳验证F1：0.9275
2025-11-28 23:59:15 - INFO -  - 测试集Precision：0.9423
2025-11-28 23:59:15 - INFO -  - 测试集Recall：0.9368
2025-11-28 23:59:15 - INFO -  - 测试集F1：0.9395
2025-11-28 23:59:15 - INFO -  - 最佳模型路径：model_comparison_results\best_models\resnet50_best.pth
2025-11-28 23:59:15 - INFO -  - 日志文件路径：model_comparison_results\logs\resnet50_train_20251128_230925.log
2025-11-28 23:59:15 - INFO - ============================================================
