2025-11-29 09:59:14 - INFO - ============================================================
2025-11-29 09:59:14 - INFO - 开始训练模型：vgg16
2025-11-29 09:59:14 - INFO - 训练配置：{'train_csv': 'E:\\eyes__disease\\dataset\\Training_Set\\RFMiD_Training_Labels.csv', 'train_img': 'E:\\eyes__disease\\dataset\\Training_Set\\Training', 'val_csv': 'E:\\eyes__disease\\dataset\\Evaluation_Set\\RFMiD_Validation_Labels.csv', 'val_img': 'E:\\eyes__disease\\dataset\\Evaluation_Set\\Validation', 'test_csv': 'E:\\eyes__disease\\dataset\\Test_Set\\RFMiD_Testing_Labels.csv', 'test_img': 'E:\\eyes__disease\\dataset\\Test_Set\\Test', 'img_size': (224, 224), 'batch_size': 16, 'num_workers': 12, 'img_ext': '.png', 'epochs': 30, 'lr': 0.0001, 'weight_decay': 1e-05, 'device': 'cuda', 'output_dir': 'model_comparison_results', 'models_to_train': ['vgg16']}
2025-11-29 09:59:14 - INFO - ============================================================

2025-11-29 09:59:14 - INFO - ✅ DataLoader创建完成：
2025-11-29 09:59:14 - INFO -  - 训练集：1920样本 | 120批次
2025-11-29 09:59:14 - INFO -  - 验证集：640样本 | 20批次
2025-11-29 09:59:14 - INFO -  - 测试集：640样本 | 20批次
2025-11-29 09:59:14 - INFO - 🔧 初始化模型：vgg16
2025-11-29 09:59:29 - INFO - ✅ 模型细节：VGG16（2014）| 预训练权重 | 3×3小卷积堆叠+全连接层
2025-11-29 09:59:29 - INFO - ✅ 模型初始化完成，设备：cuda
2025-11-29 09:59:29 - INFO - 
======================================== Epoch 1/30 ========================================
2025-11-29 10:00:04 - INFO - Epoch [1/30] | Batch [10/120] | Loss: 2.5178
2025-11-29 10:00:07 - INFO - Epoch [1/30] | Batch [20/120] | Loss: 0.2216
2025-11-29 10:00:09 - INFO - Epoch [1/30] | Batch [30/120] | Loss: 1.1900
2025-11-29 10:00:11 - INFO - Epoch [1/30] | Batch [40/120] | Loss: 0.3999
2025-11-29 10:00:12 - INFO - Epoch [1/30] | Batch [50/120] | Loss: 0.4308
2025-11-29 10:00:14 - INFO - Epoch [1/30] | Batch [60/120] | Loss: 0.2714
2025-11-29 10:00:15 - INFO - Epoch [1/30] | Batch [70/120] | Loss: 0.3994
2025-11-29 10:00:17 - INFO - Epoch [1/30] | Batch [80/120] | Loss: 0.4522
2025-11-29 10:00:19 - INFO - Epoch [1/30] | Batch [90/120] | Loss: 0.4846
2025-11-29 10:00:21 - INFO - Epoch [1/30] | Batch [100/120] | Loss: 0.3097
2025-11-29 10:00:22 - INFO - Epoch [1/30] | Batch [110/120] | Loss: 0.3375
2025-11-29 10:00:24 - INFO - Epoch [1/30] | Batch [120/120] | Loss: 0.4218
2025-11-29 10:00:25 - INFO - Epoch [1] 训练结果 | Loss: 0.4368 | Precision: 0.834 | Recall: 0.9197 | F1: 0.8748
2025-11-29 10:01:04 - INFO - 
Validation 结果 | Loss: 0.3232 | Precision: 0.8725 | Recall: 0.9605 | F1: 0.9144

2025-11-29 10:01:06 - INFO - ✅ 保存最佳模型（F1: 0.9144）到：model_comparison_results\best_models\vgg16_best.pth
2025-11-29 10:01:06 - INFO - 
======================================== Epoch 2/30 ========================================
2025-11-29 10:01:42 - INFO - Epoch [2/30] | Batch [10/120] | Loss: 0.2492
2025-11-29 10:01:44 - INFO - Epoch [2/30] | Batch [20/120] | Loss: 0.3601
2025-11-29 10:01:46 - INFO - Epoch [2/30] | Batch [30/120] | Loss: 0.3434
2025-11-29 10:01:48 - INFO - Epoch [2/30] | Batch [40/120] | Loss: 0.2782
2025-11-29 10:01:49 - INFO - Epoch [2/30] | Batch [50/120] | Loss: 0.2137
2025-11-29 10:01:51 - INFO - Epoch [2/30] | Batch [60/120] | Loss: 0.5504
2025-11-29 10:01:53 - INFO - Epoch [2/30] | Batch [70/120] | Loss: 1.1219
2025-11-29 10:01:54 - INFO - Epoch [2/30] | Batch [80/120] | Loss: 0.3455
2025-11-29 10:01:56 - INFO - Epoch [2/30] | Batch [90/120] | Loss: 0.2877
2025-11-29 10:01:59 - INFO - Epoch [2/30] | Batch [100/120] | Loss: 0.4523
2025-11-29 10:02:01 - INFO - Epoch [2/30] | Batch [110/120] | Loss: 0.5808
2025-11-29 10:02:02 - INFO - Epoch [2/30] | Batch [120/120] | Loss: 0.5377
2025-11-29 10:02:03 - INFO - Epoch [2] 训练结果 | Loss: 0.3410 | Precision: 0.8623 | Recall: 0.919 | F1: 0.8897
2025-11-29 10:02:43 - INFO - 
Validation 结果 | Loss: 0.3131 | Precision: 0.9821 | Recall: 0.7569 | F1: 0.8549

2025-11-29 10:02:43 - INFO - 
======================================== Epoch 3/30 ========================================
2025-11-29 10:03:19 - INFO - Epoch [3/30] | Batch [10/120] | Loss: 0.7947
2025-11-29 10:03:21 - INFO - Epoch [3/30] | Batch [20/120] | Loss: 0.2134
2025-11-29 10:03:23 - INFO - Epoch [3/30] | Batch [30/120] | Loss: 0.3906
2025-11-29 10:03:26 - INFO - Epoch [3/30] | Batch [40/120] | Loss: 0.3927
2025-11-29 10:03:26 - INFO - Epoch [3/30] | Batch [50/120] | Loss: 0.3190
2025-11-29 10:03:29 - INFO - Epoch [3/30] | Batch [60/120] | Loss: 0.2085
2025-11-29 10:03:31 - INFO - Epoch [3/30] | Batch [70/120] | Loss: 0.3549
2025-11-29 10:03:32 - INFO - Epoch [3/30] | Batch [80/120] | Loss: 1.1368
2025-11-29 10:03:34 - INFO - Epoch [3/30] | Batch [90/120] | Loss: 0.4869
2025-11-29 10:03:35 - INFO - Epoch [3/30] | Batch [100/120] | Loss: 0.2882
2025-11-29 10:03:36 - INFO - Epoch [3/30] | Batch [110/120] | Loss: 0.5523
2025-11-29 10:03:38 - INFO - Epoch [3/30] | Batch [120/120] | Loss: 0.2939
2025-11-29 10:03:39 - INFO - Epoch [3] 训练结果 | Loss: 0.3620 | Precision: 0.8513 | Recall: 0.9197 | F1: 0.8842
2025-11-29 10:04:22 - INFO - 
Validation 结果 | Loss: 0.2778 | Precision: 0.9093 | Recall: 0.9506 | F1: 0.9295

2025-11-29 10:04:24 - INFO - ✅ 保存最佳模型（F1: 0.9295）到：model_comparison_results\best_models\vgg16_best.pth
2025-11-29 10:04:24 - INFO - 
======================================== Epoch 4/30 ========================================
2025-11-29 10:05:02 - INFO - Epoch [4/30] | Batch [10/120] | Loss: 0.3311
2025-11-29 10:05:04 - INFO - Epoch [4/30] | Batch [20/120] | Loss: 0.2705
2025-11-29 10:05:06 - INFO - Epoch [4/30] | Batch [30/120] | Loss: 0.3215
2025-11-29 10:05:07 - INFO - Epoch [4/30] | Batch [40/120] | Loss: 0.3588
2025-11-29 10:05:10 - INFO - Epoch [4/30] | Batch [50/120] | Loss: 0.2688
2025-11-29 10:05:11 - INFO - Epoch [4/30] | Batch [60/120] | Loss: 0.1418
2025-11-29 10:05:13 - INFO - Epoch [4/30] | Batch [70/120] | Loss: 0.4530
2025-11-29 10:05:14 - INFO - Epoch [4/30] | Batch [80/120] | Loss: 0.3389
2025-11-29 10:05:16 - INFO - Epoch [4/30] | Batch [90/120] | Loss: 0.5016
2025-11-29 10:05:18 - INFO - Epoch [4/30] | Batch [100/120] | Loss: 0.4034
2025-11-29 10:05:19 - INFO - Epoch [4/30] | Batch [110/120] | Loss: 0.0925
2025-11-29 10:05:21 - INFO - Epoch [4/30] | Batch [120/120] | Loss: 0.2276
2025-11-29 10:05:22 - INFO - Epoch [4] 训练结果 | Loss: 0.3083 | Precision: 0.8977 | Recall: 0.9072 | F1: 0.9024
2025-11-29 10:06:05 - INFO - 
Validation 结果 | Loss: 0.3003 | Precision: 0.9505 | Recall: 0.8735 | F1: 0.9104

2025-11-29 10:06:05 - INFO - 
======================================== Epoch 5/30 ========================================
2025-11-29 10:06:43 - INFO - Epoch [5/30] | Batch [10/120] | Loss: 0.1405
2025-11-29 10:06:45 - INFO - Epoch [5/30] | Batch [20/120] | Loss: 0.2607
2025-11-29 10:06:46 - INFO - Epoch [5/30] | Batch [30/120] | Loss: 0.2184
2025-11-29 10:06:48 - INFO - Epoch [5/30] | Batch [40/120] | Loss: 0.2908
2025-11-29 10:06:50 - INFO - Epoch [5/30] | Batch [50/120] | Loss: 0.3461
2025-11-29 10:06:51 - INFO - Epoch [5/30] | Batch [60/120] | Loss: 0.0832
2025-11-29 10:06:53 - INFO - Epoch [5/30] | Batch [70/120] | Loss: 0.3279
2025-11-29 10:06:55 - INFO - Epoch [5/30] | Batch [80/120] | Loss: 0.3444
2025-11-29 10:06:56 - INFO - Epoch [5/30] | Batch [90/120] | Loss: 0.6037
2025-11-29 10:06:58 - INFO - Epoch [5/30] | Batch [100/120] | Loss: 0.2805
2025-11-29 10:06:59 - INFO - Epoch [5/30] | Batch [110/120] | Loss: 0.3912
2025-11-29 10:07:01 - INFO - Epoch [5/30] | Batch [120/120] | Loss: 0.3661
2025-11-29 10:07:02 - INFO - Epoch [5] 训练结果 | Loss: 0.2889 | Precision: 0.9001 | Recall: 0.9197 | F1: 0.9098
2025-11-29 10:07:43 - INFO - 
Validation 结果 | Loss: 0.3167 | Precision: 0.9367 | Recall: 0.8775 | F1: 0.9061

2025-11-29 10:07:43 - INFO - 
======================================== Epoch 6/30 ========================================
2025-11-29 10:08:21 - INFO - Epoch [6/30] | Batch [10/120] | Loss: 0.2194
2025-11-29 10:08:23 - INFO - Epoch [6/30] | Batch [20/120] | Loss: 0.0520
2025-11-29 10:08:25 - INFO - Epoch [6/30] | Batch [30/120] | Loss: 1.0287
2025-11-29 10:08:27 - INFO - Epoch [6/30] | Batch [40/120] | Loss: 0.4276
2025-11-29 10:08:28 - INFO - Epoch [6/30] | Batch [50/120] | Loss: 0.1678
2025-11-29 10:08:30 - INFO - Epoch [6/30] | Batch [60/120] | Loss: 0.3531
2025-11-29 10:08:31 - INFO - Epoch [6/30] | Batch [70/120] | Loss: 0.1798
2025-11-29 10:08:33 - INFO - Epoch [6/30] | Batch [80/120] | Loss: 0.3345
2025-11-29 10:08:35 - INFO - Epoch [6/30] | Batch [90/120] | Loss: 0.2540
2025-11-29 10:08:37 - INFO - Epoch [6/30] | Batch [100/120] | Loss: 0.2807
2025-11-29 10:08:38 - INFO - Epoch [6/30] | Batch [110/120] | Loss: 0.4975
2025-11-29 10:08:40 - INFO - Epoch [6/30] | Batch [120/120] | Loss: 0.2066
2025-11-29 10:08:41 - INFO - Epoch [6] 训练结果 | Loss: 0.2622 | Precision: 0.9106 | Recall: 0.9256 | F1: 0.9181
2025-11-29 10:09:22 - INFO - 
Validation 结果 | Loss: 0.3448 | Precision: 0.8992 | Recall: 0.9348 | F1: 0.9167

2025-11-29 10:09:22 - INFO - 
======================================== Epoch 7/30 ========================================
2025-11-29 10:10:01 - INFO - Epoch [7/30] | Batch [10/120] | Loss: 0.3429
2025-11-29 10:10:03 - INFO - Epoch [7/30] | Batch [20/120] | Loss: 0.2977
2025-11-29 10:10:04 - INFO - Epoch [7/30] | Batch [30/120] | Loss: 0.1466
2025-11-29 10:10:06 - INFO - Epoch [7/30] | Batch [40/120] | Loss: 0.2489
2025-11-29 10:10:08 - INFO - Epoch [7/30] | Batch [50/120] | Loss: 0.1835
2025-11-29 10:10:09 - INFO - Epoch [7/30] | Batch [60/120] | Loss: 0.1012
2025-11-29 10:10:11 - INFO - Epoch [7/30] | Batch [70/120] | Loss: 0.2120
2025-11-29 10:10:12 - INFO - Epoch [7/30] | Batch [80/120] | Loss: 0.1296
2025-11-29 10:10:14 - INFO - Epoch [7/30] | Batch [90/120] | Loss: 0.3421
2025-11-29 10:10:15 - INFO - Epoch [7/30] | Batch [100/120] | Loss: 0.2050
2025-11-29 10:10:17 - INFO - Epoch [7/30] | Batch [110/120] | Loss: 0.4739
2025-11-29 10:10:19 - INFO - Epoch [7/30] | Batch [120/120] | Loss: 0.2489
2025-11-29 10:10:20 - INFO - Epoch [7] 训练结果 | Loss: 0.2468 | Precision: 0.917 | Recall: 0.9309 | F1: 0.9239
2025-11-29 10:11:01 - INFO - 
Validation 结果 | Loss: 0.2816 | Precision: 0.8872 | Recall: 0.9328 | F1: 0.9094

2025-11-29 10:11:01 - INFO - 
======================================== Epoch 8/30 ========================================
2025-11-29 10:11:39 - INFO - Epoch [8/30] | Batch [10/120] | Loss: 0.1796
2025-11-29 10:11:41 - INFO - Epoch [8/30] | Batch [20/120] | Loss: 0.0953
2025-11-29 10:11:43 - INFO - Epoch [8/30] | Batch [30/120] | Loss: 0.2151
2025-11-29 10:11:45 - INFO - Epoch [8/30] | Batch [40/120] | Loss: 0.1420
2025-11-29 10:11:46 - INFO - Epoch [8/30] | Batch [50/120] | Loss: 0.0794
2025-11-29 10:11:48 - INFO - Epoch [8/30] | Batch [60/120] | Loss: 0.1491
2025-11-29 10:11:50 - INFO - Epoch [8/30] | Batch [70/120] | Loss: 0.1292
2025-11-29 10:11:51 - INFO - Epoch [8/30] | Batch [80/120] | Loss: 0.0917
2025-11-29 10:11:54 - INFO - Epoch [8/30] | Batch [90/120] | Loss: 0.2184
2025-11-29 10:11:55 - INFO - Epoch [8/30] | Batch [100/120] | Loss: 0.1494
2025-11-29 10:11:57 - INFO - Epoch [8/30] | Batch [110/120] | Loss: 0.2679
2025-11-29 10:11:59 - INFO - Epoch [8/30] | Batch [120/120] | Loss: 0.1330
2025-11-29 10:12:00 - INFO - Epoch [8] 训练结果 | Loss: 0.2276 | Precision: 0.919 | Recall: 0.9487 | F1: 0.9336
2025-11-29 10:12:42 - INFO - 
Validation 结果 | Loss: 0.3349 | Precision: 0.8848 | Recall: 0.9565 | F1: 0.9193

2025-11-29 10:12:42 - INFO - 
======================================== Epoch 9/30 ========================================
2025-11-29 10:13:21 - INFO - Epoch [9/30] | Batch [10/120] | Loss: 0.0825
2025-11-29 10:13:23 - INFO - Epoch [9/30] | Batch [20/120] | Loss: 0.1243
2025-11-29 10:13:26 - INFO - Epoch [9/30] | Batch [30/120] | Loss: 0.2578
2025-11-29 10:13:28 - INFO - Epoch [9/30] | Batch [40/120] | Loss: 0.3285
2025-11-29 10:13:29 - INFO - Epoch [9/30] | Batch [50/120] | Loss: 0.2311
2025-11-29 10:13:30 - INFO - Epoch [9/30] | Batch [60/120] | Loss: 0.1462
2025-11-29 10:13:32 - INFO - Epoch [9/30] | Batch [70/120] | Loss: 0.1303
2025-11-29 10:13:33 - INFO - Epoch [9/30] | Batch [80/120] | Loss: 0.1090
2025-11-29 10:13:35 - INFO - Epoch [9/30] | Batch [90/120] | Loss: 0.1217
2025-11-29 10:13:37 - INFO - Epoch [9/30] | Batch [100/120] | Loss: 0.3130
2025-11-29 10:13:38 - INFO - Epoch [9/30] | Batch [110/120] | Loss: 0.1827
2025-11-29 10:13:40 - INFO - Epoch [9/30] | Batch [120/120] | Loss: 0.2575
2025-11-29 10:13:41 - INFO - Epoch [9] 训练结果 | Loss: 0.1969 | Precision: 0.9315 | Recall: 0.9401 | F1: 0.9358
2025-11-29 10:14:23 - INFO - 
Validation 结果 | Loss: 0.3253 | Precision: 0.9128 | Recall: 0.9308 | F1: 0.9217

2025-11-29 10:14:23 - INFO - 
======================================== Epoch 10/30 ========================================
2025-11-29 10:15:01 - INFO - Epoch [10/30] | Batch [10/120] | Loss: 0.1982
2025-11-29 10:15:03 - INFO - Epoch [10/30] | Batch [20/120] | Loss: 0.0674
2025-11-29 10:15:05 - INFO - Epoch [10/30] | Batch [30/120] | Loss: 0.0583
2025-11-29 10:15:06 - INFO - Epoch [10/30] | Batch [40/120] | Loss: 0.2082
2025-11-29 10:15:08 - INFO - Epoch [10/30] | Batch [50/120] | Loss: 0.0799
2025-11-29 10:15:10 - INFO - Epoch [10/30] | Batch [60/120] | Loss: 0.4746
2025-11-29 10:15:11 - INFO - Epoch [10/30] | Batch [70/120] | Loss: 0.0924
2025-11-29 10:15:13 - INFO - Epoch [10/30] | Batch [80/120] | Loss: 0.1154
2025-11-29 10:15:15 - INFO - Epoch [10/30] | Batch [90/120] | Loss: 0.2871
2025-11-29 10:15:18 - INFO - Epoch [10/30] | Batch [100/120] | Loss: 0.1429
2025-11-29 10:15:18 - INFO - Epoch [10/30] | Batch [110/120] | Loss: 0.1351
2025-11-29 10:15:20 - INFO - Epoch [10/30] | Batch [120/120] | Loss: 0.1199
2025-11-29 10:15:21 - INFO - Epoch [10] 训练结果 | Loss: 0.1752 | Precision: 0.9538 | Recall: 0.9381 | F1: 0.9459
2025-11-29 10:16:04 - INFO - 
Validation 结果 | Loss: 0.3464 | Precision: 0.897 | Recall: 0.9466 | F1: 0.9212

2025-11-29 10:16:04 - INFO - 
======================================== Epoch 11/30 ========================================
2025-11-29 10:16:41 - INFO - Epoch [11/30] | Batch [10/120] | Loss: 0.1221
2025-11-29 10:16:44 - INFO - Epoch [11/30] | Batch [20/120] | Loss: 0.1245
2025-11-29 10:16:46 - INFO - Epoch [11/30] | Batch [30/120] | Loss: 0.0376
2025-11-29 10:16:49 - INFO - Epoch [11/30] | Batch [40/120] | Loss: 0.3580
2025-11-29 10:16:50 - INFO - Epoch [11/30] | Batch [50/120] | Loss: 0.1689
2025-11-29 10:16:51 - INFO - Epoch [11/30] | Batch [60/120] | Loss: 0.1302
2025-11-29 10:16:53 - INFO - Epoch [11/30] | Batch [70/120] | Loss: 0.2127
2025-11-29 10:16:55 - INFO - Epoch [11/30] | Batch [80/120] | Loss: 0.0435
2025-11-29 10:16:57 - INFO - Epoch [11/30] | Batch [90/120] | Loss: 0.1046
2025-11-29 10:16:59 - INFO - Epoch [11/30] | Batch [100/120] | Loss: 0.2604
2025-11-29 10:17:00 - INFO - Epoch [11/30] | Batch [110/120] | Loss: 0.0889
2025-11-29 10:17:01 - INFO - Epoch [11/30] | Batch [120/120] | Loss: 0.0659
2025-11-29 10:17:02 - INFO - Epoch [11] 训练结果 | Loss: 0.1577 | Precision: 0.9586 | Recall: 0.9447 | F1: 0.9516
2025-11-29 10:17:44 - INFO - 
Validation 结果 | Loss: 0.3091 | Precision: 0.9038 | Recall: 0.9289 | F1: 0.9162

2025-11-29 10:17:44 - INFO - 
======================================== Epoch 12/30 ========================================
2025-11-29 10:18:22 - INFO - Epoch [12/30] | Batch [10/120] | Loss: 0.1032
2025-11-29 10:18:25 - INFO - Epoch [12/30] | Batch [20/120] | Loss: 0.3143
2025-11-29 10:18:26 - INFO - Epoch [12/30] | Batch [30/120] | Loss: 0.0476
2025-11-29 10:18:28 - INFO - Epoch [12/30] | Batch [40/120] | Loss: 0.0660
2025-11-29 10:18:30 - INFO - Epoch [12/30] | Batch [50/120] | Loss: 0.0181
2025-11-29 10:18:30 - INFO - Epoch [12/30] | Batch [60/120] | Loss: 0.2076
2025-11-29 10:18:33 - INFO - Epoch [12/30] | Batch [70/120] | Loss: 0.1737
2025-11-29 10:18:35 - INFO - Epoch [12/30] | Batch [80/120] | Loss: 0.0751
2025-11-29 10:18:36 - INFO - Epoch [12/30] | Batch [90/120] | Loss: 0.1651
2025-11-29 10:18:38 - INFO - Epoch [12/30] | Batch [100/120] | Loss: 0.0614
2025-11-29 10:18:41 - INFO - Epoch [12/30] | Batch [110/120] | Loss: 0.0663
2025-11-29 10:18:41 - INFO - Epoch [12/30] | Batch [120/120] | Loss: 0.0822
2025-11-29 10:18:42 - INFO - Epoch [12] 训练结果 | Loss: 0.1278 | Precision: 0.9726 | Recall: 0.9592 | F1: 0.9659
2025-11-29 10:19:25 - INFO - 
Validation 结果 | Loss: 0.4118 | Precision: 0.9193 | Recall: 0.9229 | F1: 0.9211

2025-11-29 10:19:25 - INFO - 
======================================== Epoch 13/30 ========================================
2025-11-29 10:20:03 - INFO - Epoch [13/30] | Batch [10/120] | Loss: 0.2050
2025-11-29 10:20:05 - INFO - Epoch [13/30] | Batch [20/120] | Loss: 0.2311
2025-11-29 10:20:08 - INFO - Epoch [13/30] | Batch [30/120] | Loss: 0.0224
2025-11-29 10:20:09 - INFO - Epoch [13/30] | Batch [40/120] | Loss: 0.0665
2025-11-29 10:20:11 - INFO - Epoch [13/30] | Batch [50/120] | Loss: 0.0488
2025-11-29 10:20:12 - INFO - Epoch [13/30] | Batch [60/120] | Loss: 0.0026
2025-11-29 10:20:13 - INFO - Epoch [13/30] | Batch [70/120] | Loss: 0.0890
2025-11-29 10:20:15 - INFO - Epoch [13/30] | Batch [80/120] | Loss: 0.1221
2025-11-29 10:20:17 - INFO - Epoch [13/30] | Batch [90/120] | Loss: 0.2615
2025-11-29 10:20:19 - INFO - Epoch [13/30] | Batch [100/120] | Loss: 0.1366
2025-11-29 10:20:21 - INFO - Epoch [13/30] | Batch [110/120] | Loss: 0.3293
2025-11-29 10:20:21 - INFO - Epoch [13/30] | Batch [120/120] | Loss: 0.2338
2025-11-29 10:20:22 - INFO - Epoch [13] 训练结果 | Loss: 0.1079 | Precision: 0.9813 | Recall: 0.9651 | F1: 0.9731
2025-11-29 10:21:05 - INFO - 
Validation 结果 | Loss: 0.4260 | Precision: 0.961 | Recall: 0.8755 | F1: 0.9162

2025-11-29 10:21:05 - INFO - 
======================================== Epoch 14/30 ========================================
2025-11-29 10:21:43 - INFO - Epoch [14/30] | Batch [10/120] | Loss: 0.3126
2025-11-29 10:21:45 - INFO - Epoch [14/30] | Batch [20/120] | Loss: 0.0495
2025-11-29 10:21:46 - INFO - Epoch [14/30] | Batch [30/120] | Loss: 0.3165
2025-11-29 10:21:48 - INFO - Epoch [14/30] | Batch [40/120] | Loss: 0.0569
2025-11-29 10:21:50 - INFO - Epoch [14/30] | Batch [50/120] | Loss: 0.0406
2025-11-29 10:21:51 - INFO - Epoch [14/30] | Batch [60/120] | Loss: 0.2054
2025-11-29 10:21:54 - INFO - Epoch [14/30] | Batch [70/120] | Loss: 0.2749
2025-11-29 10:21:56 - INFO - Epoch [14/30] | Batch [80/120] | Loss: 0.2047
2025-11-29 10:21:57 - INFO - Epoch [14/30] | Batch [90/120] | Loss: 0.0324
2025-11-29 10:21:58 - INFO - Epoch [14/30] | Batch [100/120] | Loss: 0.0366
2025-11-29 10:21:59 - INFO - Epoch [14/30] | Batch [110/120] | Loss: 0.1256
2025-11-29 10:22:02 - INFO - Epoch [14/30] | Batch [120/120] | Loss: 0.0808
2025-11-29 10:22:03 - INFO - Epoch [14] 训练结果 | Loss: 0.0997 | Precision: 0.982 | Recall: 0.9677 | F1: 0.9748
2025-11-29 10:22:45 - INFO - 
Validation 结果 | Loss: 0.4183 | Precision: 0.9493 | Recall: 0.8874 | F1: 0.9173

2025-11-29 10:22:45 - INFO - 
======================================== Epoch 15/30 ========================================
2025-11-29 10:23:24 - INFO - Epoch [15/30] | Batch [10/120] | Loss: 0.0674
2025-11-29 10:23:26 - INFO - Epoch [15/30] | Batch [20/120] | Loss: 0.0191
2025-11-29 10:23:28 - INFO - Epoch [15/30] | Batch [30/120] | Loss: 0.0008
2025-11-29 10:23:30 - INFO - Epoch [15/30] | Batch [40/120] | Loss: 0.0248
2025-11-29 10:23:32 - INFO - Epoch [15/30] | Batch [50/120] | Loss: 0.0734
2025-11-29 10:23:33 - INFO - Epoch [15/30] | Batch [60/120] | Loss: 0.0382
2025-11-29 10:23:35 - INFO - Epoch [15/30] | Batch [70/120] | Loss: 0.0793
2025-11-29 10:23:37 - INFO - Epoch [15/30] | Batch [80/120] | Loss: 0.1489
2025-11-29 10:23:38 - INFO - Epoch [15/30] | Batch [90/120] | Loss: 0.0852
2025-11-29 10:23:40 - INFO - Epoch [15/30] | Batch [100/120] | Loss: 0.0844
2025-11-29 10:23:42 - INFO - Epoch [15/30] | Batch [110/120] | Loss: 0.0366
2025-11-29 10:23:42 - INFO - Epoch [15/30] | Batch [120/120] | Loss: 0.0030
2025-11-29 10:23:43 - INFO - Epoch [15] 训练结果 | Loss: 0.0829 | Precision: 0.9847 | Recall: 0.9717 | F1: 0.9781
2025-11-29 10:24:26 - INFO - 
Validation 结果 | Loss: 0.4954 | Precision: 0.939 | Recall: 0.913 | F1: 0.9259

2025-11-29 10:24:26 - INFO - 
======================================== Epoch 16/30 ========================================
2025-11-29 10:25:04 - INFO - Epoch [16/30] | Batch [10/120] | Loss: 0.0322
2025-11-29 10:25:06 - INFO - Epoch [16/30] | Batch [20/120] | Loss: 0.0511
2025-11-29 10:25:09 - INFO - Epoch [16/30] | Batch [30/120] | Loss: 0.0303
2025-11-29 10:25:11 - INFO - Epoch [16/30] | Batch [40/120] | Loss: 0.1810
2025-11-29 10:25:13 - INFO - Epoch [16/30] | Batch [50/120] | Loss: 0.0312
2025-11-29 10:25:13 - INFO - Epoch [16/30] | Batch [60/120] | Loss: 0.0128
2025-11-29 10:25:16 - INFO - Epoch [16/30] | Batch [70/120] | Loss: 0.0046
2025-11-29 10:25:18 - INFO - Epoch [16/30] | Batch [80/120] | Loss: 0.0120
2025-11-29 10:25:19 - INFO - Epoch [16/30] | Batch [90/120] | Loss: 0.0155
2025-11-29 10:25:21 - INFO - Epoch [16/30] | Batch [100/120] | Loss: 0.0041
2025-11-29 10:25:23 - INFO - Epoch [16/30] | Batch [110/120] | Loss: 0.4141
2025-11-29 10:25:23 - INFO - Epoch [16/30] | Batch [120/120] | Loss: 0.0460
2025-11-29 10:25:24 - INFO - Epoch [16] 训练结果 | Loss: 0.0569 | Precision: 0.9907 | Recall: 0.9829 | F1: 0.9868
2025-11-29 10:26:07 - INFO - 
Validation 结果 | Loss: 0.5455 | Precision: 0.9369 | Recall: 0.9091 | F1: 0.9228

2025-11-29 10:26:07 - INFO - 
======================================== Epoch 17/30 ========================================
2025-11-29 10:26:45 - INFO - Epoch [17/30] | Batch [10/120] | Loss: 0.0166
2025-11-29 10:26:47 - INFO - Epoch [17/30] | Batch [20/120] | Loss: 0.0386
2025-11-29 10:26:49 - INFO - Epoch [17/30] | Batch [30/120] | Loss: 0.1167
2025-11-29 10:26:50 - INFO - Epoch [17/30] | Batch [40/120] | Loss: 0.0027
2025-11-29 10:26:52 - INFO - Epoch [17/30] | Batch [50/120] | Loss: 0.0504
2025-11-29 10:26:54 - INFO - Epoch [17/30] | Batch [60/120] | Loss: 0.0155
2025-11-29 10:26:56 - INFO - Epoch [17/30] | Batch [70/120] | Loss: 0.1489
2025-11-29 10:26:57 - INFO - Epoch [17/30] | Batch [80/120] | Loss: 0.0314
2025-11-29 10:26:59 - INFO - Epoch [17/30] | Batch [90/120] | Loss: 0.0036
2025-11-29 10:27:01 - INFO - Epoch [17/30] | Batch [100/120] | Loss: 0.0146
2025-11-29 10:27:02 - INFO - Epoch [17/30] | Batch [110/120] | Loss: 0.0046
2025-11-29 10:27:04 - INFO - Epoch [17/30] | Batch [120/120] | Loss: 0.0168
2025-11-29 10:27:05 - INFO - Epoch [17] 训练结果 | Loss: 0.0535 | Precision: 0.99 | Recall: 0.9822 | F1: 0.9861
2025-11-29 10:27:46 - INFO - 
Validation 结果 | Loss: 0.6083 | Precision: 0.9306 | Recall: 0.9269 | F1: 0.9287

2025-11-29 10:27:46 - INFO - 
======================================== Epoch 18/30 ========================================
2025-11-29 10:28:24 - INFO - Epoch [18/30] | Batch [10/120] | Loss: 0.0884
2025-11-29 10:28:27 - INFO - Epoch [18/30] | Batch [20/120] | Loss: 0.0700
2025-11-29 10:28:28 - INFO - Epoch [18/30] | Batch [30/120] | Loss: 0.0215
2025-11-29 10:28:30 - INFO - Epoch [18/30] | Batch [40/120] | Loss: 0.0038
2025-11-29 10:28:31 - INFO - Epoch [18/30] | Batch [50/120] | Loss: 0.0164
2025-11-29 10:28:33 - INFO - Epoch [18/30] | Batch [60/120] | Loss: 0.0168
2025-11-29 10:28:35 - INFO - Epoch [18/30] | Batch [70/120] | Loss: 0.0145
2025-11-29 10:28:36 - INFO - Epoch [18/30] | Batch [80/120] | Loss: 0.0052
2025-11-29 10:28:38 - INFO - Epoch [18/30] | Batch [90/120] | Loss: 0.0194
2025-11-29 10:28:41 - INFO - Epoch [18/30] | Batch [100/120] | Loss: 0.0134
2025-11-29 10:28:43 - INFO - Epoch [18/30] | Batch [110/120] | Loss: 0.0014
2025-11-29 10:28:43 - INFO - Epoch [18/30] | Batch [120/120] | Loss: 0.2831
2025-11-29 10:28:44 - INFO - Epoch [18] 训练结果 | Loss: 0.0468 | Precision: 0.9907 | Recall: 0.9849 | F1: 0.9878
2025-11-29 10:29:26 - INFO - 
Validation 结果 | Loss: 0.6417 | Precision: 0.9389 | Recall: 0.9111 | F1: 0.9248

2025-11-29 10:29:26 - INFO - 
======================================== Epoch 19/30 ========================================
2025-11-29 10:30:04 - INFO - Epoch [19/30] | Batch [10/120] | Loss: 0.1088
2025-11-29 10:30:06 - INFO - Epoch [19/30] | Batch [20/120] | Loss: 0.0236
2025-11-29 10:30:08 - INFO - Epoch [19/30] | Batch [30/120] | Loss: 0.0205
2025-11-29 10:30:11 - INFO - Epoch [19/30] | Batch [40/120] | Loss: 0.0242
2025-11-29 10:30:12 - INFO - Epoch [19/30] | Batch [50/120] | Loss: 0.0057
2025-11-29 10:30:13 - INFO - Epoch [19/30] | Batch [60/120] | Loss: 0.0074
2025-11-29 10:30:15 - INFO - Epoch [19/30] | Batch [70/120] | Loss: 0.0041
2025-11-29 10:30:17 - INFO - Epoch [19/30] | Batch [80/120] | Loss: 0.0122
2025-11-29 10:30:18 - INFO - Epoch [19/30] | Batch [90/120] | Loss: 0.0098
2025-11-29 10:30:20 - INFO - Epoch [19/30] | Batch [100/120] | Loss: 0.0042
2025-11-29 10:30:22 - INFO - Epoch [19/30] | Batch [110/120] | Loss: 0.2675
2025-11-29 10:30:24 - INFO - Epoch [19/30] | Batch [120/120] | Loss: 0.0058
2025-11-29 10:30:25 - INFO - Epoch [19] 训练结果 | Loss: 0.0405 | Precision: 0.9914 | Recall: 0.9862 | F1: 0.9888
2025-11-29 10:31:07 - INFO - 
Validation 结果 | Loss: 0.6463 | Precision: 0.9308 | Recall: 0.9308 | F1: 0.9308

2025-11-29 10:31:09 - INFO - ✅ 保存最佳模型（F1: 0.9308）到：model_comparison_results\best_models\vgg16_best.pth
2025-11-29 10:31:09 - INFO - 
======================================== Epoch 20/30 ========================================
2025-11-29 10:31:47 - INFO - Epoch [20/30] | Batch [10/120] | Loss: 0.0494
2025-11-29 10:31:49 - INFO - Epoch [20/30] | Batch [20/120] | Loss: 0.0157
2025-11-29 10:31:51 - INFO - Epoch [20/30] | Batch [30/120] | Loss: 0.0009
2025-11-29 10:31:53 - INFO - Epoch [20/30] | Batch [40/120] | Loss: 0.0047
2025-11-29 10:31:54 - INFO - Epoch [20/30] | Batch [50/120] | Loss: 0.0046
2025-11-29 10:31:55 - INFO - Epoch [20/30] | Batch [60/120] | Loss: 0.0039
2025-11-29 10:31:57 - INFO - Epoch [20/30] | Batch [70/120] | Loss: 0.0137
2025-11-29 10:31:59 - INFO - Epoch [20/30] | Batch [80/120] | Loss: 0.0769
2025-11-29 10:32:01 - INFO - Epoch [20/30] | Batch [90/120] | Loss: 0.0014
2025-11-29 10:32:03 - INFO - Epoch [20/30] | Batch [100/120] | Loss: 0.0130
2025-11-29 10:32:05 - INFO - Epoch [20/30] | Batch [110/120] | Loss: 0.0057
2025-11-29 10:32:05 - INFO - Epoch [20/30] | Batch [120/120] | Loss: 0.0025
2025-11-29 10:32:06 - INFO - Epoch [20] 训练结果 | Loss: 0.0253 | Precision: 0.996 | Recall: 0.9934 | F1: 0.9947
2025-11-29 10:32:48 - INFO - 
Validation 结果 | Loss: 0.6872 | Precision: 0.936 | Recall: 0.9249 | F1: 0.9304

2025-11-29 10:32:48 - INFO - 
======================================== Epoch 21/30 ========================================
2025-11-29 10:33:26 - INFO - Epoch [21/30] | Batch [10/120] | Loss: 0.0233
2025-11-29 10:33:28 - INFO - Epoch [21/30] | Batch [20/120] | Loss: 0.0149
2025-11-29 10:33:30 - INFO - Epoch [21/30] | Batch [30/120] | Loss: 0.0201
2025-11-29 10:33:31 - INFO - Epoch [21/30] | Batch [40/120] | Loss: 0.0009
2025-11-29 10:33:33 - INFO - Epoch [21/30] | Batch [50/120] | Loss: 0.0085
2025-11-29 10:33:35 - INFO - Epoch [21/30] | Batch [60/120] | Loss: 0.0330
2025-11-29 10:33:37 - INFO - Epoch [21/30] | Batch [70/120] | Loss: 0.0144
2025-11-29 10:33:39 - INFO - Epoch [21/30] | Batch [80/120] | Loss: 0.0030
2025-11-29 10:33:40 - INFO - Epoch [21/30] | Batch [90/120] | Loss: 0.0086
2025-11-29 10:33:42 - INFO - Epoch [21/30] | Batch [100/120] | Loss: 0.4185
2025-11-29 10:33:44 - INFO - Epoch [21/30] | Batch [110/120] | Loss: 0.0078
2025-11-29 10:33:45 - INFO - Epoch [21/30] | Batch [120/120] | Loss: 0.0099
2025-11-29 10:33:46 - INFO - Epoch [21] 训练结果 | Loss: 0.0222 | Precision: 0.9987 | Recall: 0.9934 | F1: 0.996
2025-11-29 10:34:28 - INFO - 
Validation 结果 | Loss: 0.7402 | Precision: 0.9308 | Recall: 0.9308 | F1: 0.9308

2025-11-29 10:34:28 - INFO - 
======================================== Epoch 22/30 ========================================
2025-11-29 10:35:06 - INFO - Epoch [22/30] | Batch [10/120] | Loss: 0.0278
2025-11-29 10:35:08 - INFO - Epoch [22/30] | Batch [20/120] | Loss: 0.0129
2025-11-29 10:35:10 - INFO - Epoch [22/30] | Batch [30/120] | Loss: 0.0001
2025-11-29 10:35:12 - INFO - Epoch [22/30] | Batch [40/120] | Loss: 0.0114
2025-11-29 10:35:12 - INFO - Epoch [22/30] | Batch [50/120] | Loss: 0.0002
2025-11-29 10:35:15 - INFO - Epoch [22/30] | Batch [60/120] | Loss: 0.0005
2025-11-29 10:35:18 - INFO - Epoch [22/30] | Batch [70/120] | Loss: 0.0043
2025-11-29 10:35:19 - INFO - Epoch [22/30] | Batch [80/120] | Loss: 0.0066
2025-11-29 10:35:21 - INFO - Epoch [22/30] | Batch [90/120] | Loss: 0.0016
2025-11-29 10:35:23 - INFO - Epoch [22/30] | Batch [100/120] | Loss: 0.0905
2025-11-29 10:35:24 - INFO - Epoch [22/30] | Batch [110/120] | Loss: 0.0152
2025-11-29 10:35:26 - INFO - Epoch [22/30] | Batch [120/120] | Loss: 0.0216
2025-11-29 10:35:27 - INFO - Epoch [22] 训练结果 | Loss: 0.0155 | Precision: 0.9967 | Recall: 0.9967 | F1: 0.9967
2025-11-29 10:36:09 - INFO - 
Validation 结果 | Loss: 0.7996 | Precision: 0.9359 | Recall: 0.9229 | F1: 0.9294

2025-11-29 10:36:09 - INFO - 
======================================== Epoch 23/30 ========================================
2025-11-29 10:36:47 - INFO - Epoch [23/30] | Batch [10/120] | Loss: 0.0017
2025-11-29 10:36:50 - INFO - Epoch [23/30] | Batch [20/120] | Loss: 0.0154
2025-11-29 10:36:51 - INFO - Epoch [23/30] | Batch [30/120] | Loss: 0.0066
2025-11-29 10:36:53 - INFO - Epoch [23/30] | Batch [40/120] | Loss: 0.0052
2025-11-29 10:36:55 - INFO - Epoch [23/30] | Batch [50/120] | Loss: 0.0011
2025-11-29 10:36:56 - INFO - Epoch [23/30] | Batch [60/120] | Loss: 0.0016
2025-11-29 10:36:58 - INFO - Epoch [23/30] | Batch [70/120] | Loss: 0.0012
2025-11-29 10:37:00 - INFO - Epoch [23/30] | Batch [80/120] | Loss: 0.0052
2025-11-29 10:37:02 - INFO - Epoch [23/30] | Batch [90/120] | Loss: 0.0020
2025-11-29 10:37:04 - INFO - Epoch [23/30] | Batch [100/120] | Loss: 0.0000
2025-11-29 10:37:05 - INFO - Epoch [23/30] | Batch [110/120] | Loss: 0.0057
2025-11-29 10:37:06 - INFO - Epoch [23/30] | Batch [120/120] | Loss: 0.0115
2025-11-29 10:37:07 - INFO - Epoch [23] 训练结果 | Loss: 0.0102 | Precision: 0.9987 | Recall: 0.9987 | F1: 0.9987
2025-11-29 10:37:49 - INFO - 
Validation 结果 | Loss: 0.8718 | Precision: 0.9304 | Recall: 0.9249 | F1: 0.9277

2025-11-29 10:37:49 - INFO - 
======================================== Epoch 24/30 ========================================
2025-11-29 10:38:27 - INFO - Epoch [24/30] | Batch [10/120] | Loss: 0.0009
2025-11-29 10:38:28 - INFO - Epoch [24/30] | Batch [20/120] | Loss: 0.0180
2025-11-29 10:38:31 - INFO - Epoch [24/30] | Batch [30/120] | Loss: 0.0015
2025-11-29 10:38:33 - INFO - Epoch [24/30] | Batch [40/120] | Loss: 0.0038
2025-11-29 10:38:34 - INFO - Epoch [24/30] | Batch [50/120] | Loss: 0.0007
2025-11-29 10:38:35 - INFO - Epoch [24/30] | Batch [60/120] | Loss: 0.0380
2025-11-29 10:38:37 - INFO - Epoch [24/30] | Batch [70/120] | Loss: 0.0005
2025-11-29 10:38:39 - INFO - Epoch [24/30] | Batch [80/120] | Loss: 0.0003
2025-11-29 10:38:41 - INFO - Epoch [24/30] | Batch [90/120] | Loss: 0.0010
2025-11-29 10:38:43 - INFO - Epoch [24/30] | Batch [100/120] | Loss: 0.0006
2025-11-29 10:38:44 - INFO - Epoch [24/30] | Batch [110/120] | Loss: 0.0132
2025-11-29 10:38:46 - INFO - Epoch [24/30] | Batch [120/120] | Loss: 0.0061
2025-11-29 10:38:47 - INFO - Epoch [24] 训练结果 | Loss: 0.0093 | Precision: 0.9993 | Recall: 0.998 | F1: 0.9987
2025-11-29 10:39:29 - INFO - 
Validation 结果 | Loss: 0.8673 | Precision: 0.9359 | Recall: 0.9229 | F1: 0.9294

2025-11-29 10:39:29 - INFO - 
======================================== Epoch 25/30 ========================================
2025-11-29 10:40:06 - INFO - Epoch [25/30] | Batch [10/120] | Loss: 0.0008
2025-11-29 10:40:08 - INFO - Epoch [25/30] | Batch [20/120] | Loss: 0.0194
2025-11-29 10:40:10 - INFO - Epoch [25/30] | Batch [30/120] | Loss: 0.0025
2025-11-29 10:40:12 - INFO - Epoch [25/30] | Batch [40/120] | Loss: 0.0303
2025-11-29 10:40:15 - INFO - Epoch [25/30] | Batch [50/120] | Loss: 0.0323
2025-11-29 10:40:16 - INFO - Epoch [25/30] | Batch [60/120] | Loss: 0.0011
2025-11-29 10:40:17 - INFO - Epoch [25/30] | Batch [70/120] | Loss: 0.0008
2025-11-29 10:40:19 - INFO - Epoch [25/30] | Batch [80/120] | Loss: 0.0759
2025-11-29 10:40:20 - INFO - Epoch [25/30] | Batch [90/120] | Loss: 0.0007
2025-11-29 10:40:22 - INFO - Epoch [25/30] | Batch [100/120] | Loss: 0.0178
2025-11-29 10:40:25 - INFO - Epoch [25/30] | Batch [110/120] | Loss: 0.0002
2025-11-29 10:40:25 - INFO - Epoch [25/30] | Batch [120/120] | Loss: 0.0003
2025-11-29 10:40:26 - INFO - Epoch [25] 训练结果 | Loss: 0.0102 | Precision: 0.9993 | Recall: 0.9974 | F1: 0.9984
2025-11-29 10:41:08 - INFO - 
Validation 结果 | Loss: 0.8740 | Precision: 0.943 | Recall: 0.915 | F1: 0.9288

2025-11-29 10:41:08 - INFO - 
======================================== Epoch 26/30 ========================================
2025-11-29 10:41:47 - INFO - Epoch [26/30] | Batch [10/120] | Loss: 0.0025
2025-11-29 10:41:48 - INFO - Epoch [26/30] | Batch [20/120] | Loss: 0.0113
2025-11-29 10:41:50 - INFO - Epoch [26/30] | Batch [30/120] | Loss: 0.0061
2025-11-29 10:41:52 - INFO - Epoch [26/30] | Batch [40/120] | Loss: 0.0024
2025-11-29 10:41:54 - INFO - Epoch [26/30] | Batch [50/120] | Loss: 0.0004
2025-11-29 10:41:56 - INFO - Epoch [26/30] | Batch [60/120] | Loss: 0.0188
2025-11-29 10:41:57 - INFO - Epoch [26/30] | Batch [70/120] | Loss: 0.0045
2025-11-29 10:41:59 - INFO - Epoch [26/30] | Batch [80/120] | Loss: 0.0046
2025-11-29 10:42:01 - INFO - Epoch [26/30] | Batch [90/120] | Loss: 0.0073
2025-11-29 10:42:03 - INFO - Epoch [26/30] | Batch [100/120] | Loss: 0.0033
2025-11-29 10:42:04 - INFO - Epoch [26/30] | Batch [110/120] | Loss: 0.1226
2025-11-29 10:42:06 - INFO - Epoch [26/30] | Batch [120/120] | Loss: 0.0005
2025-11-29 10:42:07 - INFO - Epoch [26] 训练结果 | Loss: 0.0080 | Precision: 1.0 | Recall: 0.998 | F1: 0.999
2025-11-29 10:42:49 - INFO - 
Validation 结果 | Loss: 0.8988 | Precision: 0.9376 | Recall: 0.9209 | F1: 0.9292

2025-11-29 10:42:49 - INFO - 
======================================== Epoch 27/30 ========================================
2025-11-29 10:43:28 - INFO - Epoch [27/30] | Batch [10/120] | Loss: 0.0006
2025-11-29 10:43:30 - INFO - Epoch [27/30] | Batch [20/120] | Loss: 0.0040
2025-11-29 10:43:31 - INFO - Epoch [27/30] | Batch [30/120] | Loss: 0.2061
2025-11-29 10:43:34 - INFO - Epoch [27/30] | Batch [40/120] | Loss: 0.0010
2025-11-29 10:43:35 - INFO - Epoch [27/30] | Batch [50/120] | Loss: 0.0057
2025-11-29 10:43:37 - INFO - Epoch [27/30] | Batch [60/120] | Loss: 0.0018
2025-11-29 10:43:39 - INFO - Epoch [27/30] | Batch [70/120] | Loss: 0.0965
2025-11-29 10:43:40 - INFO - Epoch [27/30] | Batch [80/120] | Loss: 0.0018
2025-11-29 10:43:42 - INFO - Epoch [27/30] | Batch [90/120] | Loss: 0.0064
2025-11-29 10:43:45 - INFO - Epoch [27/30] | Batch [100/120] | Loss: 0.0001
2025-11-29 10:43:46 - INFO - Epoch [27/30] | Batch [110/120] | Loss: 0.0009
2025-11-29 10:43:47 - INFO - Epoch [27/30] | Batch [120/120] | Loss: 0.0040
2025-11-29 10:43:48 - INFO - Epoch [27] 训练结果 | Loss: 0.0076 | Precision: 0.998 | Recall: 0.9993 | F1: 0.9987
2025-11-29 10:44:30 - INFO - 
Validation 结果 | Loss: 0.9082 | Precision: 0.9359 | Recall: 0.9229 | F1: 0.9294

2025-11-29 10:44:30 - INFO - 
======================================== Epoch 28/30 ========================================
2025-11-29 10:45:08 - INFO - Epoch [28/30] | Batch [10/120] | Loss: 0.0011
2025-11-29 10:45:10 - INFO - Epoch [28/30] | Batch [20/120] | Loss: 0.0005
2025-11-29 10:45:12 - INFO - Epoch [28/30] | Batch [30/120] | Loss: 0.0160
2025-11-29 10:45:14 - INFO - Epoch [28/30] | Batch [40/120] | Loss: 0.0067
2025-11-29 10:45:16 - INFO - Epoch [28/30] | Batch [50/120] | Loss: 0.0001
2025-11-29 10:45:18 - INFO - Epoch [28/30] | Batch [60/120] | Loss: 0.0095
2025-11-29 10:45:20 - INFO - Epoch [28/30] | Batch [70/120] | Loss: 0.0000
2025-11-29 10:45:22 - INFO - Epoch [28/30] | Batch [80/120] | Loss: 0.0027
2025-11-29 10:45:23 - INFO - Epoch [28/30] | Batch [90/120] | Loss: 0.0009
2025-11-29 10:45:24 - INFO - Epoch [28/30] | Batch [100/120] | Loss: 0.0088
2025-11-29 10:45:26 - INFO - Epoch [28/30] | Batch [110/120] | Loss: 0.0013
2025-11-29 10:45:28 - INFO - Epoch [28/30] | Batch [120/120] | Loss: 0.0015
2025-11-29 10:45:29 - INFO - Epoch [28] 训练结果 | Loss: 0.0053 | Precision: 1.0 | Recall: 0.9987 | F1: 0.9993
2025-11-29 10:46:11 - INFO - 
Validation 结果 | Loss: 0.9233 | Precision: 0.9359 | Recall: 0.9229 | F1: 0.9294

2025-11-29 10:46:11 - INFO - 
======================================== Epoch 29/30 ========================================
2025-11-29 10:46:49 - INFO - Epoch [29/30] | Batch [10/120] | Loss: 0.0099
2025-11-29 10:46:52 - INFO - Epoch [29/30] | Batch [20/120] | Loss: 0.0096
2025-11-29 10:46:53 - INFO - Epoch [29/30] | Batch [30/120] | Loss: 0.0040
2025-11-29 10:46:55 - INFO - Epoch [29/30] | Batch [40/120] | Loss: 0.0030
2025-11-29 10:46:58 - INFO - Epoch [29/30] | Batch [50/120] | Loss: 0.0153
2025-11-29 10:46:58 - INFO - Epoch [29/30] | Batch [60/120] | Loss: 0.0001
2025-11-29 10:47:00 - INFO - Epoch [29/30] | Batch [70/120] | Loss: 0.0024
2025-11-29 10:47:02 - INFO - Epoch [29/30] | Batch [80/120] | Loss: 0.0144
2025-11-29 10:47:04 - INFO - Epoch [29/30] | Batch [90/120] | Loss: 0.0013
2025-11-29 10:47:06 - INFO - Epoch [29/30] | Batch [100/120] | Loss: 0.0000
2025-11-29 10:47:08 - INFO - Epoch [29/30] | Batch [110/120] | Loss: 0.0007
2025-11-29 10:47:08 - INFO - Epoch [29/30] | Batch [120/120] | Loss: 0.0116
2025-11-29 10:47:09 - INFO - Epoch [29] 训练结果 | Loss: 0.0080 | Precision: 0.9987 | Recall: 0.998 | F1: 0.9984
2025-11-29 10:47:52 - INFO - 
Validation 结果 | Loss: 0.9439 | Precision: 0.9359 | Recall: 0.9229 | F1: 0.9294

2025-11-29 10:47:52 - INFO - 
======================================== Epoch 30/30 ========================================
2025-11-29 10:48:30 - INFO - Epoch [30/30] | Batch [10/120] | Loss: 0.0001
2025-11-29 10:48:32 - INFO - Epoch [30/30] | Batch [20/120] | Loss: 0.0016
2025-11-29 10:48:34 - INFO - Epoch [30/30] | Batch [30/120] | Loss: 0.0044
2025-11-29 10:48:36 - INFO - Epoch [30/30] | Batch [40/120] | Loss: 0.0038
2025-11-29 10:48:38 - INFO - Epoch [30/30] | Batch [50/120] | Loss: 0.0083
2025-11-29 10:48:39 - INFO - Epoch [30/30] | Batch [60/120] | Loss: 0.0038
2025-11-29 10:48:41 - INFO - Epoch [30/30] | Batch [70/120] | Loss: 0.0001
2025-11-29 10:48:43 - INFO - Epoch [30/30] | Batch [80/120] | Loss: 0.0075
2025-11-29 10:48:45 - INFO - Epoch [30/30] | Batch [90/120] | Loss: 0.0009
2025-11-29 10:48:46 - INFO - Epoch [30/30] | Batch [100/120] | Loss: 0.0020
2025-11-29 10:48:48 - INFO - Epoch [30/30] | Batch [110/120] | Loss: 0.0007
2025-11-29 10:48:49 - INFO - Epoch [30/30] | Batch [120/120] | Loss: 0.0026
2025-11-29 10:48:50 - INFO - Epoch [30] 训练结果 | Loss: 0.0048 | Precision: 1.0 | Recall: 0.9993 | F1: 0.9997
2025-11-29 10:49:32 - INFO - 
Validation 结果 | Loss: 0.9601 | Precision: 0.9359 | Recall: 0.9229 | F1: 0.9294

2025-11-29 10:49:32 - INFO - 
============================================================
2025-11-29 10:49:32 - INFO - 测试集最终评估（加载最佳模型）
2025-11-29 10:49:32 - INFO - ============================================================
2025-11-29 10:50:15 - INFO - 
Test 结果 | Loss: 0.2643 | Precision: 0.9545 | Recall: 0.9545 | F1: 0.9545

2025-11-29 10:50:15 - INFO - 
============================================================
2025-11-29 10:50:15 - INFO - vgg16 训练总结：
2025-11-29 10:50:15 - INFO -  - 最佳验证F1：0.9308
2025-11-29 10:50:15 - INFO -  - 测试集Precision：0.9545
2025-11-29 10:50:15 - INFO -  - 测试集Recall：0.9545
2025-11-29 10:50:15 - INFO -  - 测试集F1：0.9545
2025-11-29 10:50:15 - INFO -  - 最佳模型路径：model_comparison_results\best_models\vgg16_best.pth
2025-11-29 10:50:15 - INFO -  - 日志文件路径：model_comparison_results\logs\vgg16_train_20251129_095914.log
2025-11-29 10:50:15 - INFO - ============================================================
